#
# There is insufficient memory for the Java Runtime Environment to continue.
# Native memory allocation (malloc) failed to allocate 1290032 bytes for Chunk::new
# Possible reasons:
#   The system is out of physical RAM or swap space
#   The process is running with CompressedOops enabled, and the Java Heap may be blocking the growth of the native heap
# Possible solutions:
#   Reduce memory load on the system
#   Increase physical memory or swap space
#   Check if swap backing store is full
#   Decrease Java heap size (-Xmx/-Xms)
#   Decrease number of Java threads
#   Decrease Java thread stack sizes (-Xss)
#   Set larger code cache with -XX:ReservedCodeCacheSize=
#   JVM is running with Unscaled Compressed Oops mode in which the Java heap is
#     placed in the first 4GB address space. The Java Heap base address is the
#     maximum limit for the native heap growth. Please use -XX:HeapBaseMinAddress
#     to set the Java Heap base and to place the Java Heap above 4GB virtual address.
# This output file may be truncated or incomplete.
#
#  Out of Memory Error (allocation.cpp:389), pid=28588, tid=0x0000000000007fb8
#
# JRE version: Java(TM) SE Runtime Environment (8.0_261-b12) (build 1.8.0_261-b12)
# Java VM: Java HotSpot(TM) 64-Bit Server VM (25.261-b12 mixed mode windows-amd64 compressed oops)
# Failed to write core dump. Minidumps are not enabled by default on client versions of Windows
#

---------------  T H R E A D  ---------------

Current thread (0x000001dab6a4d000):  JavaThread "C2 CompilerThread0" daemon [_thread_in_native, id=32696, stack(0x000000c7ce900000,0x000000c7cea00000)]

Stack: [0x000000c7ce900000,0x000000c7cea00000]
Native frames: (J=compiled Java code, j=interpreted, Vv=VM code, C=native code)
V  [jvm.dll+0x33e5f9]
V  [jvm.dll+0x2850e2]
V  [jvm.dll+0x285d8d]
V  [jvm.dll+0x27c895]
V  [jvm.dll+0xe4d6c]
V  [jvm.dll+0xe556c]
V  [jvm.dll+0x47ed35]
V  [jvm.dll+0x446900]
V  [jvm.dll+0x44f8f5]
V  [jvm.dll+0x44ecb5]
V  [jvm.dll+0x439bc7]
V  [jvm.dll+0xbbbcb]
V  [jvm.dll+0xba22b]
V  [jvm.dll+0x24d962]
V  [jvm.dll+0x2a1cfc]
C  [ucrtbase.dll+0x210b2]
C  [KERNEL32.DLL+0x17c24]
C  [ntdll.dll+0x6d4d1]


Current CompileTask:
C2:   7325 6683       4       sun.reflect.generics.parser.SignatureParser::parseFieldTypeSignature (73 bytes)


---------------  P R O C E S S  ---------------

Java Threads: ( => current thread )
  0x000001dabbd91800 JavaThread "Memory manager" [_thread_blocked, id=33972, stack(0x000000c7d6600000,0x000000c7d6700000)]
  0x000001dabbd92000 JavaThread "Cache worker for execution history cache (E:\Android\NavInfo\Client\Demo\Client_AnimationTest\.gradle\6.5\executionHistory)" [_thread_blocked, id=30636, stack(0x000000c7d6b00000,0x000000c7d6c00000)]
  0x000001dabdf8a000 JavaThread "jar transforms Thread 92" [_thread_blocked, id=34160, stack(0x000000c7d6500000,0x000000c7d6600000)]
  0x000001dabdf8a800 JavaThread "jar transforms Thread 91" [_thread_blocked, id=30944, stack(0x000000c7d6400000,0x000000c7d6500000)]
  0x000001dabdf87800 JavaThread "jar transforms Thread 90" [_thread_blocked, id=6476, stack(0x000000c7d6300000,0x000000c7d6400000)]
  0x000001dabdf87000 JavaThread "jar transforms Thread 89" [_thread_blocked, id=8156, stack(0x000000c7d6200000,0x000000c7d6300000)]
  0x000001dabdf7d800 JavaThread "jar transforms Thread 88" [_thread_blocked, id=12144, stack(0x000000c7d6100000,0x000000c7d6200000)]
  0x000001dabdf81800 JavaThread "jar transforms Thread 87" [_thread_blocked, id=9168, stack(0x000000c7d6000000,0x000000c7d6100000)]
  0x000001dabdf80800 JavaThread "jar transforms Thread 86" [_thread_blocked, id=2516, stack(0x000000c7d5f00000,0x000000c7d6000000)]
  0x000001dabdf84800 JavaThread "jar transforms Thread 85" [_thread_blocked, id=30756, stack(0x000000c7d5e00000,0x000000c7d5f00000)]
  0x000001dabdf7d000 JavaThread "jar transforms Thread 84" [_thread_blocked, id=32540, stack(0x000000c7d5d00000,0x000000c7d5e00000)]
  0x000001dabdf83000 JavaThread "jar transforms Thread 83" [_thread_blocked, id=32264, stack(0x000000c7d5c00000,0x000000c7d5d00000)]
  0x000001dabdf7f000 JavaThread "jar transforms Thread 82" [_thread_blocked, id=23144, stack(0x000000c7d5b00000,0x000000c7d5c00000)]
  0x000001dabdf84000 JavaThread "jar transforms Thread 81" [_thread_blocked, id=31288, stack(0x000000c7d5a00000,0x000000c7d5b00000)]
  0x000001dabdf7e800 JavaThread "jar transforms Thread 80" [_thread_blocked, id=33648, stack(0x000000c7d5900000,0x000000c7d5a00000)]
  0x000001dabdf82800 JavaThread "jar transforms Thread 79" [_thread_blocked, id=32320, stack(0x000000c7d5800000,0x000000c7d5900000)]
  0x000001dabdf80000 JavaThread "jar transforms Thread 78" [_thread_blocked, id=32120, stack(0x000000c7d5700000,0x000000c7d5800000)]
  0x000001dabdf7c000 JavaThread "jar transforms Thread 77" [_thread_blocked, id=840, stack(0x000000c7d5600000,0x000000c7d5700000)]
  0x000001daba533800 JavaThread "jar transforms Thread 76" [_thread_blocked, id=14868, stack(0x000000c7d5500000,0x000000c7d5600000)]
  0x000001daba533000 JavaThread "jar transforms Thread 75" [_thread_blocked, id=20460, stack(0x000000c7d5400000,0x000000c7d5500000)]
  0x000001daba532000 JavaThread "jar transforms Thread 74" [_thread_blocked, id=33900, stack(0x000000c7d5300000,0x000000c7d5400000)]
  0x000001daba531800 JavaThread "jar transforms Thread 73" [_thread_blocked, id=25052, stack(0x000000c7d5200000,0x000000c7d5300000)]
  0x000001daba534800 JavaThread "jar transforms Thread 72" [_thread_blocked, id=33584, stack(0x000000c7d5100000,0x000000c7d5200000)]
  0x000001daba530800 JavaThread "jar transforms Thread 71" [_thread_blocked, id=31328, stack(0x000000c7d5000000,0x000000c7d5100000)]
  0x000001daba530000 JavaThread "jar transforms Thread 70" [_thread_blocked, id=32336, stack(0x000000c7d4f00000,0x000000c7d5000000)]
  0x000001daba528800 JavaThread "jar transforms Thread 69" [_thread_blocked, id=19804, stack(0x000000c7d4e00000,0x000000c7d4f00000)]
  0x000001daba529000 JavaThread "jar transforms Thread 68" [_thread_blocked, id=30088, stack(0x000000c7d4d00000,0x000000c7d4e00000)]
  0x000001daba52f000 JavaThread "jar transforms Thread 67" [_thread_blocked, id=28432, stack(0x000000c7d4c00000,0x000000c7d4d00000)]
  0x000001daba527800 JavaThread "jar transforms Thread 66" [_thread_blocked, id=33732, stack(0x000000c7d4b00000,0x000000c7d4c00000)]
  0x000001daba52e800 JavaThread "jar transforms Thread 65" [_thread_blocked, id=26664, stack(0x000000c7d4a00000,0x000000c7d4b00000)]
  0x000001daba527000 JavaThread "jar transforms Thread 64" [_thread_blocked, id=27380, stack(0x000000c7d4900000,0x000000c7d4a00000)]
  0x000001daba52d800 JavaThread "jar transforms Thread 63" [_thread_blocked, id=32764, stack(0x000000c7d4800000,0x000000c7d4900000)]
  0x000001daba52a000 JavaThread "jar transforms Thread 62" [_thread_blocked, id=2388, stack(0x000000c7d4700000,0x000000c7d4800000)]
  0x000001daba52a800 JavaThread "jar transforms Thread 61" [_thread_blocked, id=31148, stack(0x000000c7d4600000,0x000000c7d4700000)]
  0x000001daba526000 JavaThread "jar transforms Thread 60" [_thread_blocked, id=33356, stack(0x000000c7d4500000,0x000000c7d4600000)]
  0x000001daba52d000 JavaThread "jar transforms Thread 59" [_thread_blocked, id=32232, stack(0x000000c7d4400000,0x000000c7d4500000)]
  0x000001daba525800 JavaThread "jar transforms Thread 58" [_thread_blocked, id=32452, stack(0x000000c7d4300000,0x000000c7d4400000)]
  0x000001daba52c000 JavaThread "jar transforms Thread 57" [_thread_blocked, id=24340, stack(0x000000c7d4200000,0x000000c7d4300000)]
  0x000001daba52b800 JavaThread "jar transforms Thread 56" [_thread_blocked, id=12672, stack(0x000000c7d4100000,0x000000c7d4200000)]
  0x000001dabe461000 JavaThread "jar transforms Thread 55" [_thread_blocked, id=22756, stack(0x000000c7d4000000,0x000000c7d4100000)]
  0x000001dabe460800 JavaThread "jar transforms Thread 54" [_thread_blocked, id=26964, stack(0x000000c7d3f00000,0x000000c7d4000000)]
  0x000001dabe45f800 JavaThread "jar transforms Thread 53" [_thread_blocked, id=1640, stack(0x000000c7d3e00000,0x000000c7d3f00000)]
  0x000001dabe45f000 JavaThread "jar transforms Thread 52" [_thread_blocked, id=34676, stack(0x000000c7d3d00000,0x000000c7d3e00000)]
  0x000001dabe463800 JavaThread "jar transforms Thread 51" [_thread_blocked, id=28328, stack(0x000000c7d3c00000,0x000000c7d3d00000)]
  0x000001dabe45d800 JavaThread "jar transforms Thread 50" [_thread_blocked, id=22792, stack(0x000000c7d3b00000,0x000000c7d3c00000)]
  0x000001dabe464000 JavaThread "jar transforms Thread 49" [_thread_blocked, id=33372, stack(0x000000c7d3a00000,0x000000c7d3b00000)]
  0x000001dabe462000 JavaThread "jar transforms Thread 48" [_thread_blocked, id=14212, stack(0x000000c7d3900000,0x000000c7d3a00000)]
  0x000001dabe45e000 JavaThread "jar transforms Thread 47" [_thread_blocked, id=17376, stack(0x000000c7d3800000,0x000000c7d3900000)]
  0x000001dabe462800 JavaThread "jar transforms Thread 46" [_thread_blocked, id=34520, stack(0x000000c7d3700000,0x000000c7d3800000)]
  0x000001dabe456000 JavaThread "jar transforms Thread 45" [_thread_blocked, id=33280, stack(0x000000c7d3600000,0x000000c7d3700000)]
  0x000001dabe45c800 JavaThread "jar transforms Thread 44" [_thread_blocked, id=21284, stack(0x000000c7d3500000,0x000000c7d3600000)]
  0x000001dabe455000 JavaThread "jar transforms Thread 43" [_thread_blocked, id=30572, stack(0x000000c7d3400000,0x000000c7d3500000)]
  0x000001dabe45c000 JavaThread "jar transforms Thread 42" [_thread_blocked, id=33332, stack(0x000000c7d3300000,0x000000c7d3400000)]
  0x000001dabe45b000 JavaThread "jar transforms Thread 41" [_thread_blocked, id=34084, stack(0x000000c7d3200000,0x000000c7d3300000)]
  0x000001dabe459800 JavaThread "jar transforms Thread 40" [_thread_blocked, id=32400, stack(0x000000c7d3100000,0x000000c7d3200000)]
  0x000001dabe459000 JavaThread "jar transforms Thread 39" [_thread_blocked, id=26892, stack(0x000000c7d3000000,0x000000c7d3100000)]
  0x000001dabe458000 JavaThread "jar transforms Thread 38" [_thread_blocked, id=12568, stack(0x000000c7d2f00000,0x000000c7d3000000)]
  0x000001dabe45a800 JavaThread "jar transforms Thread 37" [_thread_blocked, id=34104, stack(0x000000c7d2e00000,0x000000c7d2f00000)]
  0x000001dabe456800 JavaThread "jar transforms Thread 36" [_thread_blocked, id=31848, stack(0x000000c7d2d00000,0x000000c7d2e00000)]
  0x000001dabe457800 JavaThread "jar transforms Thread 35" [_thread_blocked, id=25560, stack(0x000000c7d2c00000,0x000000c7d2d00000)]
  0x000001dabc30e000 JavaThread "jar transforms Thread 34" [_thread_blocked, id=31216, stack(0x000000c7d2b00000,0x000000c7d2c00000)]
  0x000001dabc311000 JavaThread "jar transforms Thread 33" [_thread_blocked, id=26068, stack(0x000000c7d2a00000,0x000000c7d2b00000)]
  0x000001dabc30f000 JavaThread "jar transforms Thread 32" [_thread_blocked, id=23612, stack(0x000000c7d2900000,0x000000c7d2a00000)]
  0x000001dabc30d800 JavaThread "jar transforms Thread 31" [_thread_blocked, id=10932, stack(0x000000c7d2800000,0x000000c7d2900000)]
  0x000001dabc30c800 JavaThread "jar transforms Thread 30" [_thread_blocked, id=21932, stack(0x000000c7d2700000,0x000000c7d2800000)]
  0x000001dabc30f800 JavaThread "jar transforms Thread 29" [_thread_blocked, id=24988, stack(0x000000c7d2600000,0x000000c7d2700000)]
  0x000001dabc310800 JavaThread "jar transforms Thread 28" [_thread_blocked, id=31828, stack(0x000000c7d2500000,0x000000c7d2600000)]
  0x000001dabc305000 JavaThread "jar transforms Thread 27" [_thread_blocked, id=23996, stack(0x000000c7d2400000,0x000000c7d2500000)]
  0x000001dabc30c000 JavaThread "jar transforms Thread 26" [_thread_blocked, id=22196, stack(0x000000c7d2300000,0x000000c7d2400000)]
  0x000001dabc30b000 JavaThread "Build operations Thread 6" [_thread_blocked, id=23820, stack(0x000000c7d2200000,0x000000c7d2300000)]
  0x000001dabc30a800 JavaThread "Build operations Thread 5" [_thread_blocked, id=33964, stack(0x000000c7d2100000,0x000000c7d2200000)]
  0x000001dabc309800 JavaThread "Build operations Thread 4" [_thread_blocked, id=30564, stack(0x000000c7d2000000,0x000000c7d2100000)]
  0x000001dabc302000 JavaThread "Build operations Thread 3" [_thread_blocked, id=32092, stack(0x000000c7d1f00000,0x000000c7d2000000)]
  0x000001dabc304800 JavaThread "Build operations Thread 2" [_thread_blocked, id=34304, stack(0x000000c7d1e00000,0x000000c7d1f00000)]
  0x000001dabc309000 JavaThread "Build operations" [_thread_blocked, id=34740, stack(0x000000c7d1d00000,0x000000c7d1e00000)]
  0x000001dabc303000 JavaThread "Cache worker for Build Output Cleanup Cache (E:\Android\NavInfo\Client\Demo\Client_AnimationTest\.gradle\buildOutputCleanup)" [_thread_blocked, id=26696, stack(0x000000c7d1c00000,0x000000c7d1d00000)]
  0x000001dabc307800 JavaThread "Cache worker for file content cache (C:\Users\a\.gradle\wrapper\dists\gradle-6.1.1-all\cfmwm155h49vnt3hynmlrsdst\gradle-6.1.1\bin\caches\6.5\fileContent)" [_thread_blocked, id=11764, stack(0x000000c7d1b00000,0x000000c7d1c00000)]
  0x000001dabc306800 JavaThread "Cache worker for execution history cache (C:\Users\a\.gradle\wrapper\dists\gradle-6.1.1-all\cfmwm155h49vnt3hynmlrsdst\gradle-6.1.1\bin\caches\6.5\executionHistory)" [_thread_blocked, id=17192, stack(0x000000c7d1a00000,0x000000c7d1b00000)]
  0x000001dabc308000 JavaThread "Cache worker for cache directory md-rule (C:\Users\a\.gradle\wrapper\dists\gradle-6.1.1-all\cfmwm155h49vnt3hynmlrsdst\gradle-6.1.1\bin\caches\6.5\md-rule)" [_thread_blocked, id=29580, stack(0x000000c7d1900000,0x000000c7d1a00000)]
  0x000001dabaab3800 JavaThread "Cache worker for cache directory md-supplier (C:\Users\a\.gradle\wrapper\dists\gradle-6.1.1-all\cfmwm155h49vnt3hynmlrsdst\gradle-6.1.1\bin\caches\6.5\md-supplier)" [_thread_blocked, id=27532, stack(0x000000c7d1800000,0x000000c7d1900000)]
  0x000001dabaaaf800 JavaThread "Cache worker for checksums cache (E:\Android\NavInfo\Client\Demo\Client_AnimationTest\.gradle\checksums)" [_thread_blocked, id=32388, stack(0x000000c7d1700000,0x000000c7d1800000)]
  0x000001dabaab3000 JavaThread "jar transforms Thread 25" [_thread_blocked, id=26564, stack(0x000000c7d1600000,0x000000c7d1700000)]
  0x000001dabaaab000 JavaThread "jar transforms Thread 24" [_thread_blocked, id=33716, stack(0x000000c7d1500000,0x000000c7d1600000)]
  0x000001dabaaaf000 JavaThread "jar transforms Thread 23" [_thread_blocked, id=34716, stack(0x000000c7d1400000,0x000000c7d1500000)]
  0x000001dabaaad800 JavaThread "jar transforms Thread 22" [_thread_blocked, id=7824, stack(0x000000c7d1300000,0x000000c7d1400000)]
  0x000001dabaab2000 JavaThread "jar transforms Thread 21" [_thread_blocked, id=21636, stack(0x000000c7d1200000,0x000000c7d1300000)]
  0x000001dabaaaa800 JavaThread "jar transforms Thread 20" [_thread_blocked, id=14432, stack(0x000000c7d1100000,0x000000c7d1200000)]
  0x000001dabaab1000 JavaThread "jar transforms Thread 19" [_thread_blocked, id=34804, stack(0x000000c7d1000000,0x000000c7d1100000)]
  0x000001dabaaac000 JavaThread "jar transforms Thread 18" [_thread_blocked, id=31168, stack(0x000000c7d0f00000,0x000000c7d1000000)]
  0x000001dabaaac800 JavaThread "jar transforms Thread 17" [_thread_blocked, id=17164, stack(0x000000c7d0e00000,0x000000c7d0f00000)]
  0x000001dabaaae000 JavaThread "jar transforms Thread 16" [_thread_blocked, id=22188, stack(0x000000c7d0d00000,0x000000c7d0e00000)]
  0x000001dabaab0800 JavaThread "jar transforms Thread 15" [_thread_blocked, id=15592, stack(0x000000c7d0c00000,0x000000c7d0d00000)]
  0x000001dabaaa5000 JavaThread "jar transforms Thread 14" [_thread_blocked, id=12196, stack(0x000000c7d0b00000,0x000000c7d0c00000)]
  0x000001dabaaa4800 JavaThread "jar transforms Thread 13" [_thread_blocked, id=24844, stack(0x000000c7d0a00000,0x000000c7d0b00000)]
  0x000001dabaaa9800 JavaThread "jar transforms Thread 12" [_thread_blocked, id=34196, stack(0x000000c7d0900000,0x000000c7d0a00000)]
  0x000001dabaaa9000 JavaThread "jar transforms Thread 11" [_thread_blocked, id=18544, stack(0x000000c7d0800000,0x000000c7d0900000)]
  0x000001dabaaa7800 JavaThread "jar transforms Thread 10" [_thread_blocked, id=21700, stack(0x000000c7d0700000,0x000000c7d0800000)]
  0x000001dabaaa6000 JavaThread "jar transforms Thread 9" [_thread_blocked, id=20488, stack(0x000000c7d0600000,0x000000c7d0700000)]
  0x000001dabaaa6800 JavaThread "jar transforms Thread 8" [_thread_blocked, id=19184, stack(0x000000c7d0500000,0x000000c7d0600000)]
  0x000001dabaaa8000 JavaThread "jar transforms Thread 7" [_thread_blocked, id=12512, stack(0x000000c7d0400000,0x000000c7d0500000)]
  0x000001dab94cf800 JavaThread "jar transforms Thread 6" [_thread_blocked, id=33960, stack(0x000000c7d0300000,0x000000c7d0400000)]
  0x000001dab94ce800 JavaThread "jar transforms Thread 5" [_thread_blocked, id=19968, stack(0x000000c7d0200000,0x000000c7d0300000)]
  0x000001dab94ce000 JavaThread "jar transforms Thread 4" [_thread_blocked, id=26260, stack(0x000000c7d0100000,0x000000c7d0200000)]
  0x000001dab94cb000 JavaThread "jar transforms Thread 3" [_thread_blocked, id=14812, stack(0x000000c7d0000000,0x000000c7d0100000)]
  0x000001dab94ca000 JavaThread "jar transforms Thread 2" [_thread_blocked, id=27680, stack(0x000000c7cff00000,0x000000c7d0000000)]
  0x000001dab94cd000 JavaThread "jar transforms" [_thread_blocked, id=33484, stack(0x000000c7cfe00000,0x000000c7cff00000)]
  0x000001dab94d0000 JavaThread "Cache worker for file hash cache (E:\Android\NavInfo\Client\Demo\Client_AnimationTest\.gradle\6.5\fileHashes)" [_thread_blocked, id=33504, stack(0x000000c7cfd00000,0x000000c7cfe00000)]
  0x000001dab94d1000 JavaThread "Cache worker for file hash cache (C:\Users\a\.gradle\wrapper\dists\gradle-6.1.1-all\cfmwm155h49vnt3hynmlrsdst\gradle-6.1.1\bin\caches\6.5\fileHashes)" [_thread_blocked, id=31088, stack(0x000000c7cfc00000,0x000000c7cfd00000)]
  0x000001dab94cc800 JavaThread "File lock request listener" [_thread_in_native, id=34284, stack(0x000000c7cfb00000,0x000000c7cfc00000)]
  0x000001dab94cb800 JavaThread "Cache worker for journal cache (C:\Users\a\.gradle\wrapper\dists\gradle-6.1.1-all\cfmwm155h49vnt3hynmlrsdst\gradle-6.1.1\bin\caches\journal-1)" [_thread_blocked, id=14784, stack(0x000000c7cfa00000,0x000000c7cfb00000)]
  0x000001dab9216000 JavaThread "Thread-9" [_thread_blocked, id=20784, stack(0x000000c7cf900000,0x000000c7cfa00000)]
  0x000001dab91b3000 JavaThread "Stdin handler" [_thread_blocked, id=17436, stack(0x000000c7cf800000,0x000000c7cf900000)]
  0x000001dab91b0000 JavaThread "Asynchronous log dispatcher for DefaultDaemonConnection: socket connection from /127.0.0.1:59598 to /127.0.0.1:59599" [_thread_blocked, id=1912, stack(0x000000c7cf700000,0x000000c7cf800000)]
  0x000001dab91a0000 JavaThread "Daemon worker" [_thread_in_vm, id=23568, stack(0x000000c7cf600000,0x000000c7cf700000)]
  0x000001dab9299800 JavaThread "Cancel handler" [_thread_blocked, id=14800, stack(0x000000c7cf500000,0x000000c7cf600000)]
  0x000001dab9184800 JavaThread "Handler for socket connection from /127.0.0.1:59598 to /127.0.0.1:59599" [_thread_in_native, id=33304, stack(0x000000c7cf400000,0x000000c7cf500000)]
  0x000001dab9184000 JavaThread "Daemon" [_thread_blocked, id=12284, stack(0x000000c7cf300000,0x000000c7cf400000)]
  0x000001dab9130000 JavaThread "Daemon periodic checks" [_thread_blocked, id=23852, stack(0x000000c7cf200000,0x000000c7cf300000)]
  0x000001dab913f000 JavaThread "Incoming local TCP Connector on port 59598" [_thread_in_native, id=9652, stack(0x000000c7cf100000,0x000000c7cf200000)]
  0x000001dab9051800 JavaThread "Daemon health stats" [_thread_blocked, id=33916, stack(0x000000c7cee00000,0x000000c7cef00000)]
  0x000001dab7930800 JavaThread "Service Thread" daemon [_thread_blocked, id=24676, stack(0x000000c7cec00000,0x000000c7ced00000)]
  0x000001dab6a51000 JavaThread "C1 CompilerThread2" daemon [_thread_in_vm, id=33400, stack(0x000000c7ceb00000,0x000000c7cec00000)]
  0x000001dab6a4f000 JavaThread "C2 CompilerThread1" daemon [_thread_in_native, id=29188, stack(0x000000c7cea00000,0x000000c7ceb00000)]
=>0x000001dab6a4d000 JavaThread "C2 CompilerThread0" daemon [_thread_in_native, id=32696, stack(0x000000c7ce900000,0x000000c7cea00000)]
  0x000001dab6a4a000 JavaThread "Attach Listener" daemon [_thread_blocked, id=31476, stack(0x000000c7ce800000,0x000000c7ce900000)]
  0x000001dab6a49800 JavaThread "Signal Dispatcher" daemon [_thread_blocked, id=16532, stack(0x000000c7ce700000,0x000000c7ce800000)]
  0x000001dab603c000 JavaThread "Finalizer" daemon [_thread_blocked, id=31132, stack(0x000000c7ce600000,0x000000c7ce700000)]
  0x000001dab6034800 JavaThread "Reference Handler" daemon [_thread_blocked, id=13448, stack(0x000000c7ce500000,0x000000c7ce600000)]
  0x000001da9fe74000 JavaThread "main" [_thread_blocked, id=31956, stack(0x000000c7cdd00000,0x000000c7cde00000)]

Other Threads:
  0x000001dab69a2800 VMThread [stack: 0x000000c7ce400000,0x000000c7ce500000] [id=32640]
  0x000001dab7949800 WatcherThread [stack: 0x000000c7ced00000,0x000000c7cee00000] [id=32284]

VM state:not at safepoint (normal execution)

VM Mutex/Monitor currently owned by a thread: None

heap address: 0x0000000080000000, size: 2048 MB, Compressed Oops mode: 32-bit
Narrow klass base: 0x0000000000000000, Narrow klass shift: 3
Compressed class space size: 1073741824 Address: 0x0000000100000000

Heap:
 PSYoungGen      total 224768K, used 58678K [0x00000000d5580000, 0x00000000e3f80000, 0x0000000100000000)
  eden space 210432K, 21% used [0x00000000d5580000,0x00000000d80d4478,0x00000000e2300000)
  from space 14336K, 99% used [0x00000000e2300000,0x00000000e30f9498,0x00000000e3100000)
  to   space 14848K, 0% used [0x00000000e3100000,0x00000000e3100000,0x00000000e3f80000)
 ParOldGen       total 152064K, used 43273K [0x0000000080000000, 0x0000000089480000, 0x00000000d5580000)
  object space 152064K, 28% used [0x0000000080000000,0x0000000082a425c0,0x0000000089480000)
 Metaspace       used 72219K, capacity 75272K, committed 75520K, reserved 1114112K
  class space    used 10100K, capacity 10652K, committed 10752K, reserved 1048576K

Card table byte_map: [0x000001dab0c80000,0x000001dab1090000] byte_map_base: 0x000001dab0880000

Marking Bits: (ParMarkBitMap*) 0x0000000077f84fb0
 Begin Bits: [0x000001dab1340000, 0x000001dab3340000)
 End Bits:   [0x000001dab3340000, 0x000001dab5340000)

Polling page: 0x000001daa00b0000

CodeCache: size=245760Kb used=20018Kb max_used=21520Kb free=225741Kb
 bounds [0x000001daa18c0000, 0x000001daa2dd0000, 0x000001dab08c0000]
 total_blobs=6767 nmethods=5947 adapters=732
 compilation: enabled

Compilation events (10 events):
Event: 7.229 Thread 0x000001dab6a51000 6695       3       java.lang.Long::getChars (221 bytes)
Event: 7.229 Thread 0x000001dab6a51000 nmethod 6695 0x000001daa207b950 code [0x000001daa207bb20, 0x000001daa207c198]
Event: 7.231 Thread 0x000001dab6a51000 6696       3       java.nio.Buffer::discardMark (6 bytes)
Event: 7.232 Thread 0x000001dab6a51000 nmethod 6696 0x000001daa1fea850 code [0x000001daa1fea9a0, 0x000001daa1feaaf8]
Event: 7.269 Thread 0x000001dab6a51000 6698       3       java.util.logging.LogManager::getProperty (9 bytes)
Event: 7.269 Thread 0x000001dab6a51000 nmethod 6698 0x000001daa22a5110 code [0x000001daa22a5280, 0x000001daa22a54b0]
Event: 7.291 Thread 0x000001dab6a51000 6700       3       java.lang.reflect.Method::getDefaultValue (81 bytes)
Event: 7.292 Thread 0x000001dab6a51000 nmethod 6700 0x000001daa1a70e90 code [0x000001daa1a71140, 0x000001daa1a724f0]
Event: 7.292 Thread 0x000001dab6a51000 6701       3       sun.misc.ProxyGenerator::addProxyMethod (234 bytes)
Event: 7.293 Thread 0x000001dab6a51000 nmethod 6701 0x000001daa20b59d0 code [0x000001daa20b5d00, 0x000001daa20b7a70]

GC Heap History (10 events):
Event: 3.203 GC heap before
{Heap before GC invocations=8 (full 2):
 PSYoungGen      total 225280K, used 9759K [0x00000000d5580000, 0x00000000e3f80000, 0x0000000100000000)
  eden space 210432K, 0% used [0x00000000d5580000,0x00000000d5580000,0x00000000e2300000)
  from space 14848K, 65% used [0x00000000e3100000,0x00000000e3a87d18,0x00000000e3f80000)
  to   space 14336K, 0% used [0x00000000e2300000,0x00000000e2300000,0x00000000e3100000)
 ParOldGen       total 98304K, used 11313K [0x0000000080000000, 0x0000000086000000, 0x00000000d5580000)
  object space 98304K, 11% used [0x0000000080000000,0x0000000080b0c560,0x0000000086000000)
 Metaspace       used 33947K, capacity 35312K, committed 35496K, reserved 1079296K
  class space    used 4695K, capacity 5007K, committed 5120K, reserved 1048576K
Event: 3.235 GC heap after
Heap after GC invocations=8 (full 2):
 PSYoungGen      total 225280K, used 0K [0x00000000d5580000, 0x00000000e3f80000, 0x0000000100000000)
  eden space 210432K, 0% used [0x00000000d5580000,0x00000000d5580000,0x00000000e2300000)
  from space 14848K, 0% used [0x00000000e3100000,0x00000000e3100000,0x00000000e3f80000)
  to   space 14336K, 0% used [0x00000000e2300000,0x00000000e2300000,0x00000000e3100000)
 ParOldGen       total 152064K, used 16642K [0x0000000080000000, 0x0000000089480000, 0x00000000d5580000)
  object space 152064K, 10% used [0x0000000080000000,0x0000000081040848,0x0000000089480000)
 Metaspace       used 33947K, capacity 35312K, committed 35496K, reserved 1079296K
  class space    used 4695K, capacity 5007K, committed 5120K, reserved 1048576K
}
Event: 4.562 GC heap before
{Heap before GC invocations=9 (full 2):
 PSYoungGen      total 225280K, used 210432K [0x00000000d5580000, 0x00000000e3f80000, 0x0000000100000000)
  eden space 210432K, 100% used [0x00000000d5580000,0x00000000e2300000,0x00000000e2300000)
  from space 14848K, 0% used [0x00000000e3100000,0x00000000e3100000,0x00000000e3f80000)
  to   space 14336K, 0% used [0x00000000e2300000,0x00000000e2300000,0x00000000e3100000)
 ParOldGen       total 152064K, used 16642K [0x0000000080000000, 0x0000000089480000, 0x00000000d5580000)
  object space 152064K, 10% used [0x0000000080000000,0x0000000081040848,0x0000000089480000)
 Metaspace       used 46702K, capacity 48810K, committed 49152K, reserved 1091584K
  class space    used 6444K, capacity 6865K, committed 6912K, reserved 1048576K
Event: 4.573 GC heap after
Heap after GC invocations=9 (full 2):
 PSYoungGen      total 224768K, used 14330K [0x00000000d5580000, 0x00000000e3f80000, 0x0000000100000000)
  eden space 210432K, 0% used [0x00000000d5580000,0x00000000d5580000,0x00000000e2300000)
  from space 14336K, 99% used [0x00000000e2300000,0x00000000e30fea70,0x00000000e3100000)
  to   space 14848K, 0% used [0x00000000e3100000,0x00000000e3100000,0x00000000e3f80000)
 ParOldGen       total 152064K, used 21514K [0x0000000080000000, 0x0000000089480000, 0x00000000d5580000)
  object space 152064K, 14% used [0x0000000080000000,0x0000000081502938,0x0000000089480000)
 Metaspace       used 46702K, capacity 48810K, committed 49152K, reserved 1091584K
  class space    used 6444K, capacity 6865K, committed 6912K, reserved 1048576K
}
Event: 5.400 GC heap before
{Heap before GC invocations=10 (full 2):
 PSYoungGen      total 224768K, used 144560K [0x00000000d5580000, 0x00000000e3f80000, 0x0000000100000000)
  eden space 210432K, 61% used [0x00000000d5580000,0x00000000dd4ad778,0x00000000e2300000)
  from space 14336K, 99% used [0x00000000e2300000,0x00000000e30fea70,0x00000000e3100000)
  to   space 14848K, 0% used [0x00000000e3100000,0x00000000e3100000,0x00000000e3f80000)
 ParOldGen       total 152064K, used 21514K [0x0000000080000000, 0x0000000089480000, 0x00000000d5580000)
  object space 152064K, 14% used [0x0000000080000000,0x0000000081502938,0x0000000089480000)
 Metaspace       used 56730K, capacity 59042K, committed 59136K, reserved 1099776K
  class space    used 7680K, capacity 8141K, committed 8192K, reserved 1048576K
Event: 5.416 GC heap after
Heap after GC invocations=10 (full 2):
 PSYoungGen      total 225280K, used 14829K [0x00000000d5580000, 0x00000000e3f80000, 0x0000000100000000)
  eden space 210432K, 0% used [0x00000000d5580000,0x00000000d5580000,0x00000000e2300000)
  from space 14848K, 99% used [0x00000000e3100000,0x00000000e3f7b410,0x00000000e3f80000)
  to   space 14336K, 0% used [0x00000000e2300000,0x00000000e2300000,0x00000000e3100000)
 ParOldGen       total 152064K, used 31249K [0x0000000080000000, 0x0000000089480000, 0x00000000d5580000)
  object space 152064K, 20% used [0x0000000080000000,0x0000000081e84630,0x0000000089480000)
 Metaspace       used 56730K, capacity 59042K, committed 59136K, reserved 1099776K
  class space    used 7680K, capacity 8141K, committed 8192K, reserved 1048576K
}
Event: 5.416 GC heap before
{Heap before GC invocations=11 (full 3):
 PSYoungGen      total 225280K, used 14829K [0x00000000d5580000, 0x00000000e3f80000, 0x0000000100000000)
  eden space 210432K, 0% used [0x00000000d5580000,0x00000000d5580000,0x00000000e2300000)
  from space 14848K, 99% used [0x00000000e3100000,0x00000000e3f7b410,0x00000000e3f80000)
  to   space 14336K, 0% used [0x00000000e2300000,0x00000000e2300000,0x00000000e3100000)
 ParOldGen       total 152064K, used 31249K [0x0000000080000000, 0x0000000089480000, 0x00000000d5580000)
  object space 152064K, 20% used [0x0000000080000000,0x0000000081e84630,0x0000000089480000)
 Metaspace       used 56730K, capacity 59042K, committed 59136K, reserved 1099776K
  class space    used 7680K, capacity 8141K, committed 8192K, reserved 1048576K
Event: 5.555 GC heap after
Heap after GC invocations=11 (full 3):
 PSYoungGen      total 225280K, used 0K [0x00000000d5580000, 0x00000000e3f80000, 0x0000000100000000)
  eden space 210432K, 0% used [0x00000000d5580000,0x00000000d5580000,0x00000000e2300000)
  from space 14848K, 0% used [0x00000000e3100000,0x00000000e3100000,0x00000000e3f80000)
  to   space 14336K, 0% used [0x00000000e2300000,0x00000000e2300000,0x00000000e3100000)
 ParOldGen       total 152064K, used 38704K [0x0000000080000000, 0x0000000089480000, 0x00000000d5580000)
  object space 152064K, 25% used [0x0000000080000000,0x00000000825cc2f0,0x0000000089480000)
 Metaspace       used 56671K, capacity 58864K, committed 59136K, reserved 1099776K
  class space    used 7661K, capacity 8116K, committed 8192K, reserved 1048576K
}
Event: 7.053 GC heap before
{Heap before GC invocations=12 (full 3):
 PSYoungGen      total 225280K, used 210432K [0x00000000d5580000, 0x00000000e3f80000, 0x0000000100000000)
  eden space 210432K, 100% used [0x00000000d5580000,0x00000000e2300000,0x00000000e2300000)
  from space 14848K, 0% used [0x00000000e3100000,0x00000000e3100000,0x00000000e3f80000)
  to   space 14336K, 0% used [0x00000000e2300000,0x00000000e2300000,0x00000000e3100000)
 ParOldGen       total 152064K, used 38704K [0x0000000080000000, 0x0000000089480000, 0x00000000d5580000)
  object space 152064K, 25% used [0x0000000080000000,0x00000000825cc2f0,0x0000000089480000)
 Metaspace       used 68912K, capacity 71862K, committed 72192K, reserved 1112064K
  class space    used 9597K, capacity 10164K, committed 10240K, reserved 1048576K
Event: 7.063 GC heap after
Heap after GC invocations=12 (full 3):
 PSYoungGen      total 224768K, used 14309K [0x00000000d5580000, 0x00000000e3f80000, 0x0000000100000000)
  eden space 210432K, 0% used [0x00000000d5580000,0x00000000d5580000,0x00000000e2300000)
  from space 14336K, 99% used [0x00000000e2300000,0x00000000e30f9498,0x00000000e3100000)
  to   space 14848K, 0% used [0x00000000e3100000,0x00000000e3100000,0x00000000e3f80000)
 ParOldGen       total 152064K, used 43273K [0x0000000080000000, 0x0000000089480000, 0x00000000d5580000)
  object space 152064K, 28% used [0x0000000080000000,0x0000000082a425c0,0x0000000089480000)
 Metaspace       used 68912K, capacity 71862K, committed 72192K, reserved 1112064K
  class space    used 9597K, capacity 10164K, committed 10240K, reserved 1048576K
}

Deoptimization events (10 events):
Event: 7.010 Thread 0x000001dab91a0000 Uncommon trap: reason=unstable_if action=reinterpret pc=0x000001daa27540ec method=org.codehaus.groovy.runtime.metaclass.MetaMethodIndex.copyNonPrivateNonNewMetaMethods(Lorg/codehaus/groovy/runtime/metaclass/MetaMethodIndex$Entry;Lorg/codehaus/groovy/runti
Event: 7.010 Thread 0x000001dab91a0000 Uncommon trap: reason=unstable_if action=reinterpret pc=0x000001daa2769f2c method=groovy.lang.MetaClassImpl$1MOPIter.methodNameAction(Ljava/lang/Class;Lorg/codehaus/groovy/runtime/metaclass/MetaMethodIndex$Entry;)V @ 182
Event: 7.030 Thread 0x000001dab91a0000 Uncommon trap: reason=unstable_if action=reinterpret pc=0x000001daa2ccd1b8 method=java.lang.Class$MethodArray.removeLessSpecifics()V @ 25
Event: 7.031 Thread 0x000001dab91a0000 Uncommon trap: reason=unstable_if action=reinterpret pc=0x000001daa274bcc8 method=org.codehaus.groovy.runtime.metaclass.MetaMethodIndex.addMethodToList(Ljava/lang/Object;Lgroovy/lang/MetaMethod;)Ljava/lang/Object; @ 256
Event: 7.067 Thread 0x000001dab603c000 Uncommon trap: reason=unstable_if action=reinterpret pc=0x000001daa2ceb810 method=java.util.HashMap$HashIterator.<init>(Ljava/util/HashMap;)V @ 45
Event: 7.169 Thread 0x000001dab91a0000 Uncommon trap: reason=class_check action=maybe_recompile pc=0x000001daa1fb3854 method=java.lang.Throwable.<init>(Ljava/lang/String;Ljava/lang/Throwable;)V @ 24
Event: 7.212 Thread 0x000001dab91a0000 Uncommon trap: reason=bimorphic action=maybe_recompile pc=0x000001daa294c594 method=java.util.regex.Pattern$5.isSatisfiedBy(I)Z @ 16
Event: 7.212 Thread 0x000001dab91a0000 Uncommon trap: reason=bimorphic action=maybe_recompile pc=0x000001daa294c594 method=java.util.regex.Pattern$5.isSatisfiedBy(I)Z @ 16
Event: 7.212 Thread 0x000001dab91a0000 Uncommon trap: reason=bimorphic action=maybe_recompile pc=0x000001daa294c594 method=java.util.regex.Pattern$5.isSatisfiedBy(I)Z @ 16
Event: 7.212 Thread 0x000001dab91a0000 Uncommon trap: reason=bimorphic action=maybe_recompile pc=0x000001daa294c594 method=java.util.regex.Pattern$5.isSatisfiedBy(I)Z @ 16

Classes redefined (0 events):
No events

Internal exceptions (10 events):
Event: 7.073 Thread 0x000001dab91a0000 Exception <a 'java/lang/ClassNotFoundException': org/gradle/api/plugins/JavaPluginConventionBeanInfo> (0x00000000d5780b58) thrown at [C:\jenkins\workspace\8-2-build-windows-amd64-cygwin\jdk8u261\295\hotspot\src\share\vm\classfile\systemDictionary.cpp, lin
Event: 7.074 Thread 0x000001dab91a0000 Exception <a 'java/lang/ClassNotFoundException': org/gradle/api/plugins/JavaPluginConventionCustomizer> (0x00000000d57aabd8) thrown at [C:\jenkins\workspace\8-2-build-windows-amd64-cygwin\jdk8u261\295\hotspot\src\share\vm\classfile\systemDictionary.cpp, l
Event: 7.074 Thread 0x000001dab91a0000 Exception <a 'java/lang/ClassNotFoundException': org/gradle/api/plugins/internal/DefaultJavaPluginConventionCustomizer> (0x00000000d57fa848) thrown at [C:\jenkins\workspace\8-2-build-windows-amd64-cygwin\jdk8u261\295\hotspot\src\share\vm\classfile\systemD
Event: 7.076 Thread 0x000001dab91a0000 Exception <a 'java/lang/ClassNotFoundException': org/gradle/api/plugins/internal/DefaultBasePluginConventionBeanInfo> (0x00000000d5895988) thrown at [C:\jenkins\workspace\8-2-build-windows-amd64-cygwin\jdk8u261\295\hotspot\src\share\vm\classfile\systemDic
Event: 7.077 Thread 0x000001dab91a0000 Exception <a 'java/lang/ClassNotFoundException': org/gradle/api/plugins/BasePluginConventionBeanInfo> (0x00000000d58bf2a8) thrown at [C:\jenkins\workspace\8-2-build-windows-amd64-cygwin\jdk8u261\295\hotspot\src\share\vm\classfile\systemDictionary.cpp, lin
Event: 7.077 Thread 0x000001dab91a0000 Exception <a 'java/lang/ClassNotFoundException': org/gradle/api/plugins/BasePluginConventionCustomizer> (0x00000000d58e9328) thrown at [C:\jenkins\workspace\8-2-build-windows-amd64-cygwin\jdk8u261\295\hotspot\src\share\vm\classfile\systemDictionary.cpp, l
Event: 7.077 Thread 0x000001dab91a0000 Exception <a 'java/lang/ClassNotFoundException': org/gradle/api/plugins/internal/DefaultBasePluginConventionCustomizer> (0x00000000d5dbb9f0) thrown at [C:\jenkins\workspace\8-2-build-windows-amd64-cygwin\jdk8u261\295\hotspot\src\share\vm\classfile\systemD
Event: 7.202 Thread 0x000001dab91a0000 Exception <a 'sun/nio/fs/WindowsException'> (0x00000000d6c8f598) thrown at [C:\jenkins\workspace\8-2-build-windows-amd64-cygwin\jdk8u261\295\hotspot\src\share\vm\prims\jni.cpp, line 710]
Event: 7.231 Thread 0x000001dab91a0000 Exception <a 'java/lang/ClassNotFoundException': com/sun/org/glassfish/hk2/osgiresourcelocator/ServiceLoader> (0x00000000d704ee10) thrown at [C:\jenkins\workspace\8-2-build-windows-amd64-cygwin\jdk8u261\295\hotspot\src\share\vm\classfile\systemDictionary.
Event: 7.262 Thread 0x000001dab91a0000 Exception <a 'java/lang/NullPointerException'> (0x00000000d74cbb08) thrown at [C:\jenkins\workspace\8-2-build-windows-amd64-cygwin\jdk8u261\295\hotspot\src\share\vm\interpreter\linkResolver.cpp, line 1287]

Events (10 events):
Event: 7.307 loading class com/sun/xml/bind/v2/model/impl/ClassInfoImpl$1
Event: 7.307 loading class com/sun/xml/bind/v2/model/impl/ClassInfoImpl$1 done
Event: 7.307 loading class com/sun/xml/bind/v2/model/core/PropertyKind
Event: 7.307 loading class com/sun/xml/bind/v2/model/core/PropertyKind done
Event: 7.308 loading class com/sun/xml/bind/v2/model/impl/TypeRefImpl
Event: 7.308 loading class com/sun/xml/bind/v2/model/impl/TypeRefImpl done
Event: 7.308 loading class com/sun/xml/bind/v2/model/core/TypeRef
Event: 7.308 loading class com/sun/xml/bind/v2/model/core/TypeRef done
Event: 7.308 loading class com/sun/xml/bind/v2/model/impl/RuntimeTypeRefImpl
Event: 7.308 loading class com/sun/xml/bind/v2/model/impl/RuntimeTypeRefImpl done


Dynamic libraries:
0x00007ff62ad00000 - 0x00007ff62ad47000 	D:\Language\Java\dk1.8.0_261\bin\java.exe
0x00007ffe0a5c0000 - 0x00007ffe0a7b0000 	C:\WINDOWS\SYSTEM32\ntdll.dll
0x00007ffe08de0000 - 0x00007ffe08e92000 	C:\WINDOWS\System32\KERNEL32.DLL
0x00007ffe07610000 - 0x00007ffe078b5000 	C:\WINDOWS\System32\KERNELBASE.dll
0x00007ffe086a0000 - 0x00007ffe08743000 	C:\WINDOWS\System32\ADVAPI32.dll
0x00007ffe0a070000 - 0x00007ffe0a10e000 	C:\WINDOWS\System32\msvcrt.dll
0x00007ffe08bf0000 - 0x00007ffe08c87000 	C:\WINDOWS\System32\sechost.dll
0x00007ffe0a110000 - 0x00007ffe0a230000 	C:\WINDOWS\System32\RPCRT4.dll
0x00007ffe09580000 - 0x00007ffe09714000 	C:\WINDOWS\System32\USER32.dll
0x00007ffe07c00000 - 0x00007ffe07c21000 	C:\WINDOWS\System32\win32u.dll
0x00007ffe09480000 - 0x00007ffe094a6000 	C:\WINDOWS\System32\GDI32.dll
0x00007ffe078c0000 - 0x00007ffe07a56000 	C:\WINDOWS\System32\gdi32full.dll
0x00007ffe085d0000 - 0x00007ffe0866e000 	C:\WINDOWS\System32\msvcp_win.dll
0x00007ffe084d0000 - 0x00007ffe085ca000 	C:\WINDOWS\System32\ucrtbase.dll
0x00007ffde8ab0000 - 0x00007ffde8d34000 	C:\WINDOWS\WinSxS\amd64_microsoft.windows.common-controls_6595b64144ccf1df_6.0.18362.1256_none_9e7e379be45e40e2\COMCTL32.dll
0x00007ffe087d0000 - 0x00007ffe08b06000 	C:\WINDOWS\System32\combase.dll
0x00007ffe07580000 - 0x00007ffe07601000 	C:\WINDOWS\System32\bcryptPrimitives.dll
0x00007ffe08670000 - 0x00007ffe0869e000 	C:\WINDOWS\System32\IMM32.DLL
0x00007ffdfafc0000 - 0x00007ffdfafd5000 	D:\Language\Java\dk1.8.0_261\jre\bin\vcruntime140.dll
0x00007ffde3d10000 - 0x00007ffde3dab000 	D:\Language\Java\dk1.8.0_261\jre\bin\msvcp140.dll
0x0000000077790000 - 0x0000000077ffc000 	D:\Language\Java\dk1.8.0_261\jre\bin\server\jvm.dll
0x00007ffe09470000 - 0x00007ffe09478000 	C:\WINDOWS\System32\PSAPI.DLL
0x00007ffe06fe0000 - 0x00007ffe06fea000 	C:\WINDOWS\SYSTEM32\VERSION.dll
0x00007ffdfc700000 - 0x00007ffdfc709000 	C:\WINDOWS\SYSTEM32\WSOCK32.dll
0x00007ffdf9ef0000 - 0x00007ffdf9f14000 	C:\WINDOWS\SYSTEM32\WINMM.dll
0x00007ffe094b0000 - 0x00007ffe0951f000 	C:\WINDOWS\System32\WS2_32.dll
0x00007ffdffba0000 - 0x00007ffdffbcd000 	C:\WINDOWS\SYSTEM32\winmmbase.dll
0x00007ffe07530000 - 0x00007ffe0757a000 	C:\WINDOWS\System32\cfgmgr32.dll
0x00007ffe074c0000 - 0x00007ffe074d1000 	C:\WINDOWS\System32\kernel.appcore.dll
0x00007ffdfafb0000 - 0x00007ffdfafc0000 	D:\Language\Java\dk1.8.0_261\jre\bin\verify.dll
0x00007ffdf0b30000 - 0x00007ffdf0b5b000 	D:\Language\Java\dk1.8.0_261\jre\bin\java.dll
0x00007ffdfa260000 - 0x00007ffdfa278000 	D:\Language\Java\dk1.8.0_261\jre\bin\zip.dll
0x00007ffe097c0000 - 0x00007ffe09ea7000 	C:\WINDOWS\System32\SHELL32.dll
0x00007ffe09eb0000 - 0x00007ffe09f59000 	C:\WINDOWS\System32\shcore.dll
0x00007ffe07c90000 - 0x00007ffe08411000 	C:\WINDOWS\System32\windows.storage.dll
0x00007ffe074e0000 - 0x00007ffe07503000 	C:\WINDOWS\System32\profapi.dll
0x00007ffe07470000 - 0x00007ffe074ba000 	C:\WINDOWS\System32\powrprof.dll
0x00007ffe07460000 - 0x00007ffe07470000 	C:\WINDOWS\System32\UMPDC.dll
0x00007ffe09520000 - 0x00007ffe09572000 	C:\WINDOWS\System32\shlwapi.dll
0x00007ffe07bb0000 - 0x00007ffe07bc7000 	C:\WINDOWS\System32\cryptsp.dll
0x00007ffdf5900000 - 0x00007ffdf591c000 	D:\Language\Java\dk1.8.0_261\jre\bin\net.dll
0x00007ffe06be0000 - 0x00007ffe06c47000 	C:\WINDOWS\system32\mswsock.dll
0x00007ffdf5870000 - 0x00007ffdf5883000 	D:\Language\Java\dk1.8.0_261\jre\bin\nio.dll
0x00007ffdee480000 - 0x00007ffdee4a7000 	C:\Users\a\.gradle\wrapper\dists\gradle-6.1.1-all\cfmwm155h49vnt3hynmlrsdst\gradle-6.1.1\bin\native\f6784746aeab05261644944871eae4fe03e0ef1612fff0a4a95f87b438bc6780\windows-amd64\native-platform.dll
0x00007ffdfafa0000 - 0x00007ffdfafad000 	D:\Language\Java\dk1.8.0_261\jre\bin\management.dll
0x00007ffe06750000 - 0x00007ffe06783000 	C:\WINDOWS\system32\rsaenh.dll
0x00007ffe07bd0000 - 0x00007ffe07bf6000 	C:\WINDOWS\System32\bcrypt.dll
0x00007ffe07340000 - 0x00007ffe07365000 	C:\WINDOWS\SYSTEM32\USERENV.dll
0x00007ffe06db0000 - 0x00007ffe06dbc000 	C:\WINDOWS\SYSTEM32\CRYPTBASE.dll
0x00007ffe068f0000 - 0x00007ffe0692a000 	C:\WINDOWS\SYSTEM32\IPHLPAPI.DLL
0x00007ffe09720000 - 0x00007ffe09728000 	C:\WINDOWS\System32\NSI.dll
0x00007ffe02940000 - 0x00007ffe02956000 	C:\WINDOWS\SYSTEM32\dhcpcsvc6.DLL
0x00007ffe028b0000 - 0x00007ffe028cc000 	C:\WINDOWS\SYSTEM32\dhcpcsvc.DLL
0x00007ffe06930000 - 0x00007ffe069fb000 	C:\WINDOWS\SYSTEM32\DNSAPI.dll
0x00007ffe02a00000 - 0x00007ffe02a0b000 	C:\WINDOWS\SYSTEM32\WINNSI.DLL
0x00007ffe03220000 - 0x00007ffe03414000 	C:\WINDOWS\SYSTEM32\dbghelp.dll

VM Arguments:
jvm_args: -Xmx2048m -Dfile.encoding=UTF-8 -Duser.country=CN -Duser.language=zh -Duser.variant 
java_command: org.gradle.launcher.daemon.bootstrap.GradleDaemon 6.5
java_class_path (initial): C:\Users\a\.gradle\wrapper\dists\gradle-6.1.1-all\cfmwm155h49vnt3hynmlrsdst\gradle-6.1.1\bin\wrapper\dists\gradle-6.5-bin\6nifqtx7604sqp1q6g8wikw7p\gradle-6.5\lib\gradle-launcher-6.5.jar
Launcher Type: SUN_STANDARD

Environment Variables:
JAVA_HOME=D:\Language\Java\dk1.8.0_261
PATH=C:\Program Files (x86)\Common Files\Oracle\Java\javapath;C:\ProgramData\Oracle\Java\javapath;C:\WINDOWS\system32;C:\WINDOWS;C:\WINDOWS\System32\Wbem;C:\WINDOWS\System32\WindowsPowerShell\v1.0\;C:\WINDOWS\System32\OpenSSH\;D:\Language\Java\dk1.8.0_261\bin;D:\Language\Java\dk1.8.0_261\jre\bin;D:\SoftWare\WorkSoftware\Git\Git\Git\bin;D:\SoftWare\WorkSoftware\Git\TortoiseGit\bin;D:\Language\Python\python-3.8.5-embed-amd64;D:\SoftWare\WorkSoftware\Svn\bin;C:\Users\a\.gradle\wrapper\dists\gradle-6.5-all\2oz4ud9k3tuxjg84bbf55q0tn\gradle-6.5\bin;E:\Jenkins;D:\SoftWare\WorkSoftware\MySql\mysql-5.6\bin;D:\SoftWare\WorkSoftware\Sonar\sonar-scanner-4.1\bin;D:\Language\Android\Sdk\platform-tools;C:\Users\a\AppData\Local\Microsoft\WindowsApps;
USERNAME=a
OS=Windows_NT
PROCESSOR_IDENTIFIER=Intel64 Family 6 Model 158 Stepping 10, GenuineIntel



---------------  S Y S T E M  ---------------

OS: Windows 10.0 , 64 bit Build 18362 (10.0.18362.1110)

CPU:total 6 (initial active 6) (6 cores per cpu, 1 threads per core) family 6 model 158 stepping 10, cmov, cx8, fxsr, mmx, sse, sse2, sse3, ssse3, sse4.1, sse4.2, popcnt, avx, avx2, aes, clmul, erms, rtm, 3dnowpref, lzcnt, tsc, tscinvbit, bmi1, bmi2, adx

Memory: 4k page, physical 16635276k(1276656k free), swap 31143048k(5268k free)

vm_info: Java HotSpot(TM) 64-Bit Server VM (25.261-b12) for windows-amd64 JRE (1.8.0_261-b12), built on Jun 18 2020 06:56:32 by "" with unknown MS VC++:1916

time: Mon Dec 21 16:12:48 2020
timezone: ?D1¨²¡À¨º¡Á?¨º¡À??
elapsed time: 7 seconds (0d 0h 0m 7s)

