#
# There is insufficient memory for the Java Runtime Environment to continue.
# Native memory allocation (malloc) failed to allocate 917936 bytes for Chunk::new
# Possible reasons:
#   The system is out of physical RAM or swap space
#   The process is running with CompressedOops enabled, and the Java Heap may be blocking the growth of the native heap
# Possible solutions:
#   Reduce memory load on the system
#   Increase physical memory or swap space
#   Check if swap backing store is full
#   Decrease Java heap size (-Xmx/-Xms)
#   Decrease number of Java threads
#   Decrease Java thread stack sizes (-Xss)
#   Set larger code cache with -XX:ReservedCodeCacheSize=
#   JVM is running with Unscaled Compressed Oops mode in which the Java heap is
#     placed in the first 4GB address space. The Java Heap base address is the
#     maximum limit for the native heap growth. Please use -XX:HeapBaseMinAddress
#     to set the Java Heap base and to place the Java Heap above 4GB virtual address.
# This output file may be truncated or incomplete.
#
#  Out of Memory Error (allocation.cpp:389), pid=24124, tid=0x0000000000008290
#
# JRE version: Java(TM) SE Runtime Environment (8.0_261-b12) (build 1.8.0_261-b12)
# Java VM: Java HotSpot(TM) 64-Bit Server VM (25.261-b12 mixed mode windows-amd64 compressed oops)
# Failed to write core dump. Minidumps are not enabled by default on client versions of Windows
#

---------------  T H R E A D  ---------------

Current thread (0x000001732935e000):  JavaThread "C2 CompilerThread0" daemon [_thread_in_native, id=33424, stack(0x00000030a9f00000,0x00000030aa000000)]

Stack: [0x00000030a9f00000,0x00000030aa000000]
Native frames: (J=compiled Java code, j=interpreted, Vv=VM code, C=native code)
V  [jvm.dll+0x33e5f9]
V  [jvm.dll+0x2850e2]
V  [jvm.dll+0x285d8d]
V  [jvm.dll+0x27c895]
V  [jvm.dll+0xe4d6c]
V  [jvm.dll+0xe556c]
V  [jvm.dll+0x461812]
V  [jvm.dll+0x49cc3d]
V  [jvm.dll+0x4518c1]
V  [jvm.dll+0x44eb84]
V  [jvm.dll+0x439bc7]
V  [jvm.dll+0xbbbcb]
V  [jvm.dll+0xba22b]
V  [jvm.dll+0x24d962]
V  [jvm.dll+0x2a1cfc]
C  [ucrtbase.dll+0x210b2]
C  [KERNEL32.DLL+0x17c24]
C  [ntdll.dll+0x6d4d1]


Current CompileTask:
C2:   7991 7255   !   4       com.sun.org.apache.xerces.internal.impl.XMLDocumentFragmentScannerImpl$FragmentContentDriver::next (2395 bytes)


---------------  P R O C E S S  ---------------

Java Threads: ( => current thread )
  0x000001732ed61800 JavaThread "Cache worker for execution history cache (E:\Android\NavInfo\Client\Demo\Client_AnimationTest\.gradle\6.5\executionHistory)" [_thread_blocked, id=7096, stack(0x00000030b2300000,0x00000030b2400000)]
  0x000001732ed5e000 JavaThread "Execution worker for ':' Thread 5" [_thread_in_native, id=33216, stack(0x00000030b2200000,0x00000030b2300000)]
  0x000001732ed64000 JavaThread "Execution worker for ':' Thread 4" [_thread_blocked, id=34328, stack(0x00000030b2100000,0x00000030b2200000)]
  0x000001732ed63000 JavaThread "Execution worker for ':' Thread 3" [_thread_blocked, id=2676, stack(0x00000030b2000000,0x00000030b2100000)]
  0x000001732ed5d000 JavaThread "Execution worker for ':' Thread 2" [_thread_blocked, id=29324, stack(0x00000030b1f00000,0x00000030b2000000)]
  0x000001732ed61000 JavaThread "Execution worker for ':'" [_thread_blocked, id=11556, stack(0x00000030b1e00000,0x00000030b1f00000)]
  0x000001732d1c8000 JavaThread "Cache worker for file content cache (E:\Android\NavInfo\Client\Demo\Client_AnimationTest\.gradle\6.5\fileContent)" [_thread_blocked, id=13028, stack(0x00000030b1d00000,0x00000030b1e00000)]
  0x000001732d1c7000 JavaThread "Memory manager" [_thread_blocked, id=8008, stack(0x00000030b1c00000,0x00000030b1d00000)]
  0x000001732d1c9800 JavaThread "Cache worker for Build Output Cleanup Cache (E:\Android\NavInfo\Client\Demo\Client_AnimationTest\.gradle\buildOutputCleanup)" [_thread_blocked, id=17868, stack(0x00000030b1b00000,0x00000030b1c00000)]
  0x000001732d1cc800 JavaThread "jar transforms Thread 92" [_thread_blocked, id=10576, stack(0x00000030b1a00000,0x00000030b1b00000)]
  0x000001732d1c8800 JavaThread "jar transforms Thread 91" [_thread_blocked, id=26792, stack(0x00000030b1900000,0x00000030b1a00000)]
  0x000001732d1cb800 JavaThread "jar transforms Thread 90" [_thread_blocked, id=25548, stack(0x00000030b1800000,0x00000030b1900000)]
  0x000001732d1cb000 JavaThread "jar transforms Thread 89" [_thread_blocked, id=22164, stack(0x00000030b1700000,0x00000030b1800000)]
  0x000001732d1ca000 JavaThread "jar transforms Thread 88" [_thread_blocked, id=11976, stack(0x00000030b1600000,0x00000030b1700000)]
  0x000001732d1bf000 JavaThread "jar transforms Thread 87" [_thread_blocked, id=18880, stack(0x00000030b1500000,0x00000030b1600000)]
  0x000001732d1c1000 JavaThread "jar transforms Thread 86" [_thread_blocked, id=16912, stack(0x00000030b1400000,0x00000030b1500000)]
  0x000001732d1c5800 JavaThread "jar transforms Thread 85" [_thread_blocked, id=27448, stack(0x00000030b1300000,0x00000030b1400000)]
  0x000001732d1c0800 JavaThread "jar transforms Thread 84" [_thread_blocked, id=33084, stack(0x00000030b1200000,0x00000030b1300000)]
  0x000001732d1bf800 JavaThread "jar transforms Thread 83" [_thread_blocked, id=20364, stack(0x00000030b1100000,0x00000030b1200000)]
  0x000001732d1be000 JavaThread "jar transforms Thread 82" [_thread_blocked, id=32436, stack(0x00000030b1000000,0x00000030b1100000)]
  0x000001732d1c5000 JavaThread "jar transforms Thread 81" [_thread_blocked, id=30656, stack(0x00000030b0f00000,0x00000030b1000000)]
  0x000001732d1c4000 JavaThread "jar transforms Thread 80" [_thread_blocked, id=23712, stack(0x00000030b0e00000,0x00000030b0f00000)]
  0x000001732d1c2800 JavaThread "jar transforms Thread 79" [_thread_blocked, id=33876, stack(0x00000030b0d00000,0x00000030b0e00000)]
  0x000001732d1c2000 JavaThread "jar transforms Thread 78" [_thread_blocked, id=34204, stack(0x00000030b0c00000,0x00000030b0d00000)]
  0x000001732d1c3800 JavaThread "jar transforms Thread 77" [_thread_blocked, id=22272, stack(0x00000030b0b00000,0x00000030b0c00000)]
  0x0000017330c99000 JavaThread "jar transforms Thread 76" [_thread_blocked, id=31556, stack(0x00000030b0a00000,0x00000030b0b00000)]
  0x0000017330c98000 JavaThread "jar transforms Thread 75" [_thread_blocked, id=10124, stack(0x00000030b0900000,0x00000030b0a00000)]
  0x0000017330c97800 JavaThread "jar transforms Thread 74" [_thread_blocked, id=34732, stack(0x00000030b0800000,0x00000030b0900000)]
  0x0000017330c96800 JavaThread "jar transforms Thread 73" [_thread_blocked, id=32688, stack(0x00000030b0700000,0x00000030b0800000)]
  0x0000017330c8f000 JavaThread "jar transforms Thread 72" [_thread_blocked, id=32752, stack(0x00000030b0600000,0x00000030b0700000)]
  0x0000017330c95000 JavaThread "jar transforms Thread 71" [_thread_blocked, id=10452, stack(0x00000030b0500000,0x00000030b0600000)]
  0x0000017330c94800 JavaThread "jar transforms Thread 70" [_thread_blocked, id=34412, stack(0x00000030b0400000,0x00000030b0500000)]
  0x0000017330c96000 JavaThread "jar transforms Thread 69" [_thread_blocked, id=32072, stack(0x00000030b0300000,0x00000030b0400000)]
  0x0000017330c93800 JavaThread "jar transforms Thread 68" [_thread_blocked, id=25424, stack(0x00000030b0200000,0x00000030b0300000)]
  0x0000017330c93000 JavaThread "jar transforms Thread 67" [_thread_blocked, id=11624, stack(0x00000030b0100000,0x00000030b0200000)]
  0x0000017330c8b000 JavaThread "jar transforms Thread 66" [_thread_blocked, id=27420, stack(0x00000030b0000000,0x00000030b0100000)]
  0x0000017330c8d800 JavaThread "jar transforms Thread 65" [_thread_blocked, id=1484, stack(0x00000030aff00000,0x00000030b0000000)]
  0x0000017330c91800 JavaThread "jar transforms Thread 64" [_thread_blocked, id=30316, stack(0x00000030afe00000,0x00000030aff00000)]
  0x0000017330c90000 JavaThread "jar transforms Thread 63" [_thread_blocked, id=33984, stack(0x00000030afd00000,0x00000030afe00000)]
  0x0000017330c90800 JavaThread "jar transforms Thread 62" [_thread_blocked, id=32784, stack(0x00000030afc00000,0x00000030afd00000)]
  0x0000017330c92000 JavaThread "jar transforms Thread 61" [_thread_blocked, id=32420, stack(0x00000030afb00000,0x00000030afc00000)]
  0x0000017330c8c000 JavaThread "jar transforms Thread 60" [_thread_blocked, id=31656, stack(0x00000030afa00000,0x00000030afb00000)]
  0x0000017330c8e800 JavaThread "jar transforms Thread 59" [_thread_blocked, id=15116, stack(0x00000030af900000,0x00000030afa00000)]
  0x0000017330c89800 JavaThread "jar transforms Thread 58" [_thread_blocked, id=29988, stack(0x00000030af800000,0x00000030af900000)]
  0x0000017330c8a800 JavaThread "jar transforms Thread 57" [_thread_blocked, id=17540, stack(0x00000030af700000,0x00000030af800000)]
  0x0000017330c8c800 JavaThread "jar transforms Thread 56" [_thread_blocked, id=34108, stack(0x00000030af600000,0x00000030af700000)]
  0x0000017330a27800 JavaThread "jar transforms Thread 55" [_thread_blocked, id=33516, stack(0x00000030af500000,0x00000030af600000)]
  0x0000017330a27000 JavaThread "jar transforms Thread 54" [_thread_blocked, id=16848, stack(0x00000030af400000,0x00000030af500000)]
  0x0000017330a26000 JavaThread "jar transforms Thread 53" [_thread_blocked, id=32556, stack(0x00000030af300000,0x00000030af400000)]
  0x0000017330a24000 JavaThread "jar transforms Thread 52" [_thread_blocked, id=33696, stack(0x00000030af200000,0x00000030af300000)]
  0x0000017330a25800 JavaThread "jar transforms Thread 51" [_thread_blocked, id=33592, stack(0x00000030af100000,0x00000030af200000)]
  0x0000017330a24800 JavaThread "jar transforms Thread 50" [_thread_blocked, id=32176, stack(0x00000030af000000,0x00000030af100000)]
  0x0000017330a1c800 JavaThread "jar transforms Thread 49" [_thread_blocked, id=33432, stack(0x00000030aef00000,0x00000030af000000)]
  0x0000017330a23000 JavaThread "jar transforms Thread 48" [_thread_blocked, id=31952, stack(0x00000030aee00000,0x00000030aef00000)]
  0x0000017330a21000 JavaThread "jar transforms Thread 47" [_thread_blocked, id=10696, stack(0x00000030aed00000,0x00000030aee00000)]
  0x0000017330a1f800 JavaThread "jar transforms Thread 46" [_thread_blocked, id=33020, stack(0x00000030aec00000,0x00000030aed00000)]
  0x0000017330a22800 JavaThread "jar transforms Thread 45" [_thread_blocked, id=9696, stack(0x00000030aeb00000,0x00000030aec00000)]
  0x0000017330a21800 JavaThread "jar transforms Thread 44" [_thread_blocked, id=30812, stack(0x00000030aea00000,0x00000030aeb00000)]
  0x0000017330a20000 JavaThread "jar transforms Thread 43" [_thread_blocked, id=20352, stack(0x00000030ae900000,0x00000030aea00000)]
  0x0000017330a18800 JavaThread "jar transforms Thread 42" [_thread_blocked, id=33660, stack(0x00000030ae800000,0x00000030ae900000)]
  0x0000017330a1d000 JavaThread "jar transforms Thread 41" [_thread_blocked, id=34720, stack(0x00000030ae700000,0x00000030ae800000)]
  0x0000017330a1b000 JavaThread "jar transforms Thread 40" [_thread_blocked, id=32032, stack(0x00000030ae600000,0x00000030ae700000)]
  0x0000017330a19000 JavaThread "jar transforms Thread 39" [_thread_blocked, id=23204, stack(0x00000030ae500000,0x00000030ae600000)]
  0x0000017330a1e800 JavaThread "jar transforms Thread 38" [_thread_blocked, id=30140, stack(0x00000030ae400000,0x00000030ae500000)]
  0x0000017330a1e000 JavaThread "jar transforms Thread 37" [_thread_blocked, id=19004, stack(0x00000030ae300000,0x00000030ae400000)]
  0x0000017330a1b800 JavaThread "jar transforms Thread 36" [_thread_blocked, id=30660, stack(0x00000030ae200000,0x00000030ae300000)]
  0x0000017330a1a000 JavaThread "jar transforms Thread 35" [_thread_blocked, id=16704, stack(0x00000030ae100000,0x00000030ae200000)]
  0x000001732e99f800 JavaThread "jar transforms Thread 34" [_thread_blocked, id=28936, stack(0x00000030ae000000,0x00000030ae100000)]
  0x000001732e99e000 JavaThread "jar transforms Thread 33" [_thread_blocked, id=10160, stack(0x00000030adf00000,0x00000030ae000000)]
  0x000001732e99f000 JavaThread "jar transforms Thread 32" [_thread_blocked, id=10624, stack(0x00000030ade00000,0x00000030adf00000)]
  0x000001732e9a2000 JavaThread "jar transforms Thread 31" [_thread_blocked, id=10500, stack(0x00000030add00000,0x00000030ade00000)]
  0x000001732e9a1000 JavaThread "jar transforms Thread 30" [_thread_blocked, id=19208, stack(0x00000030adc00000,0x00000030add00000)]
  0x000001732e99d800 JavaThread "jar transforms Thread 29" [_thread_blocked, id=34752, stack(0x00000030adb00000,0x00000030adc00000)]
  0x000001732e9a0800 JavaThread "jar transforms Thread 28" [_thread_blocked, id=10764, stack(0x00000030ada00000,0x00000030adb00000)]
  0x000001732e996000 JavaThread "jar transforms Thread 27" [_thread_blocked, id=26304, stack(0x00000030ad900000,0x00000030ada00000)]
  0x000001732e99c800 JavaThread "jar transforms Thread 26" [_thread_blocked, id=14568, stack(0x00000030ad800000,0x00000030ad900000)]
  0x000001732e996800 JavaThread "jar transforms Thread 25" [_thread_blocked, id=4360, stack(0x00000030ad700000,0x00000030ad800000)]
  0x000001732e99c000 JavaThread "jar transforms Thread 24" [_thread_blocked, id=26976, stack(0x00000030ad600000,0x00000030ad700000)]
  0x000001732e994800 JavaThread "jar transforms Thread 23" [_thread_blocked, id=23176, stack(0x00000030ad500000,0x00000030ad600000)]
  0x000001732e99b000 JavaThread "jar transforms Thread 22" [_thread_blocked, id=13260, stack(0x00000030ad400000,0x00000030ad500000)]
  0x000001732e99a800 JavaThread "jar transforms Thread 21" [_thread_blocked, id=29960, stack(0x00000030ad300000,0x00000030ad400000)]
  0x000001732e995000 JavaThread "jar transforms Thread 20" [_thread_blocked, id=32644, stack(0x00000030ad200000,0x00000030ad300000)]
  0x000001732e993000 JavaThread "jar transforms Thread 19" [_thread_blocked, id=9680, stack(0x00000030ad100000,0x00000030ad200000)]
  0x000001732e999000 JavaThread "jar transforms Thread 18" [_thread_blocked, id=6604, stack(0x00000030ad000000,0x00000030ad100000)]
  0x000001732e999800 JavaThread "jar transforms Thread 17" [_thread_blocked, id=16612, stack(0x00000030acf00000,0x00000030ad000000)]
  0x000001732e997800 JavaThread "jar transforms Thread 16" [_thread_blocked, id=33936, stack(0x00000030ace00000,0x00000030acf00000)]
  0x000001732e998000 JavaThread "jar transforms Thread 15" [_thread_blocked, id=26804, stack(0x00000030acd00000,0x00000030ace00000)]
  0x000001732e993800 JavaThread "jar transforms Thread 14" [_thread_blocked, id=31124, stack(0x00000030acc00000,0x00000030acd00000)]
  0x000001732c81b000 JavaThread "jar transforms Thread 13" [_thread_blocked, id=25376, stack(0x00000030acb00000,0x00000030acc00000)]
  0x000001732c81a000 JavaThread "jar transforms Thread 12" [_thread_blocked, id=24084, stack(0x00000030aca00000,0x00000030acb00000)]
  0x000001732c818800 JavaThread "jar transforms Thread 11" [_thread_blocked, id=32900, stack(0x00000030ac900000,0x00000030aca00000)]
  0x000001732c817000 JavaThread "jar transforms Thread 10" [_thread_blocked, id=29248, stack(0x00000030ac800000,0x00000030ac900000)]
  0x000001732c81c800 JavaThread "jar transforms Thread 9" [_thread_blocked, id=28904, stack(0x00000030ac700000,0x00000030ac800000)]
  0x000001732c816800 JavaThread "jar transforms Thread 8" [_thread_blocked, id=32704, stack(0x00000030ac600000,0x00000030ac700000)]
  0x000001732c81b800 JavaThread "jar transforms Thread 7" [_thread_blocked, id=9872, stack(0x00000030ac500000,0x00000030ac600000)]
  0x000001732c819800 JavaThread "jar transforms Thread 6" [_thread_blocked, id=19796, stack(0x00000030ac400000,0x00000030ac500000)]
  0x000001732c818000 JavaThread "jar transforms Thread 5" [_thread_blocked, id=25372, stack(0x00000030ac300000,0x00000030ac400000)]
  0x000001732c80f000 JavaThread "jar transforms Thread 4" [_thread_blocked, id=24304, stack(0x00000030ac200000,0x00000030ac300000)]
  0x000001732c815800 JavaThread "jar transforms Thread 3" [_thread_blocked, id=23808, stack(0x00000030ac100000,0x00000030ac200000)]
  0x000001732c80e000 JavaThread "jar transforms Thread 2" [_thread_blocked, id=22728, stack(0x00000030ac000000,0x00000030ac100000)]
  0x000001732c815000 JavaThread "Build operations Thread 6" [_thread_blocked, id=31684, stack(0x00000030abf00000,0x00000030ac000000)]
  0x000001732c80d800 JavaThread "Build operations Thread 5" [_thread_blocked, id=7836, stack(0x00000030abe00000,0x00000030abf00000)]
  0x000001732c814000 JavaThread "Build operations Thread 4" [_thread_blocked, id=20212, stack(0x00000030abd00000,0x00000030abe00000)]
  0x000001732c80f800 JavaThread "Build operations Thread 3" [_thread_blocked, id=28564, stack(0x00000030abc00000,0x00000030abd00000)]
  0x000001732c813800 JavaThread "Build operations Thread 2" [_thread_blocked, id=33072, stack(0x00000030abb00000,0x00000030abc00000)]
  0x000001732c812000 JavaThread "Build operations" [_thread_blocked, id=33456, stack(0x00000030aba00000,0x00000030abb00000)]
  0x000001732a887000 JavaThread "Cache worker for file content cache (C:\Users\a\.gradle\wrapper\dists\gradle-6.1.1-all\cfmwm155h49vnt3hynmlrsdst\gradle-6.1.1\bin\caches\6.5\fileContent)" [_thread_blocked, id=13280, stack(0x00000030ab900000,0x00000030aba00000)]
  0x000001732a884000 JavaThread "jar transforms" [_thread_blocked, id=21144, stack(0x00000030ab800000,0x00000030ab900000)]
  0x000001732a885800 JavaThread "Cache worker for execution history cache (C:\Users\a\.gradle\wrapper\dists\gradle-6.1.1-all\cfmwm155h49vnt3hynmlrsdst\gradle-6.1.1\bin\caches\6.5\executionHistory)" [_thread_blocked, id=32128, stack(0x00000030ab700000,0x00000030ab800000)]
  0x000001732a889800 JavaThread "Cache worker for cache directory md-rule (C:\Users\a\.gradle\wrapper\dists\gradle-6.1.1-all\cfmwm155h49vnt3hynmlrsdst\gradle-6.1.1\bin\caches\6.5\md-rule)" [_thread_blocked, id=32080, stack(0x00000030ab600000,0x00000030ab700000)]
  0x000001732a886800 JavaThread "Cache worker for cache directory md-supplier (C:\Users\a\.gradle\wrapper\dists\gradle-6.1.1-all\cfmwm155h49vnt3hynmlrsdst\gradle-6.1.1\bin\caches\6.5\md-supplier)" [_thread_blocked, id=14216, stack(0x00000030ab500000,0x00000030ab600000)]
  0x000001732a885000 JavaThread "Cache worker for checksums cache (E:\Android\NavInfo\Client\Demo\Client_AnimationTest\.gradle\checksums)" [_thread_blocked, id=28664, stack(0x00000030ab400000,0x00000030ab500000)]
  0x000001732a88b000 JavaThread "Cache worker for file hash cache (E:\Android\NavInfo\Client\Demo\Client_AnimationTest\.gradle\6.5\fileHashes)" [_thread_blocked, id=23980, stack(0x00000030ab300000,0x00000030ab400000)]
  0x000001732a888800 JavaThread "Cache worker for file hash cache (C:\Users\a\.gradle\wrapper\dists\gradle-6.1.1-all\cfmwm155h49vnt3hynmlrsdst\gradle-6.1.1\bin\caches\6.5\fileHashes)" [_thread_blocked, id=33812, stack(0x00000030ab200000,0x00000030ab300000)]
  0x000001732a88a000 JavaThread "File lock request listener" [_thread_in_native, id=32024, stack(0x00000030ab100000,0x00000030ab200000)]
  0x000001732a888000 JavaThread "Cache worker for journal cache (C:\Users\a\.gradle\wrapper\dists\gradle-6.1.1-all\cfmwm155h49vnt3hynmlrsdst\gradle-6.1.1\bin\caches\journal-1)" [_thread_blocked, id=14960, stack(0x00000030ab000000,0x00000030ab100000)]
  0x000001732bc65000 JavaThread "Thread-9" [_thread_blocked, id=33348, stack(0x00000030aaf00000,0x00000030ab000000)]
  0x000001732bc5c800 JavaThread "Stdin handler" [_thread_blocked, id=6024, stack(0x00000030aae00000,0x00000030aaf00000)]
  0x000001732bc18800 JavaThread "Asynchronous log dispatcher for DefaultDaemonConnection: socket connection from /127.0.0.1:59178 to /127.0.0.1:59179" [_thread_blocked, id=34236, stack(0x00000030aad00000,0x00000030aae00000)]
  0x000001732bc08000 JavaThread "Daemon worker" [_thread_blocked, id=30028, stack(0x00000030aac00000,0x00000030aad00000)]
  0x000001732bc01000 JavaThread "Cancel handler" [_thread_blocked, id=32236, stack(0x00000030aab00000,0x00000030aac00000)]
  0x000001732bcd4000 JavaThread "Handler for socket connection from /127.0.0.1:59178 to /127.0.0.1:59179" [_thread_in_native, id=13996, stack(0x00000030aaa00000,0x00000030aab00000)]
  0x000001732bbee800 JavaThread "Daemon" [_thread_blocked, id=32076, stack(0x00000030aa900000,0x00000030aaa00000)]
  0x000001732bbec800 JavaThread "Daemon periodic checks" [_thread_blocked, id=32500, stack(0x00000030aa800000,0x00000030aa900000)]
  0x000001732bbf0800 JavaThread "Incoming local TCP Connector on port 59178" [_thread_in_native, id=19720, stack(0x00000030aa700000,0x00000030aa800000)]
  0x000001732bb4a000 JavaThread "Daemon health stats" [_thread_blocked, id=32816, stack(0x00000030aa400000,0x00000030aa500000)]
  0x000001732a238800 JavaThread "Service Thread" daemon [_thread_blocked, id=6244, stack(0x00000030aa200000,0x00000030aa300000)]
  0x0000017329362000 JavaThread "C1 CompilerThread2" daemon [_thread_blocked, id=34464, stack(0x00000030aa100000,0x00000030aa200000)]
  0x0000017329360000 JavaThread "C2 CompilerThread1" daemon [_thread_in_native, id=31180, stack(0x00000030aa000000,0x00000030aa100000)]
=>0x000001732935e000 JavaThread "C2 CompilerThread0" daemon [_thread_in_native, id=33424, stack(0x00000030a9f00000,0x00000030aa000000)]
  0x0000017329307800 JavaThread "Attach Listener" daemon [_thread_blocked, id=15348, stack(0x00000030a9e00000,0x00000030a9f00000)]
  0x000001732935b000 JavaThread "Signal Dispatcher" daemon [_thread_blocked, id=27696, stack(0x00000030a9d00000,0x00000030a9e00000)]
  0x000001732894c800 JavaThread "Finalizer" daemon [_thread_blocked, id=26424, stack(0x00000030a9c00000,0x00000030a9d00000)]
  0x00000173292d8000 JavaThread "Reference Handler" daemon [_thread_blocked, id=32876, stack(0x00000030a9b00000,0x00000030a9c00000)]
  0x00000173127c8000 JavaThread "main" [_thread_blocked, id=33068, stack(0x00000030a9300000,0x00000030a9400000)]

Other Threads:
  0x00000173292b3000 VMThread [stack: 0x00000030a9a00000,0x00000030a9b00000] [id=30700]
  0x00000173293ce800 WatcherThread [stack: 0x00000030aa300000,0x00000030aa400000] [id=21184]

VM state:not at safepoint (normal execution)

VM Mutex/Monitor currently owned by a thread: None

heap address: 0x0000000080000000, size: 2048 MB, Compressed Oops mode: 32-bit
Narrow klass base: 0x0000000000000000, Narrow klass shift: 3
Compressed class space size: 1073741824 Address: 0x0000000100000000

Heap:
 PSYoungGen      total 228864K, used 177453K [0x00000000d5580000, 0x00000000e4380000, 0x0000000100000000)
  eden space 213504K, 83% used [0x00000000d5580000,0x00000000e02cb670,0x00000000e2600000)
  from space 15360K, 0% used [0x00000000e3480000,0x00000000e3480000,0x00000000e4380000)
  to   space 14848K, 0% used [0x00000000e2600000,0x00000000e2600000,0x00000000e3480000)
 ParOldGen       total 152576K, used 37981K [0x0000000080000000, 0x0000000089500000, 0x00000000d5580000)
  object space 152576K, 24% used [0x0000000080000000,0x0000000082517520,0x0000000089500000)
 Metaspace       used 64555K, capacity 67620K, committed 67840K, reserved 1110016K
  class space    used 9103K, capacity 9667K, committed 9728K, reserved 1048576K

Card table byte_map: [0x0000017323560000,0x0000017323970000] byte_map_base: 0x0000017323160000

Marking Bits: (ParMarkBitMap*) 0x0000000077f84fb0
 Begin Bits: [0x0000017323c20000, 0x0000017325c20000)
 End Bits:   [0x0000017325c20000, 0x0000017327c20000)

Polling page: 0x0000017314170000

CodeCache: size=245760Kb used=20385Kb max_used=20385Kb free=225374Kb
 bounds [0x00000173141a0000, 0x00000173155b0000, 0x00000173231a0000]
 total_blobs=7281 nmethods=6490 adapters=703
 compilation: enabled

Compilation events (10 events):
Event: 7.955 Thread 0x0000017329362000 7299       3       com.android.ide.common.resources.DataSet::isIgnored (38 bytes)
Event: 7.956 Thread 0x0000017329362000 nmethod 7299 0x00000173155705d0 code [0x0000017315570780, 0x0000017315570ca0]
Event: 7.956 Thread 0x0000017329362000 7300       3       com.android.ide.common.resources.PatternBasedFileFilter::isIgnored (49 bytes)
Event: 7.956 Thread 0x0000017329362000 nmethod 7300 0x000001731556fa90 code [0x000001731556fc80, 0x00000173155702e0]
Event: 7.960 Thread 0x0000017329362000 7301       3       org.gradle.internal.classloader.FilteringClassLoader::allowed (30 bytes)
Event: 7.961 Thread 0x0000017329362000 nmethod 7301 0x0000017315575110 code [0x00000173155752a0, 0x0000017315575620]
Event: 7.961 Thread 0x0000017329362000 7302       1       com.android.ide.common.resources.DataItem::setSourceFile (6 bytes)
Event: 7.962 Thread 0x0000017329362000 nmethod 7302 0x000001731556d210 code [0x000001731556d360, 0x000001731556d498]
Event: 7.962 Thread 0x0000017329362000 7303       1       com.android.ide.common.resources.ResourceMergerItem::wasTouched (6 bytes)
Event: 7.962 Thread 0x0000017329362000 nmethod 7303 0x000001731557c810 code [0x000001731557c960, 0x000001731557ca98]

GC Heap History (10 events):
Event: 3.362 GC heap before
{Heap before GC invocations=7 (full 1):
 PSYoungGen      total 140800K, used 50084K [0x00000000d5580000, 0x00000000e4380000, 0x0000000100000000)
  eden space 130048K, 30% used [0x00000000d5580000,0x00000000d7beef80,0x00000000dd480000)
  from space 10752K, 99% used [0x00000000dd480000,0x00000000ddefa130,0x00000000ddf00000)
  to   space 15360K, 0% used [0x00000000e3480000,0x00000000e3480000,0x00000000e4380000)
 ParOldGen       total 99328K, used 11746K [0x0000000080000000, 0x0000000086100000, 0x00000000d5580000)
  object space 99328K, 11% used [0x0000000080000000,0x0000000080b788f0,0x0000000086100000)
 Metaspace       used 34339K, capacity 35454K, committed 35496K, reserved 1079296K
  class space    used 4833K, capacity 5100K, committed 5120K, reserved 1048576K
Event: 3.372 GC heap after
Heap after GC invocations=7 (full 1):
 PSYoungGen      total 228864K, used 8133K [0x00000000d5580000, 0x00000000e4380000, 0x0000000100000000)
  eden space 213504K, 0% used [0x00000000d5580000,0x00000000d5580000,0x00000000e2600000)
  from space 15360K, 52% used [0x00000000e3480000,0x00000000e3c71680,0x00000000e4380000)
  to   space 14848K, 0% used [0x00000000e2600000,0x00000000e2600000,0x00000000e3480000)
 ParOldGen       total 99328K, used 11754K [0x0000000080000000, 0x0000000086100000, 0x00000000d5580000)
  object space 99328K, 11% used [0x0000000080000000,0x0000000080b7a8f0,0x0000000086100000)
 Metaspace       used 34339K, capacity 35454K, committed 35496K, reserved 1079296K
  class space    used 4833K, capacity 5100K, committed 5120K, reserved 1048576K
}
Event: 3.372 GC heap before
{Heap before GC invocations=8 (full 2):
 PSYoungGen      total 228864K, used 8133K [0x00000000d5580000, 0x00000000e4380000, 0x0000000100000000)
  eden space 213504K, 0% used [0x00000000d5580000,0x00000000d5580000,0x00000000e2600000)
  from space 15360K, 52% used [0x00000000e3480000,0x00000000e3c71680,0x00000000e4380000)
  to   space 14848K, 0% used [0x00000000e2600000,0x00000000e2600000,0x00000000e3480000)
 ParOldGen       total 99328K, used 11754K [0x0000000080000000, 0x0000000086100000, 0x00000000d5580000)
  object space 99328K, 11% used [0x0000000080000000,0x0000000080b7a8f0,0x0000000086100000)
 Metaspace       used 34339K, capacity 35454K, committed 35496K, reserved 1079296K
  class space    used 4833K, capacity 5100K, committed 5120K, reserved 1048576K
Event: 3.413 GC heap after
Heap after GC invocations=8 (full 2):
 PSYoungGen      total 228864K, used 0K [0x00000000d5580000, 0x00000000e4380000, 0x0000000100000000)
  eden space 213504K, 0% used [0x00000000d5580000,0x00000000d5580000,0x00000000e2600000)
  from space 15360K, 0% used [0x00000000e3480000,0x00000000e3480000,0x00000000e4380000)
  to   space 14848K, 0% used [0x00000000e2600000,0x00000000e2600000,0x00000000e3480000)
 ParOldGen       total 152576K, used 15160K [0x0000000080000000, 0x0000000089500000, 0x00000000d5580000)
  object space 152576K, 9% used [0x0000000080000000,0x0000000080ece020,0x0000000089500000)
 Metaspace       used 34339K, capacity 35454K, committed 35496K, reserved 1079296K
  class space    used 4833K, capacity 5100K, committed 5120K, reserved 1048576K
}
Event: 4.939 GC heap before
{Heap before GC invocations=9 (full 2):
 PSYoungGen      total 228864K, used 213504K [0x00000000d5580000, 0x00000000e4380000, 0x0000000100000000)
  eden space 213504K, 100% used [0x00000000d5580000,0x00000000e2600000,0x00000000e2600000)
  from space 15360K, 0% used [0x00000000e3480000,0x00000000e3480000,0x00000000e4380000)
  to   space 14848K, 0% used [0x00000000e2600000,0x00000000e2600000,0x00000000e3480000)
 ParOldGen       total 152576K, used 15160K [0x0000000080000000, 0x0000000089500000, 0x00000000d5580000)
  object space 152576K, 9% used [0x0000000080000000,0x0000000080ece020,0x0000000089500000)
 Metaspace       used 45684K, capacity 47516K, committed 47744K, reserved 1089536K
  class space    used 6322K, capacity 6682K, committed 6784K, reserved 1048576K
Event: 4.954 GC heap after
Heap after GC invocations=9 (full 2):
 PSYoungGen      total 228352K, used 14846K [0x00000000d5580000, 0x00000000e4380000, 0x0000000100000000)
  eden space 213504K, 0% used [0x00000000d5580000,0x00000000d5580000,0x00000000e2600000)
  from space 14848K, 99% used [0x00000000e2600000,0x00000000e347fa80,0x00000000e3480000)
  to   space 15360K, 0% used [0x00000000e3480000,0x00000000e3480000,0x00000000e4380000)
 ParOldGen       total 152576K, used 19440K [0x0000000080000000, 0x0000000089500000, 0x00000000d5580000)
  object space 152576K, 12% used [0x0000000080000000,0x00000000812fc3b8,0x0000000089500000)
 Metaspace       used 45684K, capacity 47516K, committed 47744K, reserved 1089536K
  class space    used 6322K, capacity 6682K, committed 6784K, reserved 1048576K
}
Event: 5.944 GC heap before
{Heap before GC invocations=10 (full 2):
 PSYoungGen      total 228352K, used 149657K [0x00000000d5580000, 0x00000000e4380000, 0x0000000100000000)
  eden space 213504K, 63% used [0x00000000d5580000,0x00000000dd9269c0,0x00000000e2600000)
  from space 14848K, 99% used [0x00000000e2600000,0x00000000e347fa80,0x00000000e3480000)
  to   space 15360K, 0% used [0x00000000e3480000,0x00000000e3480000,0x00000000e4380000)
 ParOldGen       total 152576K, used 19440K [0x0000000080000000, 0x0000000089500000, 0x00000000d5580000)
  object space 152576K, 12% used [0x0000000080000000,0x00000000812fc3b8,0x0000000089500000)
 Metaspace       used 56654K, capacity 59034K, committed 59136K, reserved 1099776K
  class space    used 7918K, capacity 8366K, committed 8448K, reserved 1048576K
Event: 5.959 GC heap after
Heap after GC invocations=10 (full 2):
 PSYoungGen      total 228864K, used 15348K [0x00000000d5580000, 0x00000000e4380000, 0x0000000100000000)
  eden space 213504K, 0% used [0x00000000d5580000,0x00000000d5580000,0x00000000e2600000)
  from space 15360K, 99% used [0x00000000e3480000,0x00000000e437d320,0x00000000e4380000)
  to   space 14848K, 0% used [0x00000000e2600000,0x00000000e2600000,0x00000000e3480000)
 ParOldGen       total 152576K, used 29596K [0x0000000080000000, 0x0000000089500000, 0x00000000d5580000)
  object space 152576K, 19% used [0x0000000080000000,0x0000000081ce7050,0x0000000089500000)
 Metaspace       used 56654K, capacity 59034K, committed 59136K, reserved 1099776K
  class space    used 7918K, capacity 8366K, committed 8448K, reserved 1048576K
}
Event: 5.959 GC heap before
{Heap before GC invocations=11 (full 3):
 PSYoungGen      total 228864K, used 15348K [0x00000000d5580000, 0x00000000e4380000, 0x0000000100000000)
  eden space 213504K, 0% used [0x00000000d5580000,0x00000000d5580000,0x00000000e2600000)
  from space 15360K, 99% used [0x00000000e3480000,0x00000000e437d320,0x00000000e4380000)
  to   space 14848K, 0% used [0x00000000e2600000,0x00000000e2600000,0x00000000e3480000)
 ParOldGen       total 152576K, used 29596K [0x0000000080000000, 0x0000000089500000, 0x00000000d5580000)
  object space 152576K, 19% used [0x0000000080000000,0x0000000081ce7050,0x0000000089500000)
 Metaspace       used 56654K, capacity 59034K, committed 59136K, reserved 1099776K
  class space    used 7918K, capacity 8366K, committed 8448K, reserved 1048576K
Event: 6.122 GC heap after
Heap after GC invocations=11 (full 3):
 PSYoungGen      total 228864K, used 0K [0x00000000d5580000, 0x00000000e4380000, 0x0000000100000000)
  eden space 213504K, 0% used [0x00000000d5580000,0x00000000d5580000,0x00000000e2600000)
  from space 15360K, 0% used [0x00000000e3480000,0x00000000e3480000,0x00000000e4380000)
  to   space 14848K, 0% used [0x00000000e2600000,0x00000000e2600000,0x00000000e3480000)
 ParOldGen       total 152576K, used 37981K [0x0000000080000000, 0x0000000089500000, 0x00000000d5580000)
  object space 152576K, 24% used [0x0000000080000000,0x0000000082517520,0x0000000089500000)
 Metaspace       used 56623K, capacity 58932K, committed 59136K, reserved 1099776K
  class space    used 7908K, capacity 8349K, committed 8448K, reserved 1048576K
}

Deoptimization events (10 events):
Event: 6.700 Thread 0x000001732ed61800 Uncommon trap: reason=bimorphic action=maybe_recompile pc=0x0000017314ee15d8 method=java.util.Arrays.binarySearch0([Ljava/lang/Object;IILjava/lang/Object;Ljava/util/Comparator;)I @ 48
Event: 6.700 Thread 0x000001732ed61800 Uncommon trap: reason=bimorphic action=maybe_recompile pc=0x0000017314f0415c method=java.util.Arrays.binarySearch0([Ljava/lang/Object;IILjava/lang/Object;Ljava/util/Comparator;)I @ 48
Event: 6.848 Thread 0x000001732ed5e000 Uncommon trap: reason=unstable_if action=reinterpret pc=0x0000017314d93040 method=org.gradle.internal.snapshot.PathUtil.equalChars(CCLorg/gradle/internal/snapshot/CaseSensitivity;)Z @ 11
Event: 6.881 Thread 0x000001732c815000 Uncommon trap: reason=unstable_if action=reinterpret pc=0x000001731446f77c method=java.lang.String$CaseInsensitiveComparator.compare(Ljava/lang/String;Ljava/lang/String;)I @ 70
Event: 7.072 Thread 0x000001732c80f800 Uncommon trap: reason=unstable_if action=reinterpret pc=0x00000173150b51f0 method=java.util.concurrent.ConcurrentHashMap.addCount(JI)V @ 34
Event: 7.073 Thread 0x000001732c80d800 Uncommon trap: reason=unstable_if action=reinterpret pc=0x0000017314693bf8 method=java.util.concurrent.ConcurrentHashMap.addCount(JI)V @ 7
Event: 7.107 Thread 0x000001732ed5e000 Uncommon trap: reason=unstable_if action=reinterpret pc=0x0000017314835674 method=org.gradle.internal.file.DefaultFileHierarchySet$Node.isChildOfOrThis(Ljava/lang/String;I)Z @ 35
Event: 7.686 Thread 0x000001732ed5e000 Uncommon trap: reason=unstable_if action=reinterpret pc=0x0000017314459004 method=sun.nio.cs.UTF_8$Decoder.decode([BII[C)I @ 30
Event: 7.899 Thread 0x000001732ed5e000 Uncommon trap: reason=unstable_if action=reinterpret pc=0x00000173150f4ac8 method=com.sun.org.apache.xerces.internal.util.SymbolTable.addSymbol([CII)Ljava/lang/String; @ 64
Event: 7.924 Thread 0x000001732ed5e000 Uncommon trap: reason=unstable_if action=reinterpret pc=0x000001731553d6d8 method=sun.nio.cs.UTF_8$Decoder.decode([BII[C)I @ 90

Classes redefined (0 events):
No events

Internal exceptions (10 events):
Event: 6.833 Thread 0x000001732ed5e000 Exception <a 'java/lang/NoSuchMethodError': java.lang.Object.lambda$flatMap$1(Ljava/util/function/Function;Lorg/gradle/internal/Try;)Lorg/gradle/api/internal/artifacts/transform/CacheableInvocation;> (0x00000000db0e3bf0) thrown at [C:\jenkins\workspace\8-
Event: 6.833 Thread 0x000001732c815000 Exception <a 'java/lang/NoSuchMethodError': java.lang.Object.lambda$flatMap$1(Ljava/util/function/Function;Lorg/gradle/internal/Try;)Lorg/gradle/api/internal/artifacts/transform/CacheableInvocation;> (0x00000000db099000) thrown at [C:\jenkins\workspace\8-
Event: 6.834 Thread 0x000001732c814000 Exception <a 'java/lang/NoSuchMethodError': java.lang.Object.lambda$flatMap$4(Ljava/util/function/Function;)Lorg/gradle/api/internal/artifacts/transform/CacheableInvocation;> (0x00000000dae74888) thrown at [C:\jenkins\workspace\8-2-build-windows-amd64-cyg
Event: 6.834 Thread 0x000001732c815000 Exception <a 'java/lang/NoSuchMethodError': java.lang.Object.lambda$flatMap$4(Ljava/util/function/Function;)Lorg/gradle/api/internal/artifacts/transform/CacheableInvocation;> (0x00000000db09ccb0) thrown at [C:\jenkins\workspace\8-2-build-windows-amd64-cyg
Event: 6.834 Thread 0x000001732c814000 Exception <a 'java/lang/NoSuchMethodError': java.lang.Object.lambda$flatMap$3(Ljava/util/function/Function;)Lorg/gradle/internal/Try;> (0x00000000dae79748) thrown at [C:\jenkins\workspace\8-2-build-windows-amd64-cygwin\jdk8u261\295\hotspot\src\share\vm\in
Event: 6.876 Thread 0x000001732c80d800 Exception <a 'java/lang/NoSuchMethodError': java.lang.Object.lambda$flatMap$2(Ljava/util/function/Function;Ljava/lang/Object;)Lorg/gradle/internal/Try;> (0x00000000db164d90) thrown at [C:\jenkins\workspace\8-2-build-windows-amd64-cygwin\jdk8u261\295\hotsp
Event: 6.876 Thread 0x000001732c815000 Exception <a 'java/lang/NoSuchMethodError': java.lang.Object.lambda$flatMap$2(Ljava/util/function/Function;Ljava/lang/Object;)Lorg/gradle/internal/Try;> (0x00000000db5de3c0) thrown at [C:\jenkins\workspace\8-2-build-windows-amd64-cygwin\jdk8u261\295\hotsp
Event: 6.876 Thread 0x000001732c814000 Exception <a 'java/lang/NoSuchMethodError': java.lang.Object.lambda$flatMap$2(Ljava/util/function/Function;Ljava/lang/Object;)Lorg/gradle/internal/Try;> (0x00000000db3874a8) thrown at [C:\jenkins\workspace\8-2-build-windows-amd64-cygwin\jdk8u261\295\hotsp
Event: 6.876 Thread 0x000001732c80f800 Exception <a 'java/lang/NoSuchMethodError': java.lang.Object.lambda$flatMap$2(Ljava/util/function/Function;Ljava/lang/Object;)Lorg/gradle/internal/Try;> (0x00000000db599e90) thrown at [C:\jenkins\workspace\8-2-build-windows-amd64-cygwin\jdk8u261\295\hotsp
Event: 7.101 Thread 0x000001732c812000 Exception <a 'java/lang/NoSuchMethodError': java.lang.Object.lambda$flatMap$0(Ljava/lang/Throwable;)Lorg/gradle/api/internal/artifacts/transform/CacheableInvocation;> (0x00000000daeaee70) thrown at [C:\jenkins\workspace\8-2-build-windows-amd64-cygwin\jdk8

Events (10 events):
Event: 7.913 Thread 0x000001732ed5e000 DEOPT UNPACKING pc=0x00000173141e7898 sp=0x00000030b22fa1a8 mode 0
Event: 7.920 Thread 0x000001732ed5e000 DEOPT PACKING pc=0x0000017315453411 sp=0x00000030b22fa460
Event: 7.920 Thread 0x000001732ed5e000 DEOPT UNPACKING pc=0x00000173141e7898 sp=0x00000030b22fa1c8 mode 0
Event: 7.924 Thread 0x000001732ed5e000 DEOPT PACKING pc=0x00000173154783b0 sp=0x00000030b22faa20
Event: 7.924 Thread 0x000001732ed5e000 DEOPT UNPACKING pc=0x00000173141e7898 sp=0x00000030b22fa8a0 mode 0
Event: 7.924 Thread 0x000001732ed5e000 Uncommon trap: trap_request=0xffffff65 fr.pc=0x000001731553d6d8
Event: 7.924 Thread 0x000001732ed5e000 DEOPT PACKING pc=0x000001731553d6d8 sp=0x00000030b22faba0
Event: 7.924 Thread 0x000001732ed5e000 DEOPT UNPACKING pc=0x00000173141e5843 sp=0x00000030b22fab20 mode 2
Event: 7.925 Thread 0x000001732ed5e000 DEOPT PACKING pc=0x0000017315453411 sp=0x00000030b22fa460
Event: 7.925 Thread 0x000001732ed5e000 DEOPT UNPACKING pc=0x00000173141e7898 sp=0x00000030b22fa1c8 mode 0


Dynamic libraries:
0x00007ff62ad00000 - 0x00007ff62ad47000 	D:\Language\Java\dk1.8.0_261\bin\java.exe
0x00007ffe0a5c0000 - 0x00007ffe0a7b0000 	C:\WINDOWS\SYSTEM32\ntdll.dll
0x00007ffe08de0000 - 0x00007ffe08e92000 	C:\WINDOWS\System32\KERNEL32.DLL
0x00007ffe07610000 - 0x00007ffe078b5000 	C:\WINDOWS\System32\KERNELBASE.dll
0x00007ffe086a0000 - 0x00007ffe08743000 	C:\WINDOWS\System32\ADVAPI32.dll
0x00007ffe0a070000 - 0x00007ffe0a10e000 	C:\WINDOWS\System32\msvcrt.dll
0x00007ffe08bf0000 - 0x00007ffe08c87000 	C:\WINDOWS\System32\sechost.dll
0x00007ffe0a110000 - 0x00007ffe0a230000 	C:\WINDOWS\System32\RPCRT4.dll
0x00007ffe09580000 - 0x00007ffe09714000 	C:\WINDOWS\System32\USER32.dll
0x00007ffe07c00000 - 0x00007ffe07c21000 	C:\WINDOWS\System32\win32u.dll
0x00007ffe09480000 - 0x00007ffe094a6000 	C:\WINDOWS\System32\GDI32.dll
0x00007ffe078c0000 - 0x00007ffe07a56000 	C:\WINDOWS\System32\gdi32full.dll
0x00007ffe085d0000 - 0x00007ffe0866e000 	C:\WINDOWS\System32\msvcp_win.dll
0x00007ffe084d0000 - 0x00007ffe085ca000 	C:\WINDOWS\System32\ucrtbase.dll
0x00007ffde8ab0000 - 0x00007ffde8d34000 	C:\WINDOWS\WinSxS\amd64_microsoft.windows.common-controls_6595b64144ccf1df_6.0.18362.1256_none_9e7e379be45e40e2\COMCTL32.dll
0x00007ffe087d0000 - 0x00007ffe08b06000 	C:\WINDOWS\System32\combase.dll
0x00007ffe07580000 - 0x00007ffe07601000 	C:\WINDOWS\System32\bcryptPrimitives.dll
0x00007ffe08670000 - 0x00007ffe0869e000 	C:\WINDOWS\System32\IMM32.DLL
0x00007ffdfafc0000 - 0x00007ffdfafd5000 	D:\Language\Java\dk1.8.0_261\jre\bin\vcruntime140.dll
0x00007ffde3d10000 - 0x00007ffde3dab000 	D:\Language\Java\dk1.8.0_261\jre\bin\msvcp140.dll
0x0000000077790000 - 0x0000000077ffc000 	D:\Language\Java\dk1.8.0_261\jre\bin\server\jvm.dll
0x00007ffe09470000 - 0x00007ffe09478000 	C:\WINDOWS\System32\PSAPI.DLL
0x00007ffdfc700000 - 0x00007ffdfc709000 	C:\WINDOWS\SYSTEM32\WSOCK32.dll
0x00007ffdf9ef0000 - 0x00007ffdf9f14000 	C:\WINDOWS\SYSTEM32\WINMM.dll
0x00007ffe094b0000 - 0x00007ffe0951f000 	C:\WINDOWS\System32\WS2_32.dll
0x00007ffe06fe0000 - 0x00007ffe06fea000 	C:\WINDOWS\SYSTEM32\VERSION.dll
0x00007ffdffba0000 - 0x00007ffdffbcd000 	C:\WINDOWS\SYSTEM32\winmmbase.dll
0x00007ffe07530000 - 0x00007ffe0757a000 	C:\WINDOWS\System32\cfgmgr32.dll
0x00007ffe074c0000 - 0x00007ffe074d1000 	C:\WINDOWS\System32\kernel.appcore.dll
0x00007ffdfafb0000 - 0x00007ffdfafc0000 	D:\Language\Java\dk1.8.0_261\jre\bin\verify.dll
0x00007ffdf0b30000 - 0x00007ffdf0b5b000 	D:\Language\Java\dk1.8.0_261\jre\bin\java.dll
0x00007ffdfa260000 - 0x00007ffdfa278000 	D:\Language\Java\dk1.8.0_261\jre\bin\zip.dll
0x00007ffe097c0000 - 0x00007ffe09ea7000 	C:\WINDOWS\System32\SHELL32.dll
0x00007ffe09eb0000 - 0x00007ffe09f59000 	C:\WINDOWS\System32\shcore.dll
0x00007ffe07c90000 - 0x00007ffe08411000 	C:\WINDOWS\System32\windows.storage.dll
0x00007ffe074e0000 - 0x00007ffe07503000 	C:\WINDOWS\System32\profapi.dll
0x00007ffe07470000 - 0x00007ffe074ba000 	C:\WINDOWS\System32\powrprof.dll
0x00007ffe07460000 - 0x00007ffe07470000 	C:\WINDOWS\System32\UMPDC.dll
0x00007ffe09520000 - 0x00007ffe09572000 	C:\WINDOWS\System32\shlwapi.dll
0x00007ffe07bb0000 - 0x00007ffe07bc7000 	C:\WINDOWS\System32\cryptsp.dll
0x00007ffdf5900000 - 0x00007ffdf591c000 	D:\Language\Java\dk1.8.0_261\jre\bin\net.dll
0x00007ffe06be0000 - 0x00007ffe06c47000 	C:\WINDOWS\system32\mswsock.dll
0x00007ffdf5870000 - 0x00007ffdf5883000 	D:\Language\Java\dk1.8.0_261\jre\bin\nio.dll
0x00007ffdee480000 - 0x00007ffdee4a7000 	C:\Users\a\.gradle\wrapper\dists\gradle-6.1.1-all\cfmwm155h49vnt3hynmlrsdst\gradle-6.1.1\bin\native\f6784746aeab05261644944871eae4fe03e0ef1612fff0a4a95f87b438bc6780\windows-amd64\native-platform.dll
0x00007ffdfafa0000 - 0x00007ffdfafad000 	D:\Language\Java\dk1.8.0_261\jre\bin\management.dll
0x00007ffe06750000 - 0x00007ffe06783000 	C:\WINDOWS\system32\rsaenh.dll
0x00007ffe07bd0000 - 0x00007ffe07bf6000 	C:\WINDOWS\System32\bcrypt.dll
0x00007ffe07340000 - 0x00007ffe07365000 	C:\WINDOWS\SYSTEM32\USERENV.dll
0x00007ffe06db0000 - 0x00007ffe06dbc000 	C:\WINDOWS\SYSTEM32\CRYPTBASE.dll
0x00007ffe068f0000 - 0x00007ffe0692a000 	C:\WINDOWS\SYSTEM32\IPHLPAPI.DLL
0x00007ffe09720000 - 0x00007ffe09728000 	C:\WINDOWS\System32\NSI.dll
0x00007ffe02940000 - 0x00007ffe02956000 	C:\WINDOWS\SYSTEM32\dhcpcsvc6.DLL
0x00007ffe028b0000 - 0x00007ffe028cc000 	C:\WINDOWS\SYSTEM32\dhcpcsvc.DLL
0x00007ffe06930000 - 0x00007ffe069fb000 	C:\WINDOWS\SYSTEM32\DNSAPI.dll
0x00007ffe02a00000 - 0x00007ffe02a0b000 	C:\WINDOWS\SYSTEM32\WINNSI.DLL
0x00007ffe03220000 - 0x00007ffe03414000 	C:\WINDOWS\SYSTEM32\dbghelp.dll

VM Arguments:
jvm_args: -Xmx2048m -Dfile.encoding=UTF-8 -Duser.country=CN -Duser.language=zh -Duser.variant 
java_command: org.gradle.launcher.daemon.bootstrap.GradleDaemon 6.5
java_class_path (initial): C:\Users\a\.gradle\wrapper\dists\gradle-6.1.1-all\cfmwm155h49vnt3hynmlrsdst\gradle-6.1.1\bin\wrapper\dists\gradle-6.5-bin\6nifqtx7604sqp1q6g8wikw7p\gradle-6.5\lib\gradle-launcher-6.5.jar
Launcher Type: SUN_STANDARD

Environment Variables:
JAVA_HOME=D:\Language\Java\dk1.8.0_261
PATH=C:\Program Files (x86)\Common Files\Oracle\Java\javapath;C:\ProgramData\Oracle\Java\javapath;C:\WINDOWS\system32;C:\WINDOWS;C:\WINDOWS\System32\Wbem;C:\WINDOWS\System32\WindowsPowerShell\v1.0\;C:\WINDOWS\System32\OpenSSH\;D:\Language\Java\dk1.8.0_261\bin;D:\Language\Java\dk1.8.0_261\jre\bin;D:\SoftWare\WorkSoftware\Git\Git\Git\bin;D:\SoftWare\WorkSoftware\Git\TortoiseGit\bin;D:\Language\Python\python-3.8.5-embed-amd64;D:\SoftWare\WorkSoftware\Svn\bin;C:\Users\a\.gradle\wrapper\dists\gradle-6.5-all\2oz4ud9k3tuxjg84bbf55q0tn\gradle-6.5\bin;E:\Jenkins;D:\SoftWare\WorkSoftware\MySql\mysql-5.6\bin;D:\SoftWare\WorkSoftware\Sonar\sonar-scanner-4.1\bin;D:\Language\Android\Sdk\platform-tools;C:\Users\a\AppData\Local\Microsoft\WindowsApps;
USERNAME=a
OS=Windows_NT
PROCESSOR_IDENTIFIER=Intel64 Family 6 Model 158 Stepping 10, GenuineIntel



---------------  S Y S T E M  ---------------

OS: Windows 10.0 , 64 bit Build 18362 (10.0.18362.1110)

CPU:total 6 (initial active 6) (6 cores per cpu, 1 threads per core) family 6 model 158 stepping 10, cmov, cx8, fxsr, mmx, sse, sse2, sse3, ssse3, sse4.1, sse4.2, popcnt, avx, avx2, aes, clmul, erms, rtm, 3dnowpref, lzcnt, tsc, tscinvbit, bmi1, bmi2, adx

Memory: 4k page, physical 16635276k(1535136k free), swap 31143048k(1208k free)

vm_info: Java HotSpot(TM) 64-Bit Server VM (25.261-b12) for windows-amd64 JRE (1.8.0_261-b12), built on Jun 18 2020 06:56:32 by "" with unknown MS VC++:1916

time: Mon Dec 21 16:10:37 2020
timezone: ?D1¨²¡À¨º¡Á?¨º¡À??
elapsed time: 7 seconds (0d 0h 0m 7s)

