#
# There is insufficient memory for the Java Runtime Environment to continue.
# Native memory allocation (malloc) failed to allocate 876416 bytes for Chunk::new
# Possible reasons:
#   The system is out of physical RAM or swap space
#   The process is running with CompressedOops enabled, and the Java Heap may be blocking the growth of the native heap
# Possible solutions:
#   Reduce memory load on the system
#   Increase physical memory or swap space
#   Check if swap backing store is full
#   Decrease Java heap size (-Xmx/-Xms)
#   Decrease number of Java threads
#   Decrease Java thread stack sizes (-Xss)
#   Set larger code cache with -XX:ReservedCodeCacheSize=
#   JVM is running with Unscaled Compressed Oops mode in which the Java heap is
#     placed in the first 4GB address space. The Java Heap base address is the
#     maximum limit for the native heap growth. Please use -XX:HeapBaseMinAddress
#     to set the Java Heap base and to place the Java Heap above 4GB virtual address.
# This output file may be truncated or incomplete.
#
#  Out of Memory Error (allocation.cpp:389), pid=33828, tid=0x00000000000065d4
#
# JRE version: Java(TM) SE Runtime Environment (8.0_261-b12) (build 1.8.0_261-b12)
# Java VM: Java HotSpot(TM) 64-Bit Server VM (25.261-b12 mixed mode windows-amd64 compressed oops)
# Failed to write core dump. Minidumps are not enabled by default on client versions of Windows
#

---------------  T H R E A D  ---------------

Current thread (0x0000022997bd9800):  JavaThread "C2 CompilerThread0" daemon [_thread_in_native, id=26068, stack(0x0000005fcde00000,0x0000005fcdf00000)]

Stack: [0x0000005fcde00000,0x0000005fcdf00000]
Native frames: (J=compiled Java code, j=interpreted, Vv=VM code, C=native code)
V  [jvm.dll+0x33e5f9]
V  [jvm.dll+0x2850e2]
V  [jvm.dll+0x285d8d]
V  [jvm.dll+0x27c895]
V  [jvm.dll+0xe4d6c]
V  [jvm.dll+0xe556c]
V  [jvm.dll+0x461812]
V  [jvm.dll+0x49cc3d]
V  [jvm.dll+0x4518c1]
V  [jvm.dll+0x44eb84]
V  [jvm.dll+0x439bc7]
V  [jvm.dll+0xbbbcb]
V  [jvm.dll+0xba22b]
V  [jvm.dll+0x24d962]
V  [jvm.dll+0x2a1cfc]
C  [ucrtbase.dll+0x210b2]
C  [KERNEL32.DLL+0x17c24]
C  [ntdll.dll+0x6d4d1]


Current CompileTask:
C2:   8482 8274   !   4       java.io.ObjectOutputStream::writeObject0 (619 bytes)


---------------  P R O C E S S  ---------------

Java Threads: ( => current thread )
  0x0000022999e10000 JavaThread "pool-1-thread-1" [_thread_in_vm, id=31972, stack(0x0000005fd5d00000,0x0000005fd5e00000)]
  0x000002299ef3e800 JavaThread "Memory manager" [_thread_blocked, id=34388, stack(0x0000005fd5b00000,0x0000005fd5c00000)]
  0x000002299ef3f000 JavaThread "jar transforms Thread 92" [_thread_blocked, id=12492, stack(0x0000005fd5900000,0x0000005fd5a00000)]
  0x000002299ef40800 JavaThread "jar transforms Thread 91" [_thread_blocked, id=32824, stack(0x0000005fd5800000,0x0000005fd5900000)]
  0x000002299ef43000 JavaThread "jar transforms Thread 90" [_thread_blocked, id=7320, stack(0x0000005fd5700000,0x0000005fd5800000)]
  0x000002299ef40000 JavaThread "jar transforms Thread 89" [_thread_blocked, id=34392, stack(0x0000005fd5600000,0x0000005fd5700000)]
  0x000002299ef42000 JavaThread "jar transforms Thread 88" [_thread_blocked, id=14804, stack(0x0000005fd5500000,0x0000005fd5600000)]
  0x000002299ef37000 JavaThread "jar transforms Thread 87" [_thread_blocked, id=33540, stack(0x0000005fd5400000,0x0000005fd5500000)]
  0x000002299ef35800 JavaThread "jar transforms Thread 86" [_thread_blocked, id=33272, stack(0x0000005fd5300000,0x0000005fd5400000)]
  0x000002299ef37800 JavaThread "jar transforms Thread 85" [_thread_blocked, id=32156, stack(0x0000005fd5200000,0x0000005fd5300000)]
  0x000002299ef36000 JavaThread "jar transforms Thread 84" [_thread_blocked, id=25912, stack(0x0000005fd5100000,0x0000005fd5200000)]
  0x000002299ef3b800 JavaThread "jar transforms Thread 83" [_thread_blocked, id=15152, stack(0x0000005fd5000000,0x0000005fd5100000)]
  0x000002299ef3a000 JavaThread "jar transforms Thread 82" [_thread_blocked, id=20540, stack(0x0000005fd4f00000,0x0000005fd5000000)]
  0x000002299ef39000 JavaThread "jar transforms Thread 81" [_thread_blocked, id=32720, stack(0x0000005fd4e00000,0x0000005fd4f00000)]
  0x000002299ef38800 JavaThread "jar transforms Thread 80" [_thread_blocked, id=26572, stack(0x0000005fd4d00000,0x0000005fd4e00000)]
  0x000002299ef3a800 JavaThread "jar transforms Thread 79" [_thread_blocked, id=28544, stack(0x0000005fd4c00000,0x0000005fd4d00000)]
  0x000002299ef3c000 JavaThread "jar transforms Thread 78" [_thread_blocked, id=34760, stack(0x0000005fd4b00000,0x0000005fd4c00000)]
  0x000002299d58e800 JavaThread "jar transforms Thread 77" [_thread_blocked, id=32952, stack(0x0000005fd4a00000,0x0000005fd4b00000)]
  0x000002299d58a000 JavaThread "jar transforms Thread 76" [_thread_blocked, id=13712, stack(0x0000005fd4900000,0x0000005fd4a00000)]
  0x000002299d58d800 JavaThread "jar transforms Thread 75" [_thread_blocked, id=22592, stack(0x0000005fd4800000,0x0000005fd4900000)]
  0x000002299d58d000 JavaThread "jar transforms Thread 74" [_thread_blocked, id=23856, stack(0x0000005fd4700000,0x0000005fd4800000)]
  0x000002299d58a800 JavaThread "jar transforms Thread 73" [_thread_blocked, id=7308, stack(0x0000005fd4600000,0x0000005fd4700000)]
  0x000002299d587800 JavaThread "jar transforms Thread 72" [_thread_blocked, id=19064, stack(0x0000005fd4500000,0x0000005fd4600000)]
  0x000002299d58c000 JavaThread "jar transforms Thread 71" [_thread_blocked, id=33156, stack(0x0000005fd4400000,0x0000005fd4500000)]
  0x000002299d588800 JavaThread "jar transforms Thread 70" [_thread_blocked, id=29796, stack(0x0000005fd4300000,0x0000005fd4400000)]
  0x000002299d589000 JavaThread "jar transforms Thread 69" [_thread_blocked, id=15364, stack(0x0000005fd4200000,0x0000005fd4300000)]
  0x000002299d58b800 JavaThread "jar transforms Thread 68" [_thread_blocked, id=33528, stack(0x0000005fd4100000,0x0000005fd4200000)]
  0x000002299d581800 JavaThread "jar transforms Thread 67" [_thread_blocked, id=31172, stack(0x0000005fd4000000,0x0000005fd4100000)]
  0x000002299d580000 JavaThread "jar transforms Thread 66" [_thread_blocked, id=27576, stack(0x0000005fd3f00000,0x0000005fd4000000)]
  0x000002299d587000 JavaThread "jar transforms Thread 65" [_thread_blocked, id=33004, stack(0x0000005fd3e00000,0x0000005fd3f00000)]
  0x000002299d583000 JavaThread "jar transforms Thread 64" [_thread_blocked, id=13092, stack(0x0000005fd3d00000,0x0000005fd3e00000)]
  0x000002299d585800 JavaThread "jar transforms Thread 63" [_thread_blocked, id=30944, stack(0x0000005fd3c00000,0x0000005fd3d00000)]
  0x000002299d584800 JavaThread "jar transforms Thread 62" [_thread_blocked, id=23248, stack(0x0000005fd3b00000,0x0000005fd3c00000)]
  0x000002299d57f000 JavaThread "jar transforms Thread 61" [_thread_blocked, id=33972, stack(0x0000005fd3a00000,0x0000005fd3b00000)]
  0x000002299d580800 JavaThread "jar transforms Thread 60" [_thread_blocked, id=30636, stack(0x0000005fd3900000,0x0000005fd3a00000)]
  0x000002299d586000 JavaThread "jar transforms Thread 59" [_thread_blocked, id=32624, stack(0x0000005fd3800000,0x0000005fd3900000)]
  0x000002299d583800 JavaThread "jar transforms Thread 58" [_thread_blocked, id=30472, stack(0x0000005fd3700000,0x0000005fd3800000)]
  0x000002299d582000 JavaThread "jar transforms Thread 57" [_thread_blocked, id=33884, stack(0x0000005fd3600000,0x0000005fd3700000)]
  0x000002299b0ed000 JavaThread "jar transforms Thread 56" [_thread_blocked, id=26008, stack(0x0000005fd3500000,0x0000005fd3600000)]
  0x000002299b0ea800 JavaThread "jar transforms Thread 55" [_thread_blocked, id=20984, stack(0x0000005fd3400000,0x0000005fd3500000)]
  0x000002299b0ea000 JavaThread "jar transforms Thread 54" [_thread_blocked, id=13784, stack(0x0000005fd3300000,0x0000005fd3400000)]
  0x000002299b0e9000 JavaThread "jar transforms Thread 53" [_thread_blocked, id=33396, stack(0x0000005fd3200000,0x0000005fd3300000)]
  0x000002299b0e8800 JavaThread "jar transforms Thread 52" [_thread_blocked, id=22132, stack(0x0000005fd3100000,0x0000005fd3200000)]
  0x000002299b0ee800 JavaThread "jar transforms Thread 51" [_thread_blocked, id=6664, stack(0x0000005fd3000000,0x0000005fd3100000)]
  0x000002299b0eb800 JavaThread "jar transforms Thread 50" [_thread_blocked, id=7336, stack(0x0000005fd2f00000,0x0000005fd3000000)]
  0x000002299b0ec000 JavaThread "jar transforms Thread 49" [_thread_blocked, id=32872, stack(0x0000005fd2e00000,0x0000005fd2f00000)]
  0x000002299b0ed800 JavaThread "jar transforms Thread 48" [_thread_blocked, id=12144, stack(0x0000005fd2d00000,0x0000005fd2e00000)]
  0x000002299b0e1000 JavaThread "jar transforms Thread 47" [_thread_blocked, id=9168, stack(0x0000005fd2c00000,0x0000005fd2d00000)]
  0x000002299b0e6000 JavaThread "jar transforms Thread 46" [_thread_blocked, id=32684, stack(0x0000005fd2b00000,0x0000005fd2c00000)]
  0x000002299b0e7000 JavaThread "jar transforms Thread 45" [_thread_blocked, id=15692, stack(0x0000005fd2a00000,0x0000005fd2b00000)]
  0x000002299b0e4000 JavaThread "jar transforms Thread 44" [_thread_blocked, id=16300, stack(0x0000005fd2900000,0x0000005fd2a00000)]
  0x000002299b0e7800 JavaThread "jar transforms Thread 43" [_thread_blocked, id=13400, stack(0x0000005fd2800000,0x0000005fd2900000)]
  0x000002299b0e5800 JavaThread "jar transforms Thread 42" [_thread_blocked, id=29512, stack(0x0000005fd2700000,0x0000005fd2800000)]
  0x000002299b0e1800 JavaThread "jar transforms Thread 41" [_thread_blocked, id=28784, stack(0x0000005fd2600000,0x0000005fd2700000)]
  0x000002299b0e3000 JavaThread "jar transforms Thread 40" [_thread_blocked, id=17324, stack(0x0000005fd2500000,0x0000005fd2600000)]
  0x000002299b0e0000 JavaThread "jar transforms Thread 39" [_thread_blocked, id=30088, stack(0x0000005fd2400000,0x0000005fd2500000)]
  0x000002299b0df800 JavaThread "jar transforms Thread 38" [_thread_blocked, id=28432, stack(0x0000005fd2300000,0x0000005fd2400000)]
  0x000002299b0e4800 JavaThread "jar transforms Thread 37" [_thread_blocked, id=26504, stack(0x0000005fd2200000,0x0000005fd2300000)]
  0x000002299b0e2800 JavaThread "jar transforms Thread 36" [_thread_blocked, id=25100, stack(0x0000005fd2100000,0x0000005fd2200000)]
  0x000002299d381800 JavaThread "jar transforms Thread 35" [_thread_blocked, id=8988, stack(0x0000005fd2000000,0x0000005fd2100000)]
  0x000002299d382000 JavaThread "jar transforms Thread 34" [_thread_blocked, id=32476, stack(0x0000005fd1f00000,0x0000005fd2000000)]
  0x000002299d380800 JavaThread "jar transforms Thread 33" [_thread_blocked, id=1040, stack(0x0000005fd1e00000,0x0000005fd1f00000)]
  0x000002299d380000 JavaThread "jar transforms Thread 32" [_thread_blocked, id=3944, stack(0x0000005fd1d00000,0x0000005fd1e00000)]
  0x000002299d378800 JavaThread "jar transforms Thread 31" [_thread_blocked, id=30972, stack(0x0000005fd1c00000,0x0000005fd1d00000)]
  0x000002299d37f000 JavaThread "jar transforms Thread 30" [_thread_blocked, id=30584, stack(0x0000005fd1b00000,0x0000005fd1c00000)]
  0x000002299d377800 JavaThread "jar transforms Thread 29" [_thread_blocked, id=23272, stack(0x0000005fd1a00000,0x0000005fd1b00000)]
  0x000002299d37d800 JavaThread "jar transforms Thread 28" [_thread_blocked, id=34660, stack(0x0000005fd1900000,0x0000005fd1a00000)]
  0x000002299d37e800 JavaThread "jar transforms Thread 27" [_thread_blocked, id=12140, stack(0x0000005fd1800000,0x0000005fd1900000)]
  0x000002299d37d000 JavaThread "jar transforms Thread 26" [_thread_blocked, id=27380, stack(0x0000005fd1700000,0x0000005fd1800000)]
  0x000002299d37c000 JavaThread "jar transforms Thread 25" [_thread_blocked, id=33732, stack(0x0000005fd1600000,0x0000005fd1700000)]
  0x000002299d374800 JavaThread "jar transforms Thread 24" [_thread_blocked, id=26664, stack(0x0000005fd1500000,0x0000005fd1600000)]
  0x000002299d37b800 JavaThread "jar transforms Thread 23" [_thread_blocked, id=25612, stack(0x0000005fd1400000,0x0000005fd1500000)]
  0x000002299d379000 JavaThread "jar transforms Thread 22" [_thread_blocked, id=8364, stack(0x0000005fd1300000,0x0000005fd1400000)]
  0x000002299d377000 JavaThread "jar transforms Thread 21" [_thread_blocked, id=32764, stack(0x0000005fd1200000,0x0000005fd1300000)]
  0x000002299d37a800 JavaThread "jar transforms Thread 20" [_thread_blocked, id=2388, stack(0x0000005fd1100000,0x0000005fd1200000)]
  0x000002299d376000 JavaThread "jar transforms Thread 19" [_thread_blocked, id=31148, stack(0x0000005fd1000000,0x0000005fd1100000)]
  0x000002299d374000 JavaThread "jar transforms Thread 18" [_thread_blocked, id=27204, stack(0x0000005fd0f00000,0x0000005fd1000000)]
  0x000002299d37a000 JavaThread "jar transforms Thread 17" [_thread_blocked, id=25044, stack(0x0000005fd0e00000,0x0000005fd0f00000)]
  0x000002299d373000 JavaThread "jar transforms Thread 16" [_thread_blocked, id=12472, stack(0x0000005fd0d00000,0x0000005fd0e00000)]
  0x000002299d375800 JavaThread "jar transforms Thread 15" [_thread_blocked, id=32452, stack(0x0000005fd0c00000,0x0000005fd0d00000)]
  0x000002299d4d5000 JavaThread "jar transforms Thread 14" [_thread_blocked, id=24340, stack(0x0000005fd0b00000,0x0000005fd0c00000)]
  0x000002299d4d4800 JavaThread "jar transforms Thread 13" [_thread_blocked, id=12672, stack(0x0000005fd0a00000,0x0000005fd0b00000)]
  0x000002299d4d3800 JavaThread "jar transforms Thread 12" [_thread_blocked, id=22756, stack(0x0000005fd0900000,0x0000005fd0a00000)]
  0x000002299d4cc000 JavaThread "jar transforms Thread 11" [_thread_blocked, id=26964, stack(0x0000005fd0800000,0x0000005fd0900000)]
  0x000002299d4d3000 JavaThread "jar transforms Thread 10" [_thread_blocked, id=1640, stack(0x0000005fd0700000,0x0000005fd0800000)]
  0x000002299d4d2000 JavaThread "jar transforms Thread 9" [_thread_blocked, id=34676, stack(0x0000005fd0600000,0x0000005fd0700000)]
  0x000002299d4d1800 JavaThread "jar transforms Thread 8" [_thread_blocked, id=28328, stack(0x0000005fd0500000,0x0000005fd0600000)]
  0x000002299d4ca800 JavaThread "jar transforms Thread 7" [_thread_blocked, id=22792, stack(0x0000005fd0400000,0x0000005fd0500000)]
  0x000002299d4ca000 JavaThread "jar transforms Thread 6" [_thread_blocked, id=33372, stack(0x0000005fd0300000,0x0000005fd0400000)]
  0x000002299d4d0800 JavaThread "jar transforms Thread 5" [_thread_blocked, id=14212, stack(0x0000005fd0200000,0x0000005fd0300000)]
  0x000002299d4cd000 JavaThread "jar transforms Thread 4" [_thread_blocked, id=17376, stack(0x0000005fd0100000,0x0000005fd0200000)]
  0x000002299d4cf000 JavaThread "jar transforms Thread 3" [_thread_blocked, id=34520, stack(0x0000005fd0000000,0x0000005fd0100000)]
  0x000002299d4d0000 JavaThread "jar transforms Thread 2" [_thread_blocked, id=33280, stack(0x0000005fcff00000,0x0000005fd0000000)]
  0x00000229991e8000 JavaThread "Cache worker for file content cache (C:\Users\a\.gradle\wrapper\dists\gradle-6.1.1-all\cfmwm155h49vnt3hynmlrsdst\gradle-6.1.1\bin\caches\6.5\fileContent)" [_thread_blocked, id=21284, stack(0x0000005fcf800000,0x0000005fcf900000)]
  0x00000229991e7000 JavaThread "jar transforms" [_thread_blocked, id=30572, stack(0x0000005fcf700000,0x0000005fcf800000)]
  0x00000229991e5800 JavaThread "Cache worker for execution history cache (C:\Users\a\.gradle\wrapper\dists\gradle-6.1.1-all\cfmwm155h49vnt3hynmlrsdst\gradle-6.1.1\bin\caches\6.5\executionHistory)" [_thread_blocked, id=33332, stack(0x0000005fcf600000,0x0000005fcf700000)]
  0x00000229991eb800 JavaThread "Cache worker for file hash cache (C:\Users\a\.gradle\wrapper\dists\gradle-6.1.1-all\cfmwm155h49vnt3hynmlrsdst\gradle-6.1.1\bin\caches\6.5\fileHashes)" [_thread_blocked, id=34084, stack(0x0000005fcf100000,0x0000005fcf200000)]
  0x00000229991e9800 JavaThread "File lock request listener" [_thread_in_native, id=10932, stack(0x0000005fcf000000,0x0000005fcf100000)]
  0x00000229991eb000 JavaThread "Cache worker for journal cache (C:\Users\a\.gradle\wrapper\dists\gradle-6.1.1-all\cfmwm155h49vnt3hynmlrsdst\gradle-6.1.1\bin\caches\journal-1)" [_thread_blocked, id=32400, stack(0x0000005fcef00000,0x0000005fcf000000)]
  0x000002299a938000 JavaThread "Daemon worker" [_thread_blocked, id=12568, stack(0x0000005fceb00000,0x0000005fcec00000)]
  0x000002299a99a000 JavaThread "Daemon" [_thread_blocked, id=26892, stack(0x0000005fce800000,0x0000005fce900000)]
  0x000002299a997000 JavaThread "Daemon periodic checks" [_thread_blocked, id=31216, stack(0x0000005fce700000,0x0000005fce800000)]
  0x000002299a98a000 JavaThread "Incoming local TCP Connector on port 59121" [_thread_in_native, id=34104, stack(0x0000005fce600000,0x0000005fce700000)]
  0x000002299a857000 JavaThread "Daemon health stats" [_thread_blocked, id=23612, stack(0x0000005fce300000,0x0000005fce400000)]
  0x0000022998ac0800 JavaThread "Service Thread" daemon [_thread_blocked, id=24988, stack(0x0000005fce100000,0x0000005fce200000)]
  0x0000022997bdf800 JavaThread "C1 CompilerThread2" daemon [_thread_blocked, id=31828, stack(0x0000005fce000000,0x0000005fce100000)]
  0x0000022997bdf000 JavaThread "C2 CompilerThread1" daemon [_thread_in_native, id=23996, stack(0x0000005fcdf00000,0x0000005fce000000)]
=>0x0000022997bd9800 JavaThread "C2 CompilerThread0" daemon [_thread_in_native, id=26068, stack(0x0000005fcde00000,0x0000005fcdf00000)]
  0x0000022997b84000 JavaThread "Attach Listener" daemon [_thread_blocked, id=22196, stack(0x0000005fcdd00000,0x0000005fcde00000)]
  0x0000022997b83000 JavaThread "Signal Dispatcher" daemon [_thread_blocked, id=23820, stack(0x0000005fcdc00000,0x0000005fcdd00000)]
  0x0000022997b58800 JavaThread "Finalizer" daemon [_thread_blocked, id=33964, stack(0x0000005fcdb00000,0x0000005fcdc00000)]
  0x00000229971c4000 JavaThread "Reference Handler" daemon [_thread_blocked, id=30564, stack(0x0000005fcda00000,0x0000005fcdb00000)]
  0x0000022981124000 JavaThread "main" [_thread_blocked, id=25560, stack(0x0000005fcd200000,0x0000005fcd300000)]

Other Threads:
  0x0000022997b31800 VMThread [stack: 0x0000005fcd900000,0x0000005fcda00000] [id=32092]
  0x0000022998ad7800 WatcherThread [stack: 0x0000005fce200000,0x0000005fce300000] [id=21932]

VM state:at safepoint (normal execution)

VM Mutex/Monitor currently owned by a thread:  ([mutex/lock_event])
[0x0000022981120860] Threads_lock - owner thread: 0x0000022997b31800
[0x0000022981122bf0] Heap_lock - owner thread: 0x0000022999e10000

heap address: 0x0000000080000000, size: 2048 MB, Compressed Oops mode: 32-bit
Narrow klass base: 0x0000000000000000, Narrow klass shift: 3
Compressed class space size: 1073741824 Address: 0x0000000100000000

Heap:
 PSYoungGen      total 231936K, used 70174K [0x00000000d5580000, 0x00000000e4b80000, 0x0000000100000000)
  eden space 217088K, 25% used [0x00000000d5580000,0x00000000d8b8c6b0,0x00000000e2980000)
  from space 14848K, 99% used [0x00000000e2980000,0x00000000e37fb370,0x00000000e3800000)
  to   space 15360K, 16% used [0x00000000e3800000,0x00000000e3a8a020,0x00000000e4700000)
 ParOldGen       total 145408K, used 40050K [0x0000000080000000, 0x0000000088e00000, 0x00000000d5580000)
  object space 145408K, 27% used [0x0000000080000000,0x000000008271cbe8,0x0000000088e00000)
 Metaspace       used 68078K, capacity 71454K, committed 71552K, reserved 1116160K
  class space    used 9457K, capacity 10072K, committed 10112K, reserved 1048576K

Card table byte_map: [0x0000022991de0000,0x00000229921f0000] byte_map_base: 0x00000229919e0000

Marking Bits: (ParMarkBitMap*) 0x0000000077f84fb0
 Begin Bits: [0x00000229924a0000, 0x00000229944a0000)
 End Bits:   [0x00000229944a0000, 0x00000229964a0000)

Polling page: 0x00000229813d0000

CodeCache: size=245760Kb used=22700Kb max_used=23153Kb free=223059Kb
 bounds [0x0000022982a20000, 0x00000229840e0000, 0x0000022991a20000]
 total_blobs=8053 nmethods=7257 adapters=708
 compilation: enabled

Compilation events (10 events):
Event: 8.398 Thread 0x0000022997bdf800 8302       3       org.gradle.internal.event.DefaultListenerManager$ListenerDetails::dispatch (9 bytes)
Event: 8.398 Thread 0x0000022997bdf800 nmethod 8302 0x00000229840cc810 code [0x00000229840cc9a0, 0x00000229840cce90]
Event: 8.398 Thread 0x0000022997bdf800 8303       3       org.gradle.internal.event.DefaultListenerManager$ListenerDetails::dispatch (21 bytes)
Event: 8.398 Thread 0x0000022997bdf800 nmethod 8303 0x00000229840d3550 code [0x00000229840d36c0, 0x00000229840d3a50]
Event: 8.401 Thread 0x0000022997bdf800 8304       3       org.gradle.cache.internal.cacheops.CacheAccessOperationsStack::pushCacheAction (11 bytes)
Event: 8.402 Thread 0x0000022997bdf800 nmethod 8304 0x00000229840d3b90 code [0x00000229840d3d80, 0x00000229840d4640]
Event: 8.402 Thread 0x0000022997bdf800 8305       3       org.gradle.cache.internal.cacheops.CacheOperationStack::pushCacheAction (12 bytes)
Event: 8.402 Thread 0x0000022997bdf800 nmethod 8305 0x00000229840cc450 code [0x00000229840cc5a0, 0x00000229840cc6f8]
Event: 8.442 Thread 0x0000022997bdf800 8306       3       java.util.concurrent.ConcurrentLinkedQueue::first (65 bytes)
Event: 8.443 Thread 0x0000022997bdf800 nmethod 8306 0x00000229840d4a90 code [0x00000229840d4c20, 0x00000229840d5238]

GC Heap History (10 events):
Event: 3.621 GC heap before
{Heap before GC invocations=8 (full 2):
 PSYoungGen      total 232448K, used 8245K [0x00000000d5580000, 0x00000000e4b80000, 0x0000000100000000)
  eden space 217088K, 0% used [0x00000000d5580000,0x00000000d5580000,0x00000000e2980000)
  from space 15360K, 53% used [0x00000000e3800000,0x00000000e400d670,0x00000000e4700000)
  to   space 14848K, 0% used [0x00000000e2980000,0x00000000e2980000,0x00000000e3800000)
 ParOldGen       total 95232K, used 11844K [0x0000000080000000, 0x0000000085d00000, 0x00000000d5580000)
  object space 95232K, 12% used [0x0000000080000000,0x0000000080b913b0,0x0000000085d00000)
 Metaspace       used 34321K, capacity 35454K, committed 35496K, reserved 1079296K
  class space    used 4832K, capacity 5100K, committed 5120K, reserved 1048576K
Event: 3.653 GC heap after
Heap after GC invocations=8 (full 2):
 PSYoungGen      total 232448K, used 0K [0x00000000d5580000, 0x00000000e4b80000, 0x0000000100000000)
  eden space 217088K, 0% used [0x00000000d5580000,0x00000000d5580000,0x00000000e2980000)
  from space 15360K, 0% used [0x00000000e3800000,0x00000000e3800000,0x00000000e4700000)
  to   space 14848K, 0% used [0x00000000e2980000,0x00000000e2980000,0x00000000e3800000)
 ParOldGen       total 145408K, used 15199K [0x0000000080000000, 0x0000000088e00000, 0x00000000d5580000)
  object space 145408K, 10% used [0x0000000080000000,0x0000000080ed7d98,0x0000000088e00000)
 Metaspace       used 34321K, capacity 35454K, committed 35496K, reserved 1079296K
  class space    used 4832K, capacity 5100K, committed 5120K, reserved 1048576K
}
Event: 4.747 GC heap before
{Heap before GC invocations=9 (full 2):
 PSYoungGen      total 232448K, used 217088K [0x00000000d5580000, 0x00000000e4b80000, 0x0000000100000000)
  eden space 217088K, 100% used [0x00000000d5580000,0x00000000e2980000,0x00000000e2980000)
  from space 15360K, 0% used [0x00000000e3800000,0x00000000e3800000,0x00000000e4700000)
  to   space 14848K, 0% used [0x00000000e2980000,0x00000000e2980000,0x00000000e3800000)
 ParOldGen       total 145408K, used 15199K [0x0000000080000000, 0x0000000088e00000, 0x00000000d5580000)
  object space 145408K, 10% used [0x0000000080000000,0x0000000080ed7d98,0x0000000088e00000)
 Metaspace       used 45637K, capacity 47466K, committed 47744K, reserved 1089536K
  class space    used 6313K, capacity 6673K, committed 6784K, reserved 1048576K
Event: 4.759 GC heap after
Heap after GC invocations=9 (full 2):
 PSYoungGen      total 231936K, used 14847K [0x00000000d5580000, 0x00000000e4b80000, 0x0000000100000000)
  eden space 217088K, 0% used [0x00000000d5580000,0x00000000d5580000,0x00000000e2980000)
  from space 14848K, 99% used [0x00000000e2980000,0x00000000e37ffc98,0x00000000e3800000)
  to   space 15360K, 0% used [0x00000000e3800000,0x00000000e3800000,0x00000000e4700000)
 ParOldGen       total 145408K, used 20495K [0x0000000080000000, 0x0000000088e00000, 0x00000000d5580000)
  object space 145408K, 14% used [0x0000000080000000,0x0000000081403c68,0x0000000088e00000)
 Metaspace       used 45637K, capacity 47466K, committed 47744K, reserved 1089536K
  class space    used 6313K, capacity 6673K, committed 6784K, reserved 1048576K
}
Event: 5.772 GC heap before
{Heap before GC invocations=10 (full 2):
 PSYoungGen      total 231936K, used 154610K [0x00000000d5580000, 0x00000000e4b80000, 0x0000000100000000)
  eden space 217088K, 64% used [0x00000000d5580000,0x00000000dddfcf28,0x00000000e2980000)
  from space 14848K, 99% used [0x00000000e2980000,0x00000000e37ffc98,0x00000000e3800000)
  to   space 15360K, 0% used [0x00000000e3800000,0x00000000e3800000,0x00000000e4700000)
 ParOldGen       total 145408K, used 20495K [0x0000000080000000, 0x0000000088e00000, 0x00000000d5580000)
  object space 145408K, 14% used [0x0000000080000000,0x0000000081403c68,0x0000000088e00000)
 Metaspace       used 56771K, capacity 59028K, committed 59136K, reserved 1099776K
  class space    used 7939K, capacity 8393K, committed 8448K, reserved 1048576K
Event: 5.787 GC heap after
Heap after GC invocations=10 (full 2):
 PSYoungGen      total 232448K, used 15332K [0x00000000d5580000, 0x00000000e4b80000, 0x0000000100000000)
  eden space 217088K, 0% used [0x00000000d5580000,0x00000000d5580000,0x00000000e2980000)
  from space 15360K, 99% used [0x00000000e3800000,0x00000000e46f9300,0x00000000e4700000)
  to   space 14848K, 0% used [0x00000000e2980000,0x00000000e2980000,0x00000000e3800000)
 ParOldGen       total 145408K, used 31012K [0x0000000080000000, 0x0000000088e00000, 0x00000000d5580000)
  object space 145408K, 21% used [0x0000000080000000,0x0000000081e49038,0x0000000088e00000)
 Metaspace       used 56771K, capacity 59028K, committed 59136K, reserved 1099776K
  class space    used 7939K, capacity 8393K, committed 8448K, reserved 1048576K
}
Event: 5.787 GC heap before
{Heap before GC invocations=11 (full 3):
 PSYoungGen      total 232448K, used 15332K [0x00000000d5580000, 0x00000000e4b80000, 0x0000000100000000)
  eden space 217088K, 0% used [0x00000000d5580000,0x00000000d5580000,0x00000000e2980000)
  from space 15360K, 99% used [0x00000000e3800000,0x00000000e46f9300,0x00000000e4700000)
  to   space 14848K, 0% used [0x00000000e2980000,0x00000000e2980000,0x00000000e3800000)
 ParOldGen       total 145408K, used 31012K [0x0000000080000000, 0x0000000088e00000, 0x00000000d5580000)
  object space 145408K, 21% used [0x0000000080000000,0x0000000081e49038,0x0000000088e00000)
 Metaspace       used 56771K, capacity 59028K, committed 59136K, reserved 1099776K
  class space    used 7939K, capacity 8393K, committed 8448K, reserved 1048576K
Event: 5.915 GC heap after
Heap after GC invocations=11 (full 3):
 PSYoungGen      total 232448K, used 0K [0x00000000d5580000, 0x00000000e4b80000, 0x0000000100000000)
  eden space 217088K, 0% used [0x00000000d5580000,0x00000000d5580000,0x00000000e2980000)
  from space 15360K, 0% used [0x00000000e3800000,0x00000000e3800000,0x00000000e4700000)
  to   space 14848K, 0% used [0x00000000e2980000,0x00000000e2980000,0x00000000e3800000)
 ParOldGen       total 145408K, used 38253K [0x0000000080000000, 0x0000000088e00000, 0x00000000d5580000)
  object space 145408K, 26% used [0x0000000080000000,0x000000008255b660,0x0000000088e00000)
 Metaspace       used 56757K, capacity 58980K, committed 59136K, reserved 1099776K
  class space    used 7935K, capacity 8385K, committed 8448K, reserved 1048576K
}
Event: 7.978 GC heap before
{Heap before GC invocations=12 (full 3):
 PSYoungGen      total 232448K, used 217088K [0x00000000d5580000, 0x00000000e4b80000, 0x0000000100000000)
  eden space 217088K, 100% used [0x00000000d5580000,0x00000000e2980000,0x00000000e2980000)
  from space 15360K, 0% used [0x00000000e3800000,0x00000000e3800000,0x00000000e4700000)
  to   space 14848K, 0% used [0x00000000e2980000,0x00000000e2980000,0x00000000e3800000)
 ParOldGen       total 145408K, used 38253K [0x0000000080000000, 0x0000000088e00000, 0x00000000d5580000)
  object space 145408K, 26% used [0x0000000080000000,0x000000008255b660,0x0000000088e00000)
 Metaspace       used 65649K, capacity 68788K, committed 68992K, reserved 1107968K
  class space    used 9246K, capacity 9817K, committed 9856K, reserved 1048576K
Event: 7.987 GC heap after
Heap after GC invocations=12 (full 3):
 PSYoungGen      total 231936K, used 14828K [0x00000000d5580000, 0x00000000e4b80000, 0x0000000100000000)
  eden space 217088K, 0% used [0x00000000d5580000,0x00000000d5580000,0x00000000e2980000)
  from space 14848K, 99% used [0x00000000e2980000,0x00000000e37fb370,0x00000000e3800000)
  to   space 15360K, 0% used [0x00000000e3800000,0x00000000e3800000,0x00000000e4700000)
 ParOldGen       total 145408K, used 40050K [0x0000000080000000, 0x0000000088e00000, 0x00000000d5580000)
  object space 145408K, 27% used [0x0000000080000000,0x000000008271cbe8,0x0000000088e00000)
 Metaspace       used 65649K, capacity 68788K, committed 68992K, reserved 1107968K
  class space    used 9246K, capacity 9817K, committed 9856K, reserved 1048576K
}

Deoptimization events (10 events):
Event: 8.376 Thread 0x000002299a938000 Uncommon trap: reason=bimorphic action=maybe_recompile pc=0x0000022983ed97d0 method=com.google.common.cache.LocalCache$Segment.get(Ljava/lang/Object;I)Ljava/lang/Object; @ 44
Event: 8.377 Thread 0x000002299a938000 Uncommon trap: reason=bimorphic action=maybe_recompile pc=0x0000022983ed97d0 method=com.google.common.cache.LocalCache$Segment.get(Ljava/lang/Object;I)Ljava/lang/Object; @ 44
Event: 8.389 Thread 0x00000229991e6800 Uncommon trap: reason=class_check action=maybe_recompile pc=0x0000022983b10428 method=java.util.concurrent.locks.ReentrantLock.lock()V @ 4
Event: 8.389 Thread 0x000002299a938000 Uncommon trap: reason=class_check action=maybe_recompile pc=0x0000022983e9f6e8 method=java.util.HashMap.removeNode(ILjava/lang/Object;Ljava/lang/Object;ZZ)Ljava/util/HashMap$Node; @ 68
Event: 8.390 Thread 0x000002299ef41800 Uncommon trap: reason=class_check action=maybe_recompile pc=0x0000022983b10428 method=java.util.concurrent.locks.ReentrantLock.lock()V @ 4
Event: 8.391 Thread 0x000002299a938000 Uncommon trap: reason=class_check action=maybe_recompile pc=0x0000022983e9f6e8 method=java.util.HashMap.removeNode(ILjava/lang/Object;Ljava/lang/Object;ZZ)Ljava/util/HashMap$Node; @ 68
Event: 8.391 Thread 0x000002299ef43800 Uncommon trap: reason=class_check action=maybe_recompile pc=0x0000022983b10428 method=java.util.concurrent.locks.ReentrantLock.lock()V @ 4
Event: 8.392 Thread 0x000002299a938000 Uncommon trap: reason=class_check action=maybe_recompile pc=0x0000022983e9f6e8 method=java.util.HashMap.removeNode(ILjava/lang/Object;Ljava/lang/Object;ZZ)Ljava/util/HashMap$Node; @ 68
Event: 8.392 Thread 0x0000022999e14800 Uncommon trap: reason=class_check action=maybe_recompile pc=0x0000022983b10428 method=java.util.concurrent.locks.ReentrantLock.lock()V @ 4
Event: 8.394 Thread 0x000002299a938000 Uncommon trap: reason=class_check action=maybe_recompile pc=0x0000022983e9c930 method=java.util.HashMap.removeNode(ILjava/lang/Object;Ljava/lang/Object;ZZ)Ljava/util/HashMap$Node; @ 68

Classes redefined (0 events):
No events

Internal exceptions (10 events):
Event: 7.627 Thread 0x000002299a938000 Exception <a 'java/lang/NoSuchMethodError': <clinit>> (0x00000000e078ddb8) thrown at [C:\jenkins\workspace\8-2-build-windows-amd64-cygwin\jdk8u261\295\hotspot\src\share\vm\prims\jni.cpp, line 1615]
Event: 7.627 Thread 0x000002299a938000 Exception <a 'java/lang/NoSuchMethodError': <clinit>> (0x00000000e07a4f58) thrown at [C:\jenkins\workspace\8-2-build-windows-amd64-cygwin\jdk8u261\295\hotspot\src\share\vm\prims\jni.cpp, line 1615]
Event: 7.632 Thread 0x000002299a938000 Exception <a 'java/lang/NoSuchMethodError': <clinit>> (0x00000000e082daf8) thrown at [C:\jenkins\workspace\8-2-build-windows-amd64-cygwin\jdk8u261\295\hotspot\src\share\vm\prims\jni.cpp, line 1615]
Event: 7.641 Thread 0x0000022999e13000 Exception <a 'java/lang/NoSuchMethodError': <clinit>> (0x00000000d99c6418) thrown at [C:\jenkins\workspace\8-2-build-windows-amd64-cygwin\jdk8u261\295\hotspot\src\share\vm\prims\jni.cpp, line 1615]
Event: 7.926 Thread 0x0000022999e13000 Exception <a 'sun/nio/fs/WindowsException'> (0x00000000e23d6c98) thrown at [C:\jenkins\workspace\8-2-build-windows-amd64-cygwin\jdk8u261\295\hotspot\src\share\vm\prims\jni.cpp, line 710]
Event: 7.926 Thread 0x0000022999e13000 Exception <a 'sun/nio/fs/WindowsException'> (0x00000000e23d7f70) thrown at [C:\jenkins\workspace\8-2-build-windows-amd64-cygwin\jdk8u261\295\hotspot\src\share\vm\prims\jni.cpp, line 710]
Event: 8.255 Thread 0x0000022999e16000 Exception <a 'java/io/IOException'> (0x00000000d6d737b0) thrown at [C:\jenkins\workspace\8-2-build-windows-amd64-cygwin\jdk8u261\295\hotspot\src\share\vm\prims\jni.cpp, line 710]
Event: 8.302 Thread 0x0000022999e13800 Exception <a 'java/io/IOException'> (0x00000000d66402d8) thrown at [C:\jenkins\workspace\8-2-build-windows-amd64-cygwin\jdk8u261\295\hotspot\src\share\vm\prims\jni.cpp, line 710]
Event: 8.336 Thread 0x000002299a9df000 Exception <a 'java/lang/NoSuchMethodError': <clinit>> (0x00000000d56cfdd0) thrown at [C:\jenkins\workspace\8-2-build-windows-amd64-cygwin\jdk8u261\295\hotspot\src\share\vm\prims\jni.cpp, line 1615]
Event: 8.339 Thread 0x000002299a9df000 Exception <a 'java/lang/NoSuchMethodError': <clinit>> (0x00000000d56f8078) thrown at [C:\jenkins\workspace\8-2-build-windows-amd64-cygwin\jdk8u261\295\hotspot\src\share\vm\prims\jni.cpp, line 1615]

Events (10 events):
Event: 8.444 loading class java/util/concurrent/LinkedBlockingDeque$AbstractItr done
Event: 8.444 loading class java/util/concurrent/LinkedBlockingDeque$Itr done
Event: 8.445 loading class org/gradle/launcher/daemon/server/health/gc/GarbageCollectionStats
Event: 8.445 loading class org/gradle/launcher/daemon/server/health/gc/GarbageCollectionStats done
Event: 8.445 loading class org/gradle/launcher/daemon/server/health/DaemonMemoryStatus$3
Event: 8.445 loading class org/gradle/launcher/daemon/server/health/DaemonMemoryStatus$3 done
Event: 8.445 loading class org/gradle/launcher/daemon/server/health/DaemonMemoryStatus$1
Event: 8.445 loading class org/gradle/launcher/daemon/server/health/DaemonMemoryStatus$1 done
Event: 8.446 loading class org/gradle/launcher/daemon/server/health/DaemonMemoryStatus$2
Event: 8.446 loading class org/gradle/launcher/daemon/server/health/DaemonMemoryStatus$2 done


Dynamic libraries:
0x00007ff62ad00000 - 0x00007ff62ad47000 	D:\Language\Java\dk1.8.0_261\bin\java.exe
0x00007ffe0a5c0000 - 0x00007ffe0a7b0000 	C:\WINDOWS\SYSTEM32\ntdll.dll
0x00007ffe08de0000 - 0x00007ffe08e92000 	C:\WINDOWS\System32\KERNEL32.DLL
0x00007ffe07610000 - 0x00007ffe078b5000 	C:\WINDOWS\System32\KERNELBASE.dll
0x00007ffe086a0000 - 0x00007ffe08743000 	C:\WINDOWS\System32\ADVAPI32.dll
0x00007ffe0a070000 - 0x00007ffe0a10e000 	C:\WINDOWS\System32\msvcrt.dll
0x00007ffe08bf0000 - 0x00007ffe08c87000 	C:\WINDOWS\System32\sechost.dll
0x00007ffe0a110000 - 0x00007ffe0a230000 	C:\WINDOWS\System32\RPCRT4.dll
0x00007ffe09580000 - 0x00007ffe09714000 	C:\WINDOWS\System32\USER32.dll
0x00007ffe07c00000 - 0x00007ffe07c21000 	C:\WINDOWS\System32\win32u.dll
0x00007ffe09480000 - 0x00007ffe094a6000 	C:\WINDOWS\System32\GDI32.dll
0x00007ffe078c0000 - 0x00007ffe07a56000 	C:\WINDOWS\System32\gdi32full.dll
0x00007ffe085d0000 - 0x00007ffe0866e000 	C:\WINDOWS\System32\msvcp_win.dll
0x00007ffe084d0000 - 0x00007ffe085ca000 	C:\WINDOWS\System32\ucrtbase.dll
0x00007ffde8ab0000 - 0x00007ffde8d34000 	C:\WINDOWS\WinSxS\amd64_microsoft.windows.common-controls_6595b64144ccf1df_6.0.18362.1256_none_9e7e379be45e40e2\COMCTL32.dll
0x00007ffe087d0000 - 0x00007ffe08b06000 	C:\WINDOWS\System32\combase.dll
0x00007ffe07580000 - 0x00007ffe07601000 	C:\WINDOWS\System32\bcryptPrimitives.dll
0x00007ffe08670000 - 0x00007ffe0869e000 	C:\WINDOWS\System32\IMM32.DLL
0x00007ffdfafc0000 - 0x00007ffdfafd5000 	D:\Language\Java\dk1.8.0_261\jre\bin\vcruntime140.dll
0x00007ffde3d10000 - 0x00007ffde3dab000 	D:\Language\Java\dk1.8.0_261\jre\bin\msvcp140.dll
0x0000000077790000 - 0x0000000077ffc000 	D:\Language\Java\dk1.8.0_261\jre\bin\server\jvm.dll
0x00007ffe09470000 - 0x00007ffe09478000 	C:\WINDOWS\System32\PSAPI.DLL
0x00007ffdfc700000 - 0x00007ffdfc709000 	C:\WINDOWS\SYSTEM32\WSOCK32.dll
0x00007ffe094b0000 - 0x00007ffe0951f000 	C:\WINDOWS\System32\WS2_32.dll
0x00007ffdf9ef0000 - 0x00007ffdf9f14000 	C:\WINDOWS\SYSTEM32\WINMM.dll
0x00007ffe06fe0000 - 0x00007ffe06fea000 	C:\WINDOWS\SYSTEM32\VERSION.dll
0x00007ffdffba0000 - 0x00007ffdffbcd000 	C:\WINDOWS\SYSTEM32\winmmbase.dll
0x00007ffe07530000 - 0x00007ffe0757a000 	C:\WINDOWS\System32\cfgmgr32.dll
0x00007ffe074c0000 - 0x00007ffe074d1000 	C:\WINDOWS\System32\kernel.appcore.dll
0x00007ffdfafb0000 - 0x00007ffdfafc0000 	D:\Language\Java\dk1.8.0_261\jre\bin\verify.dll
0x00007ffdf0b30000 - 0x00007ffdf0b5b000 	D:\Language\Java\dk1.8.0_261\jre\bin\java.dll
0x00007ffdfa260000 - 0x00007ffdfa278000 	D:\Language\Java\dk1.8.0_261\jre\bin\zip.dll
0x00007ffe097c0000 - 0x00007ffe09ea7000 	C:\WINDOWS\System32\SHELL32.dll
0x00007ffe09eb0000 - 0x00007ffe09f59000 	C:\WINDOWS\System32\shcore.dll
0x00007ffe07c90000 - 0x00007ffe08411000 	C:\WINDOWS\System32\windows.storage.dll
0x00007ffe074e0000 - 0x00007ffe07503000 	C:\WINDOWS\System32\profapi.dll
0x00007ffe07470000 - 0x00007ffe074ba000 	C:\WINDOWS\System32\powrprof.dll
0x00007ffe07460000 - 0x00007ffe07470000 	C:\WINDOWS\System32\UMPDC.dll
0x00007ffe09520000 - 0x00007ffe09572000 	C:\WINDOWS\System32\shlwapi.dll
0x00007ffe07bb0000 - 0x00007ffe07bc7000 	C:\WINDOWS\System32\cryptsp.dll
0x00007ffdf5900000 - 0x00007ffdf591c000 	D:\Language\Java\dk1.8.0_261\jre\bin\net.dll
0x00007ffe06be0000 - 0x00007ffe06c47000 	C:\WINDOWS\system32\mswsock.dll
0x00007ffdf5870000 - 0x00007ffdf5883000 	D:\Language\Java\dk1.8.0_261\jre\bin\nio.dll
0x00007ffdee480000 - 0x00007ffdee4a7000 	C:\Users\a\.gradle\wrapper\dists\gradle-6.1.1-all\cfmwm155h49vnt3hynmlrsdst\gradle-6.1.1\bin\native\f6784746aeab05261644944871eae4fe03e0ef1612fff0a4a95f87b438bc6780\windows-amd64\native-platform.dll
0x00007ffdfafa0000 - 0x00007ffdfafad000 	D:\Language\Java\dk1.8.0_261\jre\bin\management.dll
0x00007ffe06750000 - 0x00007ffe06783000 	C:\WINDOWS\system32\rsaenh.dll
0x00007ffe07bd0000 - 0x00007ffe07bf6000 	C:\WINDOWS\System32\bcrypt.dll
0x00007ffe07340000 - 0x00007ffe07365000 	C:\WINDOWS\SYSTEM32\USERENV.dll
0x00007ffe06db0000 - 0x00007ffe06dbc000 	C:\WINDOWS\SYSTEM32\CRYPTBASE.dll
0x00007ffe068f0000 - 0x00007ffe0692a000 	C:\WINDOWS\SYSTEM32\IPHLPAPI.DLL
0x00007ffe09720000 - 0x00007ffe09728000 	C:\WINDOWS\System32\NSI.dll
0x00007ffe02940000 - 0x00007ffe02956000 	C:\WINDOWS\SYSTEM32\dhcpcsvc6.DLL
0x00007ffe028b0000 - 0x00007ffe028cc000 	C:\WINDOWS\SYSTEM32\dhcpcsvc.DLL
0x00007ffe06930000 - 0x00007ffe069fb000 	C:\WINDOWS\SYSTEM32\DNSAPI.dll
0x00007ffe02a00000 - 0x00007ffe02a0b000 	C:\WINDOWS\SYSTEM32\WINNSI.DLL
0x00007ffe03220000 - 0x00007ffe03414000 	C:\WINDOWS\SYSTEM32\dbghelp.dll

VM Arguments:
jvm_args: -Xmx2048m -Dfile.encoding=UTF-8 -Duser.country=CN -Duser.language=zh -Duser.variant 
java_command: org.gradle.launcher.daemon.bootstrap.GradleDaemon 6.5
java_class_path (initial): C:\Users\a\.gradle\wrapper\dists\gradle-6.1.1-all\cfmwm155h49vnt3hynmlrsdst\gradle-6.1.1\bin\wrapper\dists\gradle-6.5-bin\6nifqtx7604sqp1q6g8wikw7p\gradle-6.5\lib\gradle-launcher-6.5.jar
Launcher Type: SUN_STANDARD

Environment Variables:
JAVA_HOME=D:\Language\Java\dk1.8.0_261
PATH=C:\Program Files (x86)\Common Files\Oracle\Java\javapath;C:\ProgramData\Oracle\Java\javapath;C:\WINDOWS\system32;C:\WINDOWS;C:\WINDOWS\System32\Wbem;C:\WINDOWS\System32\WindowsPowerShell\v1.0\;C:\WINDOWS\System32\OpenSSH\;D:\Language\Java\dk1.8.0_261\bin;D:\Language\Java\dk1.8.0_261\jre\bin;D:\SoftWare\WorkSoftware\Git\Git\Git\bin;D:\SoftWare\WorkSoftware\Git\TortoiseGit\bin;D:\Language\Python\python-3.8.5-embed-amd64;D:\SoftWare\WorkSoftware\Svn\bin;C:\Users\a\.gradle\wrapper\dists\gradle-6.5-all\2oz4ud9k3tuxjg84bbf55q0tn\gradle-6.5\bin;E:\Jenkins;D:\SoftWare\WorkSoftware\MySql\mysql-5.6\bin;D:\SoftWare\WorkSoftware\Sonar\sonar-scanner-4.1\bin;D:\Language\Android\Sdk\platform-tools;C:\Users\a\AppData\Local\Microsoft\WindowsApps;
USERNAME=a
OS=Windows_NT
PROCESSOR_IDENTIFIER=Intel64 Family 6 Model 158 Stepping 10, GenuineIntel



---------------  S Y S T E M  ---------------

OS: Windows 10.0 , 64 bit Build 18362 (10.0.18362.1110)

CPU:total 6 (initial active 6) (6 cores per cpu, 1 threads per core) family 6 model 158 stepping 10, cmov, cx8, fxsr, mmx, sse, sse2, sse3, ssse3, sse4.1, sse4.2, popcnt, avx, avx2, aes, clmul, erms, rtm, 3dnowpref, lzcnt, tsc, tscinvbit, bmi1, bmi2, adx

Memory: 4k page, physical 16635276k(1422284k free), swap 31143048k(1276k free)

vm_info: Java HotSpot(TM) 64-Bit Server VM (25.261-b12) for windows-amd64 JRE (1.8.0_261-b12), built on Jun 18 2020 06:56:32 by "" with unknown MS VC++:1916

time: Mon Dec 21 16:10:17 2020
timezone: ?D1¨²¡À¨º¡Á?¨º¡À??
elapsed time: 8 seconds (0d 0h 0m 8s)

