#
# There is insufficient memory for the Java Runtime Environment to continue.
# Native memory allocation (malloc) failed to allocate 592336 bytes for Chunk::new
# Possible reasons:
#   The system is out of physical RAM or swap space
#   The process is running with CompressedOops enabled, and the Java Heap may be blocking the growth of the native heap
# Possible solutions:
#   Reduce memory load on the system
#   Increase physical memory or swap space
#   Check if swap backing store is full
#   Decrease Java heap size (-Xmx/-Xms)
#   Decrease number of Java threads
#   Decrease Java thread stack sizes (-Xss)
#   Set larger code cache with -XX:ReservedCodeCacheSize=
#   JVM is running with Unscaled Compressed Oops mode in which the Java heap is
#     placed in the first 4GB address space. The Java Heap base address is the
#     maximum limit for the native heap growth. Please use -XX:HeapBaseMinAddress
#     to set the Java Heap base and to place the Java Heap above 4GB virtual address.
# This output file may be truncated or incomplete.
#
#  Out of Memory Error (allocation.cpp:389), pid=34552, tid=0x0000000000008738
#
# JRE version: Java(TM) SE Runtime Environment (8.0_261-b12) (build 1.8.0_261-b12)
# Java VM: Java HotSpot(TM) 64-Bit Server VM (25.261-b12 mixed mode windows-amd64 compressed oops)
# Failed to write core dump. Minidumps are not enabled by default on client versions of Windows
#

---------------  T H R E A D  ---------------

Current thread (0x000001934d35b000):  JavaThread "C2 CompilerThread1" daemon [_thread_in_native, id=34616, stack(0x0000008e18300000,0x0000008e18400000)]

Stack: [0x0000008e18300000,0x0000008e18400000]
Native frames: (J=compiled Java code, j=interpreted, Vv=VM code, C=native code)
V  [jvm.dll+0x33e5f9]
V  [jvm.dll+0x2850e2]
V  [jvm.dll+0x285d8d]
V  [jvm.dll+0x27c895]
V  [jvm.dll+0xe4d6c]
V  [jvm.dll+0xe556c]
V  [jvm.dll+0x47ece3]
V  [jvm.dll+0x446900]
V  [jvm.dll+0x44f8f5]
V  [jvm.dll+0x44ecb5]
V  [jvm.dll+0x439bc7]
V  [jvm.dll+0xbbbcb]
V  [jvm.dll+0xba22b]
V  [jvm.dll+0x24d962]
V  [jvm.dll+0x2a1cfc]
C  [ucrtbase.dll+0x210b2]
C  [KERNEL32.DLL+0x17c24]
C  [ntdll.dll+0x6d4d1]


Current CompileTask:
C2:   9076 6520       4       org.gradle.cache.internal.btree.FreeListBlockStore::read (12 bytes)


---------------  P R O C E S S  ---------------

Java Threads: ( => current thread )
  0x0000019355b05800 JavaThread "Cache worker for execution history cache (E:\Android\NavInfo\Client\Demo\Client_AnimationTest\.gradle\6.5\executionHistory)" [_thread_blocked, id=31544, stack(0x0000008e20600000,0x0000008e20700000)]
  0x0000019355b0c000 JavaThread "Execution worker for ':' Thread 5" [_thread_blocked, id=24204, stack(0x0000008e20500000,0x0000008e20600000)]
  0x0000019355b0b800 JavaThread "Execution worker for ':' Thread 4" [_thread_blocked, id=30396, stack(0x0000008e20400000,0x0000008e20500000)]
  0x0000019355b04000 JavaThread "Execution worker for ':' Thread 3" [_thread_blocked, id=34052, stack(0x0000008e20300000,0x0000008e20400000)]
  0x0000019355b04800 JavaThread "Execution worker for ':' Thread 2" [_thread_blocked, id=31308, stack(0x0000008e20200000,0x0000008e20300000)]
  0x0000019355b07800 JavaThread "Execution worker for ':'" [_thread_blocked, id=31560, stack(0x0000008e20100000,0x0000008e20200000)]
  0x0000019355b0a000 JavaThread "Cache worker for file content cache (E:\Android\NavInfo\Client\Demo\Client_AnimationTest\.gradle\6.5\fileContent)" [_thread_blocked, id=34756, stack(0x0000008e20000000,0x0000008e20100000)]
  0x0000019355b09000 JavaThread "Memory manager" [_thread_blocked, id=11796, stack(0x0000008e1ff00000,0x0000008e20000000)]
  0x0000019355b07000 JavaThread "Cache worker for Build Output Cleanup Cache (E:\Android\NavInfo\Client\Demo\Client_AnimationTest\.gradle\buildOutputCleanup)" [_thread_blocked, id=30608, stack(0x0000008e1fe00000,0x0000008e1ff00000)]
  0x0000019355b0a800 JavaThread "jar transforms Thread 92" [_thread_blocked, id=1480, stack(0x0000008e1fd00000,0x0000008e1fe00000)]
  0x0000019355b02800 JavaThread "jar transforms Thread 91" [_thread_blocked, id=5404, stack(0x0000008e1fc00000,0x0000008e1fd00000)]
  0x0000019355b03000 JavaThread "jar transforms Thread 90" [_thread_blocked, id=15204, stack(0x0000008e1fb00000,0x0000008e1fc00000)]
  0x0000019355b08800 JavaThread "jar transforms Thread 89" [_thread_blocked, id=6360, stack(0x0000008e1fa00000,0x0000008e1fb00000)]
  0x00000193523a7000 JavaThread "jar transforms Thread 88" [_thread_blocked, id=34620, stack(0x0000008e1f900000,0x0000008e1fa00000)]
  0x00000193523a6800 JavaThread "jar transforms Thread 87" [_thread_blocked, id=16760, stack(0x0000008e1f800000,0x0000008e1f900000)]
  0x00000193523ab000 JavaThread "jar transforms Thread 86" [_thread_blocked, id=12620, stack(0x0000008e1f700000,0x0000008e1f800000)]
  0x00000193523a5800 JavaThread "jar transforms Thread 85" [_thread_blocked, id=10792, stack(0x0000008e1f600000,0x0000008e1f700000)]
  0x00000193523a3800 JavaThread "jar transforms Thread 84" [_thread_blocked, id=26116, stack(0x0000008e1f500000,0x0000008e1f600000)]
  0x00000193523aa000 JavaThread "jar transforms Thread 83" [_thread_blocked, id=14400, stack(0x0000008e1f400000,0x0000008e1f500000)]
  0x00000193523a4000 JavaThread "jar transforms Thread 82" [_thread_blocked, id=34260, stack(0x0000008e1f300000,0x0000008e1f400000)]
  0x00000193523a8000 JavaThread "jar transforms Thread 81" [_thread_blocked, id=32788, stack(0x0000008e1f200000,0x0000008e1f300000)]
  0x00000193523a5000 JavaThread "jar transforms Thread 80" [_thread_blocked, id=33120, stack(0x0000008e1f100000,0x0000008e1f200000)]
  0x00000193523a8800 JavaThread "jar transforms Thread 79" [_thread_blocked, id=33992, stack(0x0000008e1f000000,0x0000008e1f100000)]
  0x00000193523a9800 JavaThread "jar transforms Thread 78" [_thread_blocked, id=16520, stack(0x0000008e1ef00000,0x0000008e1f000000)]
  0x000001935239c800 JavaThread "jar transforms Thread 77" [_thread_blocked, id=31868, stack(0x0000008e1ee00000,0x0000008e1ef00000)]
  0x00000193523a2800 JavaThread "jar transforms Thread 76" [_thread_blocked, id=32804, stack(0x0000008e1ed00000,0x0000008e1ee00000)]
  0x00000193523a1000 JavaThread "jar transforms Thread 75" [_thread_blocked, id=17664, stack(0x0000008e1ec00000,0x0000008e1ed00000)]
  0x000001935239f000 JavaThread "jar transforms Thread 74" [_thread_blocked, id=4944, stack(0x0000008e1eb00000,0x0000008e1ec00000)]
  0x000001935239e000 JavaThread "jar transforms Thread 73" [_thread_blocked, id=34208, stack(0x0000008e1ea00000,0x0000008e1eb00000)]
  0x000001935239d800 JavaThread "jar transforms Thread 72" [_thread_blocked, id=28716, stack(0x0000008e1e900000,0x0000008e1ea00000)]
  0x00000193523a2000 JavaThread "jar transforms Thread 71" [_thread_blocked, id=12596, stack(0x0000008e1e800000,0x0000008e1e900000)]
  0x000001935239c000 JavaThread "jar transforms Thread 70" [_thread_blocked, id=31836, stack(0x0000008e1e700000,0x0000008e1e800000)]
  0x00000193523a0800 JavaThread "jar transforms Thread 69" [_thread_blocked, id=23144, stack(0x0000008e1e600000,0x0000008e1e700000)]
  0x000001935239f800 JavaThread "jar transforms Thread 68" [_thread_blocked, id=32264, stack(0x0000008e1e500000,0x0000008e1e600000)]
  0x000001935596c000 JavaThread "jar transforms Thread 67" [_thread_blocked, id=32540, stack(0x0000008e1e400000,0x0000008e1e500000)]
  0x000001935596e800 JavaThread "jar transforms Thread 66" [_thread_blocked, id=33104, stack(0x0000008e1e300000,0x0000008e1e400000)]
  0x000001935596b000 JavaThread "jar transforms Thread 65" [_thread_blocked, id=19284, stack(0x0000008e1e200000,0x0000008e1e300000)]
  0x000001935596d800 JavaThread "jar transforms Thread 64" [_thread_blocked, id=30756, stack(0x0000008e1e100000,0x0000008e1e200000)]
  0x000001935596c800 JavaThread "jar transforms Thread 63" [_thread_blocked, id=12704, stack(0x0000008e1e000000,0x0000008e1e100000)]
  0x000001935596a800 JavaThread "jar transforms Thread 62" [_thread_blocked, id=33404, stack(0x0000008e1df00000,0x0000008e1e000000)]
  0x0000019355963000 JavaThread "jar transforms Thread 61" [_thread_blocked, id=31020, stack(0x0000008e1de00000,0x0000008e1df00000)]
  0x0000019355969800 JavaThread "jar transforms Thread 60" [_thread_blocked, id=32120, stack(0x0000008e1dd00000,0x0000008e1de00000)]
  0x0000019355962000 JavaThread "jar transforms Thread 59" [_thread_blocked, id=840, stack(0x0000008e1dc00000,0x0000008e1dd00000)]
  0x0000019355969000 JavaThread "jar transforms Thread 58" [_thread_blocked, id=14868, stack(0x0000008e1db00000,0x0000008e1dc00000)]
  0x0000019355967800 JavaThread "jar transforms Thread 57" [_thread_blocked, id=33168, stack(0x0000008e1da00000,0x0000008e1db00000)]
  0x0000019355968000 JavaThread "jar transforms Thread 56" [_thread_blocked, id=18144, stack(0x0000008e1d900000,0x0000008e1da00000)]
  0x0000019355966800 JavaThread "jar transforms Thread 55" [_thread_blocked, id=28528, stack(0x0000008e1d800000,0x0000008e1d900000)]
  0x000001935595f000 JavaThread "jar transforms Thread 54" [_thread_blocked, id=29232, stack(0x0000008e1d700000,0x0000008e1d800000)]
  0x0000019355965000 JavaThread "jar transforms Thread 53" [_thread_blocked, id=25368, stack(0x0000008e1d600000,0x0000008e1d700000)]
  0x0000019355960000 JavaThread "jar transforms Thread 52" [_thread_blocked, id=30292, stack(0x0000008e1d500000,0x0000008e1d600000)]
  0x0000019355966000 JavaThread "jar transforms Thread 51" [_thread_blocked, id=9880, stack(0x0000008e1d400000,0x0000008e1d500000)]
  0x0000019355964800 JavaThread "jar transforms Thread 50" [_thread_blocked, id=13232, stack(0x0000008e1d300000,0x0000008e1d400000)]
  0x0000019355961800 JavaThread "jar transforms Thread 49" [_thread_blocked, id=31588, stack(0x0000008e1d200000,0x0000008e1d300000)]
  0x0000019355963800 JavaThread "jar transforms Thread 48" [_thread_blocked, id=10940, stack(0x0000008e1d100000,0x0000008e1d200000)]
  0x0000019355960800 JavaThread "jar transforms Thread 47" [_thread_blocked, id=34340, stack(0x0000008e1d000000,0x0000008e1d100000)]
  0x000001935338a000 JavaThread "jar transforms Thread 46" [_thread_blocked, id=30428, stack(0x0000008e1cf00000,0x0000008e1d000000)]
  0x0000019353389800 JavaThread "jar transforms Thread 45" [_thread_blocked, id=29332, stack(0x0000008e1ce00000,0x0000008e1cf00000)]
  0x000001935338b000 JavaThread "jar transforms Thread 44" [_thread_blocked, id=19964, stack(0x0000008e1cd00000,0x0000008e1ce00000)]
  0x0000019353388800 JavaThread "jar transforms Thread 43" [_thread_blocked, id=32020, stack(0x0000008e1cc00000,0x0000008e1cd00000)]
  0x0000019353385800 JavaThread "jar transforms Thread 42" [_thread_blocked, id=2364, stack(0x0000008e1cb00000,0x0000008e1cc00000)]
  0x0000019353387000 JavaThread "jar transforms Thread 41" [_thread_blocked, id=32000, stack(0x0000008e1ca00000,0x0000008e1cb00000)]
  0x0000019353386800 JavaThread "jar transforms Thread 40" [_thread_blocked, id=13972, stack(0x0000008e1c900000,0x0000008e1ca00000)]
  0x000001935338c800 JavaThread "jar transforms Thread 39" [_thread_blocked, id=25464, stack(0x0000008e1c800000,0x0000008e1c900000)]
  0x000001935338b800 JavaThread "jar transforms Thread 38" [_thread_blocked, id=32372, stack(0x0000008e1c700000,0x0000008e1c800000)]
  0x0000019353388000 JavaThread "jar transforms Thread 37" [_thread_blocked, id=21576, stack(0x0000008e1c600000,0x0000008e1c700000)]
  0x000001935337e000 JavaThread "jar transforms Thread 36" [_thread_blocked, id=19012, stack(0x0000008e1c500000,0x0000008e1c600000)]
  0x0000019353385000 JavaThread "jar transforms Thread 35" [_thread_blocked, id=24368, stack(0x0000008e1c400000,0x0000008e1c500000)]
  0x0000019353383800 JavaThread "jar transforms Thread 34" [_thread_blocked, id=33052, stack(0x0000008e1c300000,0x0000008e1c400000)]
  0x0000019353382800 JavaThread "jar transforms Thread 33" [_thread_blocked, id=21600, stack(0x0000008e1c200000,0x0000008e1c300000)]
  0x0000019353381000 JavaThread "jar transforms Thread 32" [_thread_blocked, id=23300, stack(0x0000008e1c100000,0x0000008e1c200000)]
  0x0000019353380800 JavaThread "jar transforms Thread 31" [_thread_blocked, id=15336, stack(0x0000008e1c000000,0x0000008e1c100000)]
  0x000001935337d800 JavaThread "jar transforms Thread 30" [_thread_blocked, id=28852, stack(0x0000008e1bf00000,0x0000008e1c000000)]
  0x000001935337f800 JavaThread "jar transforms Thread 29" [_thread_blocked, id=33980, stack(0x0000008e1be00000,0x0000008e1bf00000)]
  0x0000019353384000 JavaThread "jar transforms Thread 28" [_thread_blocked, id=31084, stack(0x0000008e1bd00000,0x0000008e1be00000)]
  0x0000019353382000 JavaThread "jar transforms Thread 27" [_thread_blocked, id=34124, stack(0x0000008e1bc00000,0x0000008e1bd00000)]
  0x000001935337f000 JavaThread "jar transforms Thread 26" [_thread_blocked, id=8156, stack(0x0000008e1bb00000,0x0000008e1bc00000)]
  0x0000019355a81800 JavaThread "jar transforms Thread 25" [_thread_blocked, id=21788, stack(0x0000008e1ba00000,0x0000008e1bb00000)]
  0x0000019355a80800 JavaThread "jar transforms Thread 24" [_thread_blocked, id=27740, stack(0x0000008e1b900000,0x0000008e1ba00000)]
  0x0000019355a82000 JavaThread "jar transforms Thread 23" [_thread_blocked, id=27356, stack(0x0000008e1b800000,0x0000008e1b900000)]
  0x0000019355a7f000 JavaThread "jar transforms Thread 22" [_thread_blocked, id=32812, stack(0x0000008e1b700000,0x0000008e1b800000)]
  0x0000019355a7e800 JavaThread "jar transforms Thread 21" [_thread_blocked, id=27604, stack(0x0000008e1b600000,0x0000008e1b700000)]
  0x0000019355a83800 JavaThread "jar transforms Thread 20" [_thread_blocked, id=24520, stack(0x0000008e1b500000,0x0000008e1b600000)]
  0x0000019355a80000 JavaThread "jar transforms Thread 19" [_thread_blocked, id=33784, stack(0x0000008e1b400000,0x0000008e1b500000)]
  0x0000019355a7d000 JavaThread "jar transforms Thread 18" [_thread_blocked, id=19488, stack(0x0000008e1b300000,0x0000008e1b400000)]
  0x0000019355a7d800 JavaThread "jar transforms Thread 17" [_thread_blocked, id=29648, stack(0x0000008e1b200000,0x0000008e1b300000)]
  0x0000019355a83000 JavaThread "jar transforms Thread 16" [_thread_blocked, id=21592, stack(0x0000008e1b100000,0x0000008e1b200000)]
  0x0000019355a75800 JavaThread "jar transforms Thread 15" [_thread_blocked, id=32336, stack(0x0000008e1b000000,0x0000008e1b100000)]
  0x0000019355a7c000 JavaThread "jar transforms Thread 14" [_thread_blocked, id=19804, stack(0x0000008e1af00000,0x0000008e1b000000)]
  0x0000019355a74800 JavaThread "jar transforms Thread 13" [_thread_blocked, id=31328, stack(0x0000008e1ae00000,0x0000008e1af00000)]
  0x0000019355a7b800 JavaThread "jar transforms Thread 12" [_thread_blocked, id=29252, stack(0x0000008e1ad00000,0x0000008e1ae00000)]
  0x0000019355a77000 JavaThread "jar transforms Thread 11" [_thread_blocked, id=25484, stack(0x0000008e1ac00000,0x0000008e1ad00000)]
  0x0000019355a7a800 JavaThread "jar transforms Thread 10" [_thread_blocked, id=33584, stack(0x0000008e1ab00000,0x0000008e1ac00000)]
  0x0000019355a76000 JavaThread "jar transforms Thread 9" [_thread_blocked, id=25052, stack(0x0000008e1aa00000,0x0000008e1ab00000)]
  0x0000019355a7a000 JavaThread "jar transforms Thread 8" [_thread_blocked, id=33900, stack(0x0000008e1a900000,0x0000008e1aa00000)]
  0x0000019355a77800 JavaThread "jar transforms Thread 7" [_thread_blocked, id=30276, stack(0x0000008e1a800000,0x0000008e1a900000)]
  0x0000019355a79000 JavaThread "jar transforms Thread 6" [_thread_blocked, id=9908, stack(0x0000008e1a700000,0x0000008e1a800000)]
  0x0000019355a78800 JavaThread "jar transforms Thread 5" [_thread_blocked, id=34096, stack(0x0000008e1a600000,0x0000008e1a700000)]
  0x000001934fe00000 JavaThread "jar transforms Thread 4" [_thread_blocked, id=33028, stack(0x0000008e1a500000,0x0000008e1a600000)]
  0x000001934fdfe800 JavaThread "jar transforms Thread 3" [_thread_blocked, id=22260, stack(0x0000008e1a400000,0x0000008e1a500000)]
  0x000001934fdff800 JavaThread "jar transforms Thread 2" [_thread_blocked, id=32292, stack(0x0000008e1a300000,0x0000008e1a400000)]
  0x000001934fdfe000 JavaThread "Build operations Thread 6" [_thread_blocked, id=14396, stack(0x0000008e1a200000,0x0000008e1a300000)]
  0x000001934fdfd000 JavaThread "Build operations Thread 5" [_thread_blocked, id=27260, stack(0x0000008e1a100000,0x0000008e1a200000)]
  0x000001934fdf5800 JavaThread "Build operations Thread 4" [_thread_blocked, id=32272, stack(0x0000008e1a000000,0x0000008e1a100000)]
  0x000001934fdfc800 JavaThread "Build operations Thread 3" [_thread_blocked, id=30832, stack(0x0000008e19f00000,0x0000008e1a000000)]
  0x000001934fdfb800 JavaThread "Build operations Thread 2" [_thread_blocked, id=32344, stack(0x0000008e19e00000,0x0000008e19f00000)]
  0x000001934fdf4000 JavaThread "Build operations" [_thread_blocked, id=24144, stack(0x0000008e19d00000,0x0000008e19e00000)]
  0x000001934fdf2800 JavaThread "Cache worker for file content cache (C:\Users\a\.gradle\wrapper\dists\gradle-6.1.1-all\cfmwm155h49vnt3hynmlrsdst\gradle-6.1.1\bin\caches\6.5\fileContent)" [_thread_blocked, id=33824, stack(0x0000008e19c00000,0x0000008e19d00000)]
  0x000001934fdf5000 JavaThread "jar transforms" [_thread_blocked, id=26132, stack(0x0000008e19b00000,0x0000008e19c00000)]
  0x000001934fdf9800 JavaThread "Cache worker for execution history cache (C:\Users\a\.gradle\wrapper\dists\gradle-6.1.1-all\cfmwm155h49vnt3hynmlrsdst\gradle-6.1.1\bin\caches\6.5\executionHistory)" [_thread_blocked, id=6564, stack(0x0000008e19a00000,0x0000008e19b00000)]
  0x000001934fdf8000 JavaThread "Cache worker for cache directory md-rule (C:\Users\a\.gradle\wrapper\dists\gradle-6.1.1-all\cfmwm155h49vnt3hynmlrsdst\gradle-6.1.1\bin\caches\6.5\md-rule)" [_thread_blocked, id=33896, stack(0x0000008e19900000,0x0000008e19a00000)]
  0x000001934fdf7000 JavaThread "Cache worker for cache directory md-supplier (C:\Users\a\.gradle\wrapper\dists\gradle-6.1.1-all\cfmwm155h49vnt3hynmlrsdst\gradle-6.1.1\bin\caches\6.5\md-supplier)" [_thread_blocked, id=22956, stack(0x0000008e19800000,0x0000008e19900000)]
  0x000001934fdf8800 JavaThread "Cache worker for checksums cache (E:\Android\NavInfo\Client\Demo\Client_AnimationTest\.gradle\checksums)" [_thread_blocked, id=33664, stack(0x0000008e19700000,0x0000008e19800000)]
  0x000001934fdf6800 JavaThread "Cache worker for file hash cache (E:\Android\NavInfo\Client\Demo\Client_AnimationTest\.gradle\6.5\fileHashes)" [_thread_blocked, id=29408, stack(0x0000008e19600000,0x0000008e19700000)]
  0x000001934fdf3800 JavaThread "Cache worker for file hash cache (C:\Users\a\.gradle\wrapper\dists\gradle-6.1.1-all\cfmwm155h49vnt3hynmlrsdst\gradle-6.1.1\bin\caches\6.5\fileHashes)" [_thread_blocked, id=29036, stack(0x0000008e19500000,0x0000008e19600000)]
  0x000001934fdf2000 JavaThread "File lock request listener" [_thread_in_native, id=13528, stack(0x0000008e19400000,0x0000008e19500000)]
  0x000001934fdf1000 JavaThread "Cache worker for journal cache (C:\Users\a\.gradle\wrapper\dists\gradle-6.1.1-all\cfmwm155h49vnt3hynmlrsdst\gradle-6.1.1\bin\caches\journal-1)" [_thread_blocked, id=34440, stack(0x0000008e19300000,0x0000008e19400000)]
  0x000001934fbfd000 JavaThread "Thread-9" [_thread_blocked, id=33300, stack(0x0000008e19200000,0x0000008e19300000)]
  0x000001934fbfc800 JavaThread "Stdin handler" [_thread_blocked, id=16796, stack(0x0000008e19100000,0x0000008e19200000)]
  0x000001934fbfe000 JavaThread "Asynchronous log dispatcher for DefaultDaemonConnection: socket connection from /127.0.0.1:59080 to /127.0.0.1:59081" [_thread_blocked, id=26192, stack(0x0000008e19000000,0x0000008e19100000)]
  0x000001934fbfb000 JavaThread "Daemon worker" [_thread_in_native, id=32328, stack(0x0000008e18f00000,0x0000008e19000000)]
  0x000001934fbfb800 JavaThread "Cancel handler" [_thread_blocked, id=33576, stack(0x0000008e18e00000,0x0000008e18f00000)]
  0x000001934fbfa000 JavaThread "Handler for socket connection from /127.0.0.1:59080 to /127.0.0.1:59081" [_thread_in_native, id=33808, stack(0x0000008e18d00000,0x0000008e18e00000)]
  0x000001934fbf8800 JavaThread "Daemon" [_thread_blocked, id=344, stack(0x0000008e18c00000,0x0000008e18d00000)]
  0x000001934fbf9800 JavaThread "Daemon periodic checks" [_thread_blocked, id=30872, stack(0x0000008e18b00000,0x0000008e18c00000)]
  0x000001934fbff800 JavaThread "Incoming local TCP Connector on port 59080" [_thread_in_native, id=16000, stack(0x0000008e18a00000,0x0000008e18b00000)]
  0x000001934fbfe800 JavaThread "Daemon health stats" [_thread_blocked, id=34136, stack(0x0000008e18700000,0x0000008e18800000)]
  0x000001934e228800 JavaThread "Service Thread" daemon [_thread_blocked, id=31772, stack(0x0000008e18500000,0x0000008e18600000)]
  0x000001934d35c800 JavaThread "C1 CompilerThread2" daemon [_thread_blocked, id=32964, stack(0x0000008e18400000,0x0000008e18500000)]
=>0x000001934d35b000 JavaThread "C2 CompilerThread1" daemon [_thread_in_native, id=34616, stack(0x0000008e18300000,0x0000008e18400000)]
  0x000001934d359000 JavaThread "C2 CompilerThread0" daemon [_thread_blocked, id=33164, stack(0x0000008e18200000,0x0000008e18300000)]
  0x000001934d304000 JavaThread "Attach Listener" daemon [_thread_blocked, id=27580, stack(0x0000008e18100000,0x0000008e18200000)]
  0x000001934d356000 JavaThread "Signal Dispatcher" daemon [_thread_blocked, id=11588, stack(0x0000008e18000000,0x0000008e18100000)]
  0x0000019336aea000 JavaThread "Finalizer" daemon [_thread_blocked, id=27844, stack(0x0000008e17f00000,0x0000008e18000000)]
  0x0000019336ae3000 JavaThread "Reference Handler" daemon [_thread_blocked, id=13160, stack(0x0000008e17e00000,0x0000008e17f00000)]
  0x00000193368d3800 JavaThread "main" [_thread_blocked, id=15860, stack(0x0000008e17600000,0x0000008e17700000)]

Other Threads:
  0x000001934d2b4000 VMThread [stack: 0x0000008e17d00000,0x0000008e17e00000] [id=28760]
  0x000001934e237800 WatcherThread [stack: 0x0000008e18600000,0x0000008e18700000] [id=19572]

VM state:not at safepoint (normal execution)

VM Mutex/Monitor currently owned by a thread: None

heap address: 0x0000000080000000, size: 2048 MB, Compressed Oops mode: 32-bit
Narrow klass base: 0x0000000000000000, Narrow klass shift: 3
Compressed class space size: 1073741824 Address: 0x0000000100000000

Heap:
 PSYoungGen      total 210432K, used 131509K [0x00000000d5580000, 0x00000000e4f00000, 0x0000000100000000)
  eden space 193024K, 68% used [0x00000000d5580000,0x00000000dd5ed6e8,0x00000000e1200000)
  from space 17408K, 0% used [0x00000000e2600000,0x00000000e2600000,0x00000000e3700000)
  to   space 20480K, 0% used [0x00000000e1200000,0x00000000e1200000,0x00000000e2600000)
 ParOldGen       total 149504K, used 34879K [0x0000000080000000, 0x0000000089200000, 0x00000000d5580000)
  object space 149504K, 23% used [0x0000000080000000,0x000000008220fea0,0x0000000089200000)
 Metaspace       used 63257K, capacity 66282K, committed 66432K, reserved 1105920K
  class space    used 8965K, capacity 9536K, committed 9600K, reserved 1048576K

Card table byte_map: [0x0000019347690000,0x0000019347aa0000] byte_map_base: 0x0000019347290000

Marking Bits: (ParMarkBitMap*) 0x0000000077f84fb0
 Begin Bits: [0x0000019347d50000, 0x0000019349d50000)
 End Bits:   [0x0000019349d50000, 0x000001934bd50000)

Polling page: 0x0000019336890000

CodeCache: size=245760Kb used=18667Kb max_used=18680Kb free=227092Kb
 bounds [0x00000193382d0000, 0x0000019339530000, 0x00000193472d0000]
 total_blobs=6633 nmethods=5847 adapters=698
 compilation: enabled

Compilation events (10 events):
Event: 8.971 Thread 0x000001934d35c800 6629       3       org.gradle.api.internal.provider.Providers$FixedValueProvider::calculateOwnValue (8 bytes)
Event: 8.971 Thread 0x000001934d35c800 nmethod 6629 0x0000019338922b10 code [0x0000019338922ca0, 0x00000193389230d0]
Event: 8.972 Thread 0x000001934d35c800 6627       1       java.util.stream.Collectors$CollectorImpl::supplier (5 bytes)
Event: 8.972 Thread 0x000001934d35c800 nmethod 6627 0x000001933869c650 code [0x000001933869c7a0, 0x000001933869c8b8]
Event: 8.972 Thread 0x000001934d35c800 6630       3       org.gradle.util.DeferredUtil::unpack (47 bytes)
Event: 8.972 Thread 0x000001934d35c800 nmethod 6630 0x0000019338fd2450 code [0x0000019338fd2620, 0x0000019338fd2df0]
Event: 8.978 Thread 0x000001934d35c800 6631   !   3       sun.nio.ch.SocketChannelImpl::ensureWriteOpen (63 bytes)
Event: 8.978 Thread 0x000001934d35c800 nmethod 6631 0x0000019339027990 code [0x0000019339027b80, 0x0000019339028450]
Event: 8.978 Thread 0x000001934d35c800 6632   !   3       sun.nio.ch.IOUtil::write (142 bytes)
Event: 8.979 Thread 0x000001934d35c800 nmethod 6632 0x000001933859e190 code [0x000001933859e380, 0x000001933859ec60]

GC Heap History (10 events):
Event: 4.037 GC heap before
{Heap before GC invocations=9 (full 2):
 PSYoungGen      total 114688K, used 8245K [0x00000000d5580000, 0x00000000e1180000, 0x0000000100000000)
  eden space 102400K, 0% used [0x00000000d5580000,0x00000000d5580000,0x00000000db980000)
  from space 12288K, 67% used [0x00000000db980000,0x00000000dc18d670,0x00000000dc580000)
  to   space 11776K, 0% used [0x00000000e0600000,0x00000000e0600000,0x00000000e1180000)
 ParOldGen       total 100352K, used 8709K [0x0000000080000000, 0x0000000086200000, 0x00000000d5580000)
  object space 100352K, 8% used [0x0000000080000000,0x0000000080881730,0x0000000086200000)
 Metaspace       used 34341K, capacity 35454K, committed 35496K, reserved 1079296K
  class space    used 4835K, capacity 5100K, committed 5120K, reserved 1048576K
Event: 4.066 GC heap after
Heap after GC invocations=9 (full 2):
 PSYoungGen      total 114688K, used 0K [0x00000000d5580000, 0x00000000e1180000, 0x0000000100000000)
  eden space 102400K, 0% used [0x00000000d5580000,0x00000000d5580000,0x00000000db980000)
  from space 12288K, 0% used [0x00000000db980000,0x00000000db980000,0x00000000dc580000)
  to   space 11776K, 0% used [0x00000000e0600000,0x00000000e0600000,0x00000000e1180000)
 ParOldGen       total 149504K, used 15158K [0x0000000080000000, 0x0000000089200000, 0x00000000d5580000)
  object space 149504K, 10% used [0x0000000080000000,0x0000000080ecd8e8,0x0000000089200000)
 Metaspace       used 34341K, capacity 35454K, committed 35496K, reserved 1079296K
  class space    used 4835K, capacity 5100K, committed 5120K, reserved 1048576K
}
Event: 4.932 GC heap before
{Heap before GC invocations=10 (full 2):
 PSYoungGen      total 114688K, used 102400K [0x00000000d5580000, 0x00000000e1180000, 0x0000000100000000)
  eden space 102400K, 100% used [0x00000000d5580000,0x00000000db980000,0x00000000db980000)
  from space 12288K, 0% used [0x00000000db980000,0x00000000db980000,0x00000000dc580000)
  to   space 11776K, 0% used [0x00000000e0600000,0x00000000e0600000,0x00000000e1180000)
 ParOldGen       total 149504K, used 15158K [0x0000000080000000, 0x0000000089200000, 0x00000000d5580000)
  object space 149504K, 10% used [0x0000000080000000,0x0000000080ecd8e8,0x0000000089200000)
 Metaspace       used 36909K, capacity 38474K, committed 38528K, reserved 1083392K
  class space    used 5192K, capacity 5504K, committed 5504K, reserved 1048576K
Event: 4.938 GC heap after
Heap after GC invocations=10 (full 2):
 PSYoungGen      total 160256K, used 7391K [0x00000000d5580000, 0x00000000e0d80000, 0x0000000100000000)
  eden space 152576K, 0% used [0x00000000d5580000,0x00000000d5580000,0x00000000dea80000)
  from space 7680K, 96% used [0x00000000e0600000,0x00000000e0d37f88,0x00000000e0d80000)
  to   space 11776K, 0% used [0x00000000df680000,0x00000000df680000,0x00000000e0200000)
 ParOldGen       total 149504K, used 15166K [0x0000000080000000, 0x0000000089200000, 0x00000000d5580000)
  object space 149504K, 10% used [0x0000000080000000,0x0000000080ecf8e8,0x0000000089200000)
 Metaspace       used 36909K, capacity 38474K, committed 38528K, reserved 1083392K
  class space    used 5192K, capacity 5504K, committed 5504K, reserved 1048576K
}
Event: 6.738 GC heap before
{Heap before GC invocations=11 (full 2):
 PSYoungGen      total 160256K, used 159967K [0x00000000d5580000, 0x00000000e0d80000, 0x0000000100000000)
  eden space 152576K, 100% used [0x00000000d5580000,0x00000000dea80000,0x00000000dea80000)
  from space 7680K, 96% used [0x00000000e0600000,0x00000000e0d37f88,0x00000000e0d80000)
  to   space 11776K, 0% used [0x00000000df680000,0x00000000df680000,0x00000000e0200000)
 ParOldGen       total 149504K, used 15166K [0x0000000080000000, 0x0000000089200000, 0x00000000d5580000)
  object space 149504K, 10% used [0x0000000080000000,0x0000000080ecf8e8,0x0000000089200000)
 Metaspace       used 50981K, capacity 52982K, committed 53248K, reserved 1095680K
  class space    used 6977K, capacity 7373K, committed 7424K, reserved 1048576K
Event: 6.757 GC heap after
Heap after GC invocations=11 (full 2):
 PSYoungGen      total 176640K, used 11748K [0x00000000d5580000, 0x00000000e3700000, 0x0000000100000000)
  eden space 164864K, 0% used [0x00000000d5580000,0x00000000d5580000,0x00000000df680000)
  from space 11776K, 99% used [0x00000000df680000,0x00000000e01f9310,0x00000000e0200000)
  to   space 17408K, 0% used [0x00000000e2600000,0x00000000e2600000,0x00000000e3700000)
 ParOldGen       total 149504K, used 27297K [0x0000000080000000, 0x0000000089200000, 0x00000000d5580000)
  object space 149504K, 18% used [0x0000000080000000,0x0000000081aa8728,0x0000000089200000)
 Metaspace       used 50981K, capacity 52982K, committed 53248K, reserved 1095680K
  class space    used 6977K, capacity 7373K, committed 7424K, reserved 1048576K
}
Event: 7.529 GC heap before
{Heap before GC invocations=12 (full 2):
 PSYoungGen      total 176640K, used 77652K [0x00000000d5580000, 0x00000000e3700000, 0x0000000100000000)
  eden space 164864K, 39% used [0x00000000d5580000,0x00000000d95dbe40,0x00000000df680000)
  from space 11776K, 99% used [0x00000000df680000,0x00000000e01f9310,0x00000000e0200000)
  to   space 17408K, 0% used [0x00000000e2600000,0x00000000e2600000,0x00000000e3700000)
 ParOldGen       total 149504K, used 27297K [0x0000000080000000, 0x0000000089200000, 0x00000000d5580000)
  object space 149504K, 18% used [0x0000000080000000,0x0000000081aa8728,0x0000000089200000)
 Metaspace       used 56714K, capacity 59062K, committed 59136K, reserved 1099776K
  class space    used 7928K, capacity 8402K, committed 8448K, reserved 1048576K
Event: 7.542 GC heap after
Heap after GC invocations=12 (full 2):
 PSYoungGen      total 210432K, used 17406K [0x00000000d5580000, 0x00000000e4f00000, 0x0000000100000000)
  eden space 193024K, 0% used [0x00000000d5580000,0x00000000d5580000,0x00000000e1200000)
  from space 17408K, 99% used [0x00000000e2600000,0x00000000e36ff8e0,0x00000000e3700000)
  to   space 20480K, 0% used [0x00000000e1200000,0x00000000e1200000,0x00000000e2600000)
 ParOldGen       total 149504K, used 29279K [0x0000000080000000, 0x0000000089200000, 0x00000000d5580000)
  object space 149504K, 19% used [0x0000000080000000,0x0000000081c97e70,0x0000000089200000)
 Metaspace       used 56714K, capacity 59062K, committed 59136K, reserved 1099776K
  class space    used 7928K, capacity 8402K, committed 8448K, reserved 1048576K
}
Event: 7.542 GC heap before
{Heap before GC invocations=13 (full 3):
 PSYoungGen      total 210432K, used 17406K [0x00000000d5580000, 0x00000000e4f00000, 0x0000000100000000)
  eden space 193024K, 0% used [0x00000000d5580000,0x00000000d5580000,0x00000000e1200000)
  from space 17408K, 99% used [0x00000000e2600000,0x00000000e36ff8e0,0x00000000e3700000)
  to   space 20480K, 0% used [0x00000000e1200000,0x00000000e1200000,0x00000000e2600000)
 ParOldGen       total 149504K, used 29279K [0x0000000080000000, 0x0000000089200000, 0x00000000d5580000)
  object space 149504K, 19% used [0x0000000080000000,0x0000000081c97e70,0x0000000089200000)
 Metaspace       used 56714K, capacity 59062K, committed 59136K, reserved 1099776K
  class space    used 7928K, capacity 8402K, committed 8448K, reserved 1048576K
Event: 7.671 GC heap after
Heap after GC invocations=13 (full 3):
 PSYoungGen      total 210432K, used 0K [0x00000000d5580000, 0x00000000e4f00000, 0x0000000100000000)
  eden space 193024K, 0% used [0x00000000d5580000,0x00000000d5580000,0x00000000e1200000)
  from space 17408K, 0% used [0x00000000e2600000,0x00000000e2600000,0x00000000e3700000)
  to   space 20480K, 0% used [0x00000000e1200000,0x00000000e1200000,0x00000000e2600000)
 ParOldGen       total 149504K, used 34879K [0x0000000080000000, 0x0000000089200000, 0x00000000d5580000)
  object space 149504K, 23% used [0x0000000080000000,0x000000008220fea0,0x0000000089200000)
 Metaspace       used 56688K, capacity 58972K, committed 59136K, reserved 1099776K
  class space    used 7920K, capacity 8387K, committed 8448K, reserved 1048576K
}

Deoptimization events (10 events):
Event: 8.657 Thread 0x000001934fbfb000 Uncommon trap: reason=array_check action=maybe_recompile pc=0x00000193393b3cac method=java.util.AbstractCollection.toArray([Ljava/lang/Object;)[Ljava/lang/Object; @ 119
Event: 8.657 Thread 0x000001934fbfb000 Uncommon trap: reason=array_check action=maybe_recompile pc=0x00000193393b3cac method=java.util.AbstractCollection.toArray([Ljava/lang/Object;)[Ljava/lang/Object; @ 119
Event: 8.657 Thread 0x000001934fbfb000 Uncommon trap: reason=array_check action=maybe_recompile pc=0x00000193393b3cac method=java.util.AbstractCollection.toArray([Ljava/lang/Object;)[Ljava/lang/Object; @ 119
Event: 8.673 Thread 0x000001934fdf5800 Uncommon trap: reason=bimorphic action=maybe_recompile pc=0x0000019338618360 method=java.util.concurrent.ConcurrentHashMap.putVal(Ljava/lang/Object;Ljava/lang/Object;Z)Ljava/lang/Object; @ 192
Event: 8.674 Thread 0x000001934fbfb000 Uncommon trap: reason=bimorphic action=maybe_recompile pc=0x0000019338618360 method=java.util.concurrent.ConcurrentHashMap.putVal(Ljava/lang/Object;Ljava/lang/Object;Z)Ljava/lang/Object; @ 192
Event: 8.692 Thread 0x000001934fdfe000 Uncommon trap: reason=bimorphic action=maybe_recompile pc=0x0000019338618360 method=java.util.concurrent.ConcurrentHashMap.putVal(Ljava/lang/Object;Ljava/lang/Object;Z)Ljava/lang/Object; @ 192
Event: 8.693 Thread 0x000001934fdfc800 Uncommon trap: reason=bimorphic action=maybe_recompile pc=0x0000019338618360 method=java.util.concurrent.ConcurrentHashMap.putVal(Ljava/lang/Object;Ljava/lang/Object;Z)Ljava/lang/Object; @ 192
Event: 8.733 Thread 0x000001934fdf4000 Uncommon trap: reason=unstable_if action=reinterpret pc=0x00000193385ab3fc method=java.lang.String$CaseInsensitiveComparator.compare(Ljava/lang/String;Ljava/lang/String;)I @ 70
Event: 8.929 Thread 0x000001934fdfd000 Uncommon trap: reason=unstable_if action=reinterpret pc=0x000001933943c034 method=java.util.concurrent.ConcurrentHashMap.addCount(JI)V @ 97
Event: 8.967 Thread 0x000001934fbfb000 Uncommon trap: reason=unstable_if action=reinterpret pc=0x00000193394c3f34 method=org.gradle.internal.file.DefaultFileHierarchySet$Node.isChildOfOrThis(Ljava/lang/String;I)Z @ 35

Classes redefined (0 events):
No events

Internal exceptions (10 events):
Event: 8.689 Thread 0x000001934fdf4000 Exception <a 'java/lang/NoSuchMethodError': java.lang.Object.lambda$flatMap$1(Ljava/util/function/Function;Lorg/gradle/internal/Try;)Lorg/gradle/api/internal/artifacts/transform/CacheableInvocation;> (0x00000000daebc808) thrown at [C:\jenkins\workspace\8-
Event: 8.689 Thread 0x000001934fdf5800 Exception <a 'java/lang/NoSuchMethodError': java.lang.Object.lambda$flatMap$3(Ljava/util/function/Function;)Lorg/gradle/internal/Try;> (0x00000000dadf4a90) thrown at [C:\jenkins\workspace\8-2-build-windows-amd64-cygwin\jdk8u261\295\hotspot\src\share\vm\in
Event: 8.689 Thread 0x000001934fdfe000 Exception <a 'java/lang/NoSuchMethodError': java.lang.Object.lambda$flatMap$3(Ljava/util/function/Function;)Lorg/gradle/internal/Try;> (0x00000000dad9d878) thrown at [C:\jenkins\workspace\8-2-build-windows-amd64-cygwin\jdk8u261\295\hotspot\src\share\vm\in
Event: 8.729 Thread 0x000001934fdf4000 Exception <a 'java/lang/NoSuchMethodError': java.lang.Object.lambda$flatMap$2(Ljava/util/function/Function;Ljava/lang/Object;)Lorg/gradle/internal/Try;> (0x00000000db4f9270) thrown at [C:\jenkins\workspace\8-2-build-windows-amd64-cygwin\jdk8u261\295\hotsp
Event: 8.729 Thread 0x000001934fdfc800 Exception <a 'java/lang/NoSuchMethodError': java.lang.Object.lambda$flatMap$2(Ljava/util/function/Function;Ljava/lang/Object;)Lorg/gradle/internal/Try;> (0x00000000db551000) thrown at [C:\jenkins\workspace\8-2-build-windows-amd64-cygwin\jdk8u261\295\hotsp
Event: 8.729 Thread 0x000001934fdfd000 Exception <a 'java/lang/NoSuchMethodError': java.lang.Object.lambda$flatMap$2(Ljava/util/function/Function;Ljava/lang/Object;)Lorg/gradle/internal/Try;> (0x00000000db5f4098) thrown at [C:\jenkins\workspace\8-2-build-windows-amd64-cygwin\jdk8u261\295\hotsp
Event: 8.729 Thread 0x000001934fdfe000 Exception <a 'java/lang/NoSuchMethodError': java.lang.Object.lambda$flatMap$2(Ljava/util/function/Function;Ljava/lang/Object;)Lorg/gradle/internal/Try;> (0x00000000db464310) thrown at [C:\jenkins\workspace\8-2-build-windows-amd64-cygwin\jdk8u261\295\hotsp
Event: 8.729 Thread 0x000001934fbfb000 Exception <a 'java/lang/NoSuchMethodError': java.lang.Object.lambda$flatMap$2(Ljava/util/function/Function;Ljava/lang/Object;)Lorg/gradle/internal/Try;> (0x00000000db0b9920) thrown at [C:\jenkins\workspace\8-2-build-windows-amd64-cygwin\jdk8u261\295\hotsp
Event: 8.729 Thread 0x000001934fdf5800 Exception <a 'java/lang/NoSuchMethodError': java.lang.Object.lambda$flatMap$2(Ljava/util/function/Function;Ljava/lang/Object;)Lorg/gradle/internal/Try;> (0x00000000db757840) thrown at [C:\jenkins\workspace\8-2-build-windows-amd64-cygwin\jdk8u261\295\hotsp
Event: 8.955 Thread 0x000001934fdfb800 Exception <a 'java/lang/NoSuchMethodError': java.lang.Object.lambda$flatMap$0(Ljava/lang/Throwable;)Lorg/gradle/api/internal/artifacts/transform/CacheableInvocation;> (0x00000000daeebe38) thrown at [C:\jenkins\workspace\8-2-build-windows-amd64-cygwin\jdk8

Events (10 events):
Event: 8.967 Thread 0x000001934d35c800 flushing nmethod 0x0000019338d82e90
Event: 8.967 Thread 0x000001934fbfb000 Uncommon trap: trap_request=0xffffff65 fr.pc=0x00000193394c3f34
Event: 8.967 Thread 0x000001934fbfb000 DEOPT PACKING pc=0x00000193394c3f34 sp=0x0000008e18ffa720
Event: 8.967 Thread 0x000001934fbfb000 DEOPT UNPACKING pc=0x0000019338315843 sp=0x0000008e18ffa6b0 mode 2
Event: 8.968 Thread 0x000001934d35c800 flushing nmethod 0x0000019338df6e50
Event: 8.968 Thread 0x000001934d35c800 flushing nmethod 0x0000019338e25950
Event: 8.968 Thread 0x000001934d35c800 flushing nmethod 0x0000019338e6d790
Event: 8.969 Thread 0x000001934d35c800 flushing nmethod 0x0000019338fd2590
Event: 8.969 Thread 0x000001934d35c800 flushing nmethod 0x0000019338ffb450
Event: 8.969 Thread 0x000001934d35c800 flushing nmethod 0x00000193390276d0


Dynamic libraries:
0x00007ff62ad00000 - 0x00007ff62ad47000 	D:\Language\Java\dk1.8.0_261\bin\java.exe
0x00007ffe0a5c0000 - 0x00007ffe0a7b0000 	C:\WINDOWS\SYSTEM32\ntdll.dll
0x00007ffe08de0000 - 0x00007ffe08e92000 	C:\WINDOWS\System32\KERNEL32.DLL
0x00007ffe07610000 - 0x00007ffe078b5000 	C:\WINDOWS\System32\KERNELBASE.dll
0x00007ffe086a0000 - 0x00007ffe08743000 	C:\WINDOWS\System32\ADVAPI32.dll
0x00007ffe0a070000 - 0x00007ffe0a10e000 	C:\WINDOWS\System32\msvcrt.dll
0x00007ffe08bf0000 - 0x00007ffe08c87000 	C:\WINDOWS\System32\sechost.dll
0x00007ffe0a110000 - 0x00007ffe0a230000 	C:\WINDOWS\System32\RPCRT4.dll
0x00007ffe09580000 - 0x00007ffe09714000 	C:\WINDOWS\System32\USER32.dll
0x00007ffe07c00000 - 0x00007ffe07c21000 	C:\WINDOWS\System32\win32u.dll
0x00007ffe09480000 - 0x00007ffe094a6000 	C:\WINDOWS\System32\GDI32.dll
0x00007ffe078c0000 - 0x00007ffe07a56000 	C:\WINDOWS\System32\gdi32full.dll
0x00007ffe085d0000 - 0x00007ffe0866e000 	C:\WINDOWS\System32\msvcp_win.dll
0x00007ffe084d0000 - 0x00007ffe085ca000 	C:\WINDOWS\System32\ucrtbase.dll
0x00007ffde8ab0000 - 0x00007ffde8d34000 	C:\WINDOWS\WinSxS\amd64_microsoft.windows.common-controls_6595b64144ccf1df_6.0.18362.1256_none_9e7e379be45e40e2\COMCTL32.dll
0x00007ffe087d0000 - 0x00007ffe08b06000 	C:\WINDOWS\System32\combase.dll
0x00007ffe07580000 - 0x00007ffe07601000 	C:\WINDOWS\System32\bcryptPrimitives.dll
0x00007ffe08670000 - 0x00007ffe0869e000 	C:\WINDOWS\System32\IMM32.DLL
0x00007ffdfafc0000 - 0x00007ffdfafd5000 	D:\Language\Java\dk1.8.0_261\jre\bin\vcruntime140.dll
0x00007ffde3d10000 - 0x00007ffde3dab000 	D:\Language\Java\dk1.8.0_261\jre\bin\msvcp140.dll
0x0000000077790000 - 0x0000000077ffc000 	D:\Language\Java\dk1.8.0_261\jre\bin\server\jvm.dll
0x00007ffe09470000 - 0x00007ffe09478000 	C:\WINDOWS\System32\PSAPI.DLL
0x00007ffdfc700000 - 0x00007ffdfc709000 	C:\WINDOWS\SYSTEM32\WSOCK32.dll
0x00007ffe094b0000 - 0x00007ffe0951f000 	C:\WINDOWS\System32\WS2_32.dll
0x00007ffe06fe0000 - 0x00007ffe06fea000 	C:\WINDOWS\SYSTEM32\VERSION.dll
0x00007ffdf9ef0000 - 0x00007ffdf9f14000 	C:\WINDOWS\SYSTEM32\WINMM.dll
0x00007ffdffba0000 - 0x00007ffdffbcd000 	C:\WINDOWS\SYSTEM32\winmmbase.dll
0x00007ffe07530000 - 0x00007ffe0757a000 	C:\WINDOWS\System32\cfgmgr32.dll
0x00007ffe074c0000 - 0x00007ffe074d1000 	C:\WINDOWS\System32\kernel.appcore.dll
0x00007ffdfafb0000 - 0x00007ffdfafc0000 	D:\Language\Java\dk1.8.0_261\jre\bin\verify.dll
0x00007ffdf0b30000 - 0x00007ffdf0b5b000 	D:\Language\Java\dk1.8.0_261\jre\bin\java.dll
0x00007ffdfa260000 - 0x00007ffdfa278000 	D:\Language\Java\dk1.8.0_261\jre\bin\zip.dll
0x00007ffe097c0000 - 0x00007ffe09ea7000 	C:\WINDOWS\System32\SHELL32.dll
0x00007ffe09eb0000 - 0x00007ffe09f59000 	C:\WINDOWS\System32\shcore.dll
0x00007ffe07c90000 - 0x00007ffe08411000 	C:\WINDOWS\System32\windows.storage.dll
0x00007ffe074e0000 - 0x00007ffe07503000 	C:\WINDOWS\System32\profapi.dll
0x00007ffe07470000 - 0x00007ffe074ba000 	C:\WINDOWS\System32\powrprof.dll
0x00007ffe07460000 - 0x00007ffe07470000 	C:\WINDOWS\System32\UMPDC.dll
0x00007ffe09520000 - 0x00007ffe09572000 	C:\WINDOWS\System32\shlwapi.dll
0x00007ffe07bb0000 - 0x00007ffe07bc7000 	C:\WINDOWS\System32\cryptsp.dll
0x00007ffdf5900000 - 0x00007ffdf591c000 	D:\Language\Java\dk1.8.0_261\jre\bin\net.dll
0x00007ffe06be0000 - 0x00007ffe06c47000 	C:\WINDOWS\system32\mswsock.dll
0x00007ffdf5870000 - 0x00007ffdf5883000 	D:\Language\Java\dk1.8.0_261\jre\bin\nio.dll
0x00007ffdee480000 - 0x00007ffdee4a7000 	C:\Users\a\.gradle\wrapper\dists\gradle-6.1.1-all\cfmwm155h49vnt3hynmlrsdst\gradle-6.1.1\bin\native\f6784746aeab05261644944871eae4fe03e0ef1612fff0a4a95f87b438bc6780\windows-amd64\native-platform.dll
0x00007ffdfafa0000 - 0x00007ffdfafad000 	D:\Language\Java\dk1.8.0_261\jre\bin\management.dll
0x00007ffe06750000 - 0x00007ffe06783000 	C:\WINDOWS\system32\rsaenh.dll
0x00007ffe07bd0000 - 0x00007ffe07bf6000 	C:\WINDOWS\System32\bcrypt.dll
0x00007ffe07340000 - 0x00007ffe07365000 	C:\WINDOWS\SYSTEM32\USERENV.dll
0x00007ffe06db0000 - 0x00007ffe06dbc000 	C:\WINDOWS\SYSTEM32\CRYPTBASE.dll
0x00007ffe068f0000 - 0x00007ffe0692a000 	C:\WINDOWS\SYSTEM32\IPHLPAPI.DLL
0x00007ffe09720000 - 0x00007ffe09728000 	C:\WINDOWS\System32\NSI.dll
0x00007ffe02940000 - 0x00007ffe02956000 	C:\WINDOWS\SYSTEM32\dhcpcsvc6.DLL
0x00007ffe028b0000 - 0x00007ffe028cc000 	C:\WINDOWS\SYSTEM32\dhcpcsvc.DLL
0x00007ffe06930000 - 0x00007ffe069fb000 	C:\WINDOWS\SYSTEM32\DNSAPI.dll
0x00007ffe02a00000 - 0x00007ffe02a0b000 	C:\WINDOWS\SYSTEM32\WINNSI.DLL
0x00007ffe03220000 - 0x00007ffe03414000 	C:\WINDOWS\SYSTEM32\dbghelp.dll

VM Arguments:
jvm_args: -Xmx2048m -Dfile.encoding=UTF-8 -Duser.country=CN -Duser.language=zh -Duser.variant 
java_command: org.gradle.launcher.daemon.bootstrap.GradleDaemon 6.5
java_class_path (initial): C:\Users\a\.gradle\wrapper\dists\gradle-6.1.1-all\cfmwm155h49vnt3hynmlrsdst\gradle-6.1.1\bin\wrapper\dists\gradle-6.5-bin\6nifqtx7604sqp1q6g8wikw7p\gradle-6.5\lib\gradle-launcher-6.5.jar
Launcher Type: SUN_STANDARD

Environment Variables:
JAVA_HOME=D:\Language\Java\dk1.8.0_261
PATH=C:\Program Files (x86)\Common Files\Oracle\Java\javapath;C:\ProgramData\Oracle\Java\javapath;C:\WINDOWS\system32;C:\WINDOWS;C:\WINDOWS\System32\Wbem;C:\WINDOWS\System32\WindowsPowerShell\v1.0\;C:\WINDOWS\System32\OpenSSH\;D:\Language\Java\dk1.8.0_261\bin;D:\Language\Java\dk1.8.0_261\jre\bin;D:\SoftWare\WorkSoftware\Git\Git\Git\bin;D:\SoftWare\WorkSoftware\Git\TortoiseGit\bin;D:\Language\Python\python-3.8.5-embed-amd64;D:\SoftWare\WorkSoftware\Svn\bin;C:\Users\a\.gradle\wrapper\dists\gradle-6.5-all\2oz4ud9k3tuxjg84bbf55q0tn\gradle-6.5\bin;E:\Jenkins;D:\SoftWare\WorkSoftware\MySql\mysql-5.6\bin;D:\SoftWare\WorkSoftware\Sonar\sonar-scanner-4.1\bin;D:\Language\Android\Sdk\platform-tools;C:\Users\a\AppData\Local\Microsoft\WindowsApps;
USERNAME=a
OS=Windows_NT
PROCESSOR_IDENTIFIER=Intel64 Family 6 Model 158 Stepping 10, GenuineIntel



---------------  S Y S T E M  ---------------

OS: Windows 10.0 , 64 bit Build 18362 (10.0.18362.1110)

CPU:total 6 (initial active 6) (6 cores per cpu, 1 threads per core) family 6 model 158 stepping 10, cmov, cx8, fxsr, mmx, sse, sse2, sse3, ssse3, sse4.1, sse4.2, popcnt, avx, avx2, aes, clmul, erms, rtm, 3dnowpref, lzcnt, tsc, tscinvbit, bmi1, bmi2, adx

Memory: 4k page, physical 16635276k(1758036k free), swap 31143048k(3352k free)

vm_info: Java HotSpot(TM) 64-Bit Server VM (25.261-b12) for windows-amd64 JRE (1.8.0_261-b12), built on Jun 18 2020 06:56:32 by "" with unknown MS VC++:1916

time: Mon Dec 21 16:10:04 2020
timezone: ?D1¨²¡À¨º¡Á?¨º¡À??
elapsed time: 9 seconds (0d 0h 0m 9s)

