#
# There is insufficient memory for the Java Runtime Environment to continue.
# Native memory allocation (malloc) failed to allocate 131088 bytes for Chunk::new
# Possible reasons:
#   The system is out of physical RAM or swap space
#   The process is running with CompressedOops enabled, and the Java Heap may be blocking the growth of the native heap
# Possible solutions:
#   Reduce memory load on the system
#   Increase physical memory or swap space
#   Check if swap backing store is full
#   Decrease Java heap size (-Xmx/-Xms)
#   Decrease number of Java threads
#   Decrease Java thread stack sizes (-Xss)
#   Set larger code cache with -XX:ReservedCodeCacheSize=
#   JVM is running with Unscaled Compressed Oops mode in which the Java heap is
#     placed in the first 4GB address space. The Java Heap base address is the
#     maximum limit for the native heap growth. Please use -XX:HeapBaseMinAddress
#     to set the Java Heap base and to place the Java Heap above 4GB virtual address.
# This output file may be truncated or incomplete.
#
#  Out of Memory Error (allocation.cpp:389), pid=24084, tid=0x00000000000025e0
#
# JRE version: Java(TM) SE Runtime Environment (8.0_261-b12) (build 1.8.0_261-b12)
# Java VM: Java HotSpot(TM) 64-Bit Server VM (25.261-b12 mixed mode windows-amd64 compressed oops)
# Failed to write core dump. Minidumps are not enabled by default on client versions of Windows
#

---------------  T H R E A D  ---------------

Current thread (0x000001fdf31cb800):  JavaThread "C2 CompilerThread0" daemon [_thread_in_native, id=9696, stack(0x000000bdd2900000,0x000000bdd2a00000)]

Stack: [0x000000bdd2900000,0x000000bdd2a00000]
Native frames: (J=compiled Java code, j=interpreted, Vv=VM code, C=native code)
V  [jvm.dll+0x33e5f9]
V  [jvm.dll+0x2850e2]
V  [jvm.dll+0x285d8d]
V  [jvm.dll+0x27c895]
V  [jvm.dll+0xe4d6c]
V  [jvm.dll+0xe556c]
V  [jvm.dll+0xe50bd]
V  [jvm.dll+0x4d506f]
V  [jvm.dll+0x4a042c]
V  [jvm.dll+0x49dcd4]
V  [jvm.dll+0x49db38]
V  [jvm.dll+0x49cfc6]
V  [jvm.dll+0x4511ef]
V  [jvm.dll+0x44eb84]
V  [jvm.dll+0x439bc7]
V  [jvm.dll+0xbbbcb]
V  [jvm.dll+0xba22b]
V  [jvm.dll+0x24d962]
V  [jvm.dll+0x2a1cfc]
C  [ucrtbase.dll+0x210b2]
C  [KERNEL32.DLL+0x17c24]
C  [ntdll.dll+0x6d4d1]


Current CompileTask:
C2:   6239 5313 %     4       org.gradle.internal.instantiation.generator.AbstractClassGenerator::inspectType @ 32 (560 bytes)


---------------  P R O C E S S  ---------------

Java Threads: ( => current thread )
  0x000001fdf809b000 JavaThread "Cache worker for execution history cache (E:\Android\NavInfo\Client\Demo\Client_AnimationTest\.gradle\6.5\executionHistory)" [_thread_blocked, id=19488, stack(0x000000bddad00000,0x000000bddae00000)]
  0x000001fdf8093800 JavaThread "Execution worker for ':' Thread 5" [_thread_blocked, id=24520, stack(0x000000bddac00000,0x000000bddad00000)]
  0x000001fdf8099800 JavaThread "Execution worker for ':' Thread 4" [_thread_blocked, id=32616, stack(0x000000bddab00000,0x000000bddac00000)]
  0x000001fdf809a000 JavaThread "Execution worker for ':' Thread 3" [_thread_in_Java, id=27604, stack(0x000000bddaa00000,0x000000bddab00000)]
  0x000001fdf8098800 JavaThread "Execution worker for ':' Thread 2" [_thread_blocked, id=27356, stack(0x000000bdda900000,0x000000bddaa00000)]
  0x000001fdf8092800 JavaThread "Execution worker for ':'" [_thread_blocked, id=9908, stack(0x000000bdda800000,0x000000bdda900000)]
  0x000001fdf8094000 JavaThread "Cache worker for file content cache (E:\Android\NavInfo\Client\Demo\Client_AnimationTest\.gradle\6.5\fileContent)" [_thread_blocked, id=27740, stack(0x000000bdda700000,0x000000bdda800000)]
  0x000001fdf8091000 JavaThread "Memory manager" [_thread_blocked, id=33784, stack(0x000000bdda600000,0x000000bdda700000)]
  0x000001fdfaad8000 JavaThread "Cache worker for Build Output Cleanup Cache (E:\Android\NavInfo\Client\Demo\Client_AnimationTest\.gradle\buildOutputCleanup)" [_thread_blocked, id=17244, stack(0x000000bdda500000,0x000000bdda600000)]
  0x000001fdfaad6800 JavaThread "jar transforms Thread 92" [_thread_blocked, id=14456, stack(0x000000bdda400000,0x000000bdda500000)]
  0x000001fdfaad8800 JavaThread "jar transforms Thread 91" [_thread_blocked, id=19520, stack(0x000000bdda300000,0x000000bdda400000)]
  0x000001fdfaad9800 JavaThread "jar transforms Thread 90" [_thread_blocked, id=33248, stack(0x000000bdda200000,0x000000bdda300000)]
  0x000001fdfaad3800 JavaThread "jar transforms Thread 89" [_thread_blocked, id=33764, stack(0x000000bdda100000,0x000000bdda200000)]
  0x000001fdfaad5800 JavaThread "jar transforms Thread 88" [_thread_blocked, id=23884, stack(0x000000bdda000000,0x000000bdda100000)]
  0x000001fdfaad5000 JavaThread "jar transforms Thread 87" [_thread_blocked, id=9904, stack(0x000000bdd9f00000,0x000000bdda000000)]
  0x000001fdfaad4000 JavaThread "jar transforms Thread 86" [_thread_blocked, id=25484, stack(0x000000bdd9e00000,0x000000bdd9f00000)]
  0x000001fdfaacc000 JavaThread "jar transforms Thread 85" [_thread_blocked, id=29252, stack(0x000000bdd9d00000,0x000000bdd9e00000)]
  0x000001fdfaad2800 JavaThread "jar transforms Thread 84" [_thread_blocked, id=25768, stack(0x000000bdd9c00000,0x000000bdd9d00000)]
  0x000001fdfaad2000 JavaThread "jar transforms Thread 83" [_thread_blocked, id=21684, stack(0x000000bdd9b00000,0x000000bdd9c00000)]
  0x000001fdfaacb000 JavaThread "jar transforms Thread 82" [_thread_blocked, id=19572, stack(0x000000bdd9a00000,0x000000bdd9b00000)]
  0x000001fdfaaca800 JavaThread "jar transforms Thread 81" [_thread_blocked, id=34136, stack(0x000000bdd9900000,0x000000bdd9a00000)]
  0x000001fdfaace000 JavaThread "jar transforms Thread 80" [_thread_blocked, id=32292, stack(0x000000bdd9800000,0x000000bdd9900000)]
  0x000001fdfaacc800 JavaThread "jar transforms Thread 79" [_thread_blocked, id=33664, stack(0x000000bdd9700000,0x000000bdd9800000)]
  0x000001fdfaad1000 JavaThread "jar transforms Thread 78" [_thread_blocked, id=29408, stack(0x000000bdd9600000,0x000000bdd9700000)]
  0x000001fdfaad0800 JavaThread "jar transforms Thread 77" [_thread_blocked, id=34440, stack(0x000000bdd9500000,0x000000bdd9600000)]
  0x000001fdfaacf000 JavaThread "jar transforms Thread 76" [_thread_blocked, id=32328, stack(0x000000bdd9400000,0x000000bdd9500000)]
  0x000001fdfaacd800 JavaThread "jar transforms Thread 75" [_thread_blocked, id=16796, stack(0x000000bdd9300000,0x000000bdd9400000)]
  0x000001fdfaacf800 JavaThread "jar transforms Thread 74" [_thread_blocked, id=33576, stack(0x000000bdd9200000,0x000000bdd9300000)]
  0x000001fdfa7e7000 JavaThread "jar transforms Thread 73" [_thread_blocked, id=30872, stack(0x000000bdd9100000,0x000000bdd9200000)]
  0x000001fdfa7e6000 JavaThread "jar transforms Thread 72" [_thread_blocked, id=16000, stack(0x000000bdd9000000,0x000000bdd9100000)]
  0x000001fdfa7de800 JavaThread "jar transforms Thread 71" [_thread_blocked, id=344, stack(0x000000bdd8f00000,0x000000bdd9000000)]
  0x000001fdfa7e5800 JavaThread "jar transforms Thread 70" [_thread_blocked, id=33808, stack(0x000000bdd8e00000,0x000000bdd8f00000)]
  0x000001fdfa7de000 JavaThread "jar transforms Thread 69" [_thread_blocked, id=24144, stack(0x000000bdd8d00000,0x000000bdd8e00000)]
  0x000001fdfa7e4800 JavaThread "jar transforms Thread 68" [_thread_blocked, id=33300, stack(0x000000bdd8c00000,0x000000bdd8d00000)]
  0x000001fdfa7e4000 JavaThread "jar transforms Thread 67" [_thread_blocked, id=24512, stack(0x000000bdd8b00000,0x000000bdd8c00000)]
  0x000001fdfa7e3000 JavaThread "jar transforms Thread 66" [_thread_blocked, id=20192, stack(0x000000bdd8a00000,0x000000bdd8b00000)]
  0x000001fdfa7e2800 JavaThread "jar transforms Thread 65" [_thread_blocked, id=21740, stack(0x000000bdd8900000,0x000000bdd8a00000)]
  0x000001fdfa7e1800 JavaThread "jar transforms Thread 64" [_thread_blocked, id=31048, stack(0x000000bdd8800000,0x000000bdd8900000)]
  0x000001fdfa7da000 JavaThread "jar transforms Thread 63" [_thread_blocked, id=16184, stack(0x000000bdd8700000,0x000000bdd8800000)]
  0x000001fdfa7dd000 JavaThread "jar transforms Thread 62" [_thread_blocked, id=2292, stack(0x000000bdd8600000,0x000000bdd8700000)]
  0x000001fdfa7e1000 JavaThread "jar transforms Thread 61" [_thread_blocked, id=1116, stack(0x000000bdd8500000,0x000000bdd8600000)]
  0x000001fdfa7e0000 JavaThread "jar transforms Thread 60" [_thread_blocked, id=33600, stack(0x000000bdd8400000,0x000000bdd8500000)]
  0x000001fdfa7d8800 JavaThread "jar transforms Thread 59" [_thread_blocked, id=7152, stack(0x000000bdd8300000,0x000000bdd8400000)]
  0x000001fdfa7df800 JavaThread "jar transforms Thread 58" [_thread_blocked, id=31648, stack(0x000000bdd8200000,0x000000bdd8300000)]
  0x000001fdfa7d8000 JavaThread "jar transforms Thread 57" [_thread_blocked, id=16400, stack(0x000000bdd8100000,0x000000bdd8200000)]
  0x000001fdfa7dc800 JavaThread "jar transforms Thread 56" [_thread_blocked, id=32856, stack(0x000000bdd8000000,0x000000bdd8100000)]
  0x000001fdfa7d9800 JavaThread "jar transforms Thread 55" [_thread_blocked, id=31064, stack(0x000000bdd7f00000,0x000000bdd8000000)]
  0x000001fdfa7db800 JavaThread "jar transforms Thread 54" [_thread_blocked, id=15860, stack(0x000000bdd7e00000,0x000000bdd7f00000)]
  0x000001fdfa7db000 JavaThread "jar transforms Thread 53" [_thread_blocked, id=32916, stack(0x000000bdd7d00000,0x000000bdd7e00000)]
  0x000001fdf45b8000 JavaThread "jar transforms Thread 52" [_thread_blocked, id=3132, stack(0x000000bdd7c00000,0x000000bdd7d00000)]
  0x000001fdf45b5800 JavaThread "jar transforms Thread 51" [_thread_blocked, id=22700, stack(0x000000bdd7b00000,0x000000bdd7c00000)]
  0x000001fdf45b2000 JavaThread "jar transforms Thread 50" [_thread_blocked, id=33016, stack(0x000000bdd7a00000,0x000000bdd7b00000)]
  0x000001fdf45b7000 JavaThread "jar transforms Thread 49" [_thread_blocked, id=34220, stack(0x000000bdd7900000,0x000000bdd7a00000)]
  0x000001fdf45b5000 JavaThread "jar transforms Thread 48" [_thread_blocked, id=34132, stack(0x000000bdd7800000,0x000000bdd7900000)]
  0x000001fdf45b6800 JavaThread "jar transforms Thread 47" [_thread_blocked, id=33844, stack(0x000000bdd7700000,0x000000bdd7800000)]
  0x000001fdf45b4000 JavaThread "jar transforms Thread 46" [_thread_blocked, id=18688, stack(0x000000bdd7600000,0x000000bdd7700000)]
  0x000001fdf45b2800 JavaThread "jar transforms Thread 45" [_thread_blocked, id=28624, stack(0x000000bdd7500000,0x000000bdd7600000)]
  0x000001fdf45b3800 JavaThread "jar transforms Thread 44" [_thread_blocked, id=32168, stack(0x000000bdd7400000,0x000000bdd7500000)]
  0x000001fdf45aa800 JavaThread "jar transforms Thread 43" [_thread_blocked, id=25028, stack(0x000000bdd7300000,0x000000bdd7400000)]
  0x000001fdf45b1000 JavaThread "jar transforms Thread 42" [_thread_blocked, id=28820, stack(0x000000bdd7200000,0x000000bdd7300000)]
  0x000001fdf45a9800 JavaThread "jar transforms Thread 41" [_thread_blocked, id=7480, stack(0x000000bdd7100000,0x000000bdd7200000)]
  0x000001fdf45b0800 JavaThread "jar transforms Thread 40" [_thread_blocked, id=33032, stack(0x000000bdd7000000,0x000000bdd7100000)]
  0x000001fdf45ad800 JavaThread "jar transforms Thread 39" [_thread_blocked, id=12448, stack(0x000000bdd6f00000,0x000000bdd7000000)]
  0x000001fdf45ac800 JavaThread "jar transforms Thread 38" [_thread_blocked, id=30012, stack(0x000000bdd6e00000,0x000000bdd6f00000)]
  0x000001fdf45ac000 JavaThread "jar transforms Thread 37" [_thread_blocked, id=30984, stack(0x000000bdd6d00000,0x000000bdd6e00000)]
  0x000001fdf45af800 JavaThread "jar transforms Thread 36" [_thread_blocked, id=28160, stack(0x000000bdd6c00000,0x000000bdd6d00000)]
  0x000001fdf45af000 JavaThread "jar transforms Thread 35" [_thread_blocked, id=34436, stack(0x000000bdd6b00000,0x000000bdd6c00000)]
  0x000001fdf45ae000 JavaThread "jar transforms Thread 34" [_thread_blocked, id=17544, stack(0x000000bdd6a00000,0x000000bdd6b00000)]
  0x000001fdf45a9000 JavaThread "jar transforms Thread 33" [_thread_blocked, id=26180, stack(0x000000bdd6900000,0x000000bdd6a00000)]
  0x000001fdf45ab000 JavaThread "jar transforms Thread 32" [_thread_blocked, id=27036, stack(0x000000bdd6800000,0x000000bdd6900000)]
  0x000001fdf4ccc800 JavaThread "jar transforms Thread 31" [_thread_blocked, id=33252, stack(0x000000bdd6700000,0x000000bdd6800000)]
  0x000001fdf4ccf800 JavaThread "jar transforms Thread 30" [_thread_blocked, id=32212, stack(0x000000bdd6600000,0x000000bdd6700000)]
  0x000001fdf4cca000 JavaThread "jar transforms Thread 29" [_thread_blocked, id=32548, stack(0x000000bdd6500000,0x000000bdd6600000)]
  0x000001fdf4cce000 JavaThread "jar transforms Thread 28" [_thread_blocked, id=30712, stack(0x000000bdd6400000,0x000000bdd6500000)]
  0x000001fdf4cc9800 JavaThread "jar transforms Thread 27" [_thread_blocked, id=23280, stack(0x000000bdd6300000,0x000000bdd6400000)]
  0x000001fdf4cd0000 JavaThread "jar transforms Thread 26" [_thread_blocked, id=16128, stack(0x000000bdd6200000,0x000000bdd6300000)]
  0x000001fdf4ccb800 JavaThread "jar transforms Thread 25" [_thread_blocked, id=18560, stack(0x000000bdd6100000,0x000000bdd6200000)]
  0x000001fdf4cce800 JavaThread "jar transforms Thread 24" [_thread_blocked, id=13788, stack(0x000000bdd6000000,0x000000bdd6100000)]
  0x000001fdf4ccb000 JavaThread "jar transforms Thread 23" [_thread_blocked, id=33060, stack(0x000000bdd5f00000,0x000000bdd6000000)]
  0x000001fdf4ccd000 JavaThread "jar transforms Thread 22" [_thread_blocked, id=17180, stack(0x000000bdd5e00000,0x000000bdd5f00000)]
  0x000001fdf4cc8800 JavaThread "jar transforms Thread 21" [_thread_blocked, id=24124, stack(0x000000bdd5d00000,0x000000bdd5e00000)]
  0x000001fdf4cc1000 JavaThread "jar transforms Thread 20" [_thread_blocked, id=33424, stack(0x000000bdd5c00000,0x000000bdd5d00000)]
  0x000001fdf4cc7000 JavaThread "jar transforms Thread 19" [_thread_blocked, id=7492, stack(0x000000bdd5b00000,0x000000bdd5c00000)]
  0x000001fdf4cc5800 JavaThread "jar transforms Thread 18" [_thread_blocked, id=16732, stack(0x000000bdd5a00000,0x000000bdd5b00000)]
  0x000001fdf4cc4800 JavaThread "jar transforms Thread 17" [_thread_blocked, id=7096, stack(0x000000bdd5900000,0x000000bdd5a00000)]
  0x000001fdf4cc2800 JavaThread "jar transforms Thread 16" [_thread_blocked, id=33216, stack(0x000000bdd5800000,0x000000bdd5900000)]
  0x000001fdf4cc8000 JavaThread "jar transforms Thread 15" [_thread_blocked, id=34328, stack(0x000000bdd5700000,0x000000bdd5800000)]
  0x000001fdf4cc3000 JavaThread "jar transforms Thread 14" [_thread_blocked, id=2676, stack(0x000000bdd5600000,0x000000bdd5700000)]
  0x000001fdf4cc6000 JavaThread "jar transforms Thread 13" [_thread_blocked, id=29324, stack(0x000000bdd5500000,0x000000bdd5600000)]
  0x000001fdf4cc1800 JavaThread "jar transforms Thread 12" [_thread_blocked, id=11556, stack(0x000000bdd5400000,0x000000bdd5500000)]
  0x000001fdf4cc4000 JavaThread "jar transforms Thread 11" [_thread_blocked, id=31892, stack(0x000000bdd5300000,0x000000bdd5400000)]
  0x000001fdf734e000 JavaThread "jar transforms Thread 10" [_thread_blocked, id=13028, stack(0x000000bdd5200000,0x000000bdd5300000)]
  0x000001fdf734f800 JavaThread "jar transforms Thread 9" [_thread_blocked, id=8008, stack(0x000000bdd5100000,0x000000bdd5200000)]
  0x000001fdf734d000 JavaThread "jar transforms Thread 8" [_thread_blocked, id=17868, stack(0x000000bdd5000000,0x000000bdd5100000)]
  0x000001fdf734e800 JavaThread "jar transforms Thread 7" [_thread_blocked, id=10576, stack(0x000000bdd4f00000,0x000000bdd5000000)]
  0x000001fdf734b800 JavaThread "jar transforms Thread 6" [_thread_blocked, id=26792, stack(0x000000bdd4e00000,0x000000bdd4f00000)]
  0x000001fdf7351000 JavaThread "jar transforms Thread 5" [_thread_blocked, id=25548, stack(0x000000bdd4d00000,0x000000bdd4e00000)]
  0x000001fdf734c800 JavaThread "jar transforms Thread 4" [_thread_blocked, id=22164, stack(0x000000bdd4c00000,0x000000bdd4d00000)]
  0x000001fdf734b000 JavaThread "jar transforms Thread 3" [_thread_blocked, id=11976, stack(0x000000bdd4b00000,0x000000bdd4c00000)]
  0x000001fdf7350000 JavaThread "jar transforms Thread 2" [_thread_blocked, id=18880, stack(0x000000bdd4a00000,0x000000bdd4b00000)]
  0x000001fdf7344000 JavaThread "Build operations Thread 6" [_thread_blocked, id=16912, stack(0x000000bdd4900000,0x000000bdd4a00000)]
  0x000001fdf734a000 JavaThread "Build operations Thread 5" [_thread_blocked, id=27448, stack(0x000000bdd4800000,0x000000bdd4900000)]
  0x000001fdf7342800 JavaThread "Build operations Thread 4" [_thread_blocked, id=33084, stack(0x000000bdd4700000,0x000000bdd4800000)]
  0x000001fdf7347000 JavaThread "Build operations Thread 3" [_thread_blocked, id=20364, stack(0x000000bdd4600000,0x000000bdd4700000)]
  0x000001fdf7345800 JavaThread "Build operations Thread 2" [_thread_blocked, id=32436, stack(0x000000bdd4500000,0x000000bdd4600000)]
  0x000001fdf7343800 JavaThread "Build operations" [_thread_blocked, id=30656, stack(0x000000bdd4400000,0x000000bdd4500000)]
  0x000001fdf7345000 JavaThread "Cache worker for file content cache (C:\Users\a\.gradle\wrapper\dists\gradle-6.1.1-all\cfmwm155h49vnt3hynmlrsdst\gradle-6.1.1\bin\caches\6.5\fileContent)" [_thread_blocked, id=33876, stack(0x000000bdd4300000,0x000000bdd4400000)]
  0x000001fdf7348800 JavaThread "jar transforms" [_thread_blocked, id=34204, stack(0x000000bdd4200000,0x000000bdd4300000)]
  0x000001fdf5962800 JavaThread "Cache worker for execution history cache (C:\Users\a\.gradle\wrapper\dists\gradle-6.1.1-all\cfmwm155h49vnt3hynmlrsdst\gradle-6.1.1\bin\caches\6.5\executionHistory)" [_thread_blocked, id=10124, stack(0x000000bdd4100000,0x000000bdd4200000)]
  0x000001fdf5969000 JavaThread "Cache worker for cache directory md-rule (C:\Users\a\.gradle\wrapper\dists\gradle-6.1.1-all\cfmwm155h49vnt3hynmlrsdst\gradle-6.1.1\bin\caches\6.5\md-rule)" [_thread_blocked, id=34732, stack(0x000000bdd4000000,0x000000bdd4100000)]
  0x000001fdf5966000 JavaThread "Cache worker for cache directory md-supplier (C:\Users\a\.gradle\wrapper\dists\gradle-6.1.1-all\cfmwm155h49vnt3hynmlrsdst\gradle-6.1.1\bin\caches\6.5\md-supplier)" [_thread_blocked, id=32688, stack(0x000000bdd3f00000,0x000000bdd4000000)]
  0x000001fdf5968800 JavaThread "Cache worker for checksums cache (E:\Android\NavInfo\Client\Demo\Client_AnimationTest\.gradle\checksums)" [_thread_blocked, id=32752, stack(0x000000bdd3e00000,0x000000bdd3f00000)]
  0x000001fdf5965800 JavaThread "Cache worker for file hash cache (E:\Android\NavInfo\Client\Demo\Client_AnimationTest\.gradle\6.5\fileHashes)" [_thread_blocked, id=10452, stack(0x000000bdd3d00000,0x000000bdd3e00000)]
  0x000001fdf5964000 JavaThread "Cache worker for file hash cache (C:\Users\a\.gradle\wrapper\dists\gradle-6.1.1-all\cfmwm155h49vnt3hynmlrsdst\gradle-6.1.1\bin\caches\6.5\fileHashes)" [_thread_blocked, id=34412, stack(0x000000bdd3c00000,0x000000bdd3d00000)]
  0x000001fdf5967800 JavaThread "File lock request listener" [_thread_in_native, id=32072, stack(0x000000bdd3b00000,0x000000bdd3c00000)]
  0x000001fdf5964800 JavaThread "Cache worker for journal cache (C:\Users\a\.gradle\wrapper\dists\gradle-6.1.1-all\cfmwm155h49vnt3hynmlrsdst\gradle-6.1.1\bin\caches\journal-1)" [_thread_blocked, id=25424, stack(0x000000bdd3a00000,0x000000bdd3b00000)]
  0x000001fdf5967000 JavaThread "Thread-9" [_thread_blocked, id=11624, stack(0x000000bdd3900000,0x000000bdd3a00000)]
  0x000001fdf5963000 JavaThread "Stdin handler" [_thread_blocked, id=27420, stack(0x000000bdd3800000,0x000000bdd3900000)]
  0x000001fdf404b800 JavaThread "Asynchronous log dispatcher for DefaultDaemonConnection: socket connection from /127.0.0.1:59411 to /127.0.0.1:59412" [_thread_blocked, id=1484, stack(0x000000bdd3700000,0x000000bdd3800000)]
  0x000001fdf4051000 JavaThread "Daemon worker" [_thread_blocked, id=32784, stack(0x000000bdd3600000,0x000000bdd3700000)]
  0x000001fdf404e000 JavaThread "Cancel handler" [_thread_blocked, id=32420, stack(0x000000bdd3500000,0x000000bdd3600000)]
  0x000001fdf404d000 JavaThread "Handler for socket connection from /127.0.0.1:59411 to /127.0.0.1:59412" [_thread_in_native, id=31656, stack(0x000000bdd3400000,0x000000bdd3500000)]
  0x000001fdf404f800 JavaThread "Daemon" [_thread_blocked, id=15116, stack(0x000000bdd3300000,0x000000bdd3400000)]
  0x000001fdf404e800 JavaThread "Daemon periodic checks" [_thread_blocked, id=29988, stack(0x000000bdd3200000,0x000000bdd3300000)]
  0x000001fdf404b000 JavaThread "Incoming local TCP Connector on port 59411" [_thread_in_native, id=17540, stack(0x000000bdd3100000,0x000000bdd3200000)]
  0x000001fdf4050000 JavaThread "Daemon health stats" [_thread_blocked, id=16848, stack(0x000000bdd2e00000,0x000000bdd2f00000)]
  0x000001fdf404c800 JavaThread "Service Thread" daemon [_thread_blocked, id=31952, stack(0x000000bdd2c00000,0x000000bdd2d00000)]
  0x000001fdf31d3000 JavaThread "C1 CompilerThread2" daemon [_thread_blocked, id=10696, stack(0x000000bdd2b00000,0x000000bdd2c00000)]
  0x000001fdf31ce000 JavaThread "C2 CompilerThread1" daemon [_thread_blocked, id=33020, stack(0x000000bdd2a00000,0x000000bdd2b00000)]
=>0x000001fdf31cb800 JavaThread "C2 CompilerThread0" daemon [_thread_in_native, id=9696, stack(0x000000bdd2900000,0x000000bdd2a00000)]
  0x000001fdf3173800 JavaThread "Attach Listener" daemon [_thread_blocked, id=30812, stack(0x000000bdd2800000,0x000000bdd2900000)]
  0x000001fdf3171800 JavaThread "Signal Dispatcher" daemon [_thread_blocked, id=20352, stack(0x000000bdd2700000,0x000000bdd2800000)]
  0x000001fdf27b3800 JavaThread "Finalizer" daemon [_thread_blocked, id=33660, stack(0x000000bdd2600000,0x000000bdd2700000)]
  0x000001fdf27b2800 JavaThread "Reference Handler" daemon [_thread_blocked, id=34720, stack(0x000000bdd2500000,0x000000bdd2600000)]
  0x000001fddc5f3800 JavaThread "main" [_thread_blocked, id=10160, stack(0x000000bdd1d00000,0x000000bdd1e00000)]

Other Threads:
  0x000001fdf3123000 VMThread [stack: 0x000000bdd2400000,0x000000bdd2500000] [id=32032]
  0x000001fdf405b000 WatcherThread [stack: 0x000000bdd2d00000,0x000000bdd2e00000] [id=33432]

VM state:not at safepoint (normal execution)

VM Mutex/Monitor currently owned by a thread: None

heap address: 0x0000000080000000, size: 2048 MB, Compressed Oops mode: 32-bit
Narrow klass base: 0x0000000000000000, Narrow klass shift: 3
Compressed class space size: 1073741824 Address: 0x0000000100000000

Heap:
 PSYoungGen      total 187392K, used 72646K [0x00000000d5580000, 0x00000000e3d00000, 0x0000000100000000)
  eden space 176640K, 41% used [0x00000000d5580000,0x00000000d9c71918,0x00000000e0200000)
  from space 10752K, 0% used [0x00000000e3280000,0x00000000e3280000,0x00000000e3d00000)
  to   space 16384K, 0% used [0x00000000e1d00000,0x00000000e1d00000,0x00000000e2d00000)
 ParOldGen       total 110080K, used 31146K [0x0000000080000000, 0x0000000086b80000, 0x00000000d5580000)
  object space 110080K, 28% used [0x0000000080000000,0x0000000081e6aa40,0x0000000086b80000)
 Metaspace       used 61250K, capacity 63846K, committed 64000K, reserved 1103872K
  class space    used 8672K, capacity 9188K, committed 9216K, reserved 1048576K

Card table byte_map: [0x000001fded400000,0x000001fded810000] byte_map_base: 0x000001fded000000

Marking Bits: (ParMarkBitMap*) 0x0000000077f84fb0
 Begin Bits: [0x000001fdedac0000, 0x000001fdefac0000)
 End Bits:   [0x000001fdefac0000, 0x000001fdf1ac0000)

Polling page: 0x000001fddc7b0000

CodeCache: size=245760Kb used=19566Kb max_used=19578Kb free=226193Kb
 bounds [0x000001fdde040000, 0x000001fddf370000, 0x000001fded040000]
 total_blobs=6401 nmethods=5620 adapters=693
 compilation: enabled

Compilation events (10 events):
Event: 6.197 Thread 0x000001fdf31d3000 5619       3       org.gradle.api.internal.tasks.DefaultTaskDependency::getMutableValues (24 bytes)
Event: 6.198 Thread 0x000001fdf31d3000 nmethod 5619 0x000001fddf34ee90 code [0x000001fddf34f040, 0x000001fddf34f738]
Event: 6.198 Thread 0x000001fdf31ce000 nmethod 5551 0x000001fddf34fc90 code [0x000001fddf34fee0, 0x000001fddf3514b0]
Event: 6.199 Thread 0x000001fdf31ce000 5546       4       com.google.common.collect.CollectPreconditions::checkNonnegative (37 bytes)
Event: 6.199 Thread 0x000001fdf31ce000 nmethod 5546 0x000001fddf327f50 code [0x000001fddf328080, 0x000001fddf3280d8]
Event: 6.199 Thread 0x000001fdf31ce000 5569       4       org.objectweb.asm.AnnotationWriter::computeAnnotationsSize (66 bytes)
Event: 6.200 Thread 0x000001fdf31d3000 5621       3       org.gradle.internal.reflect.MutableClassDetails::<init> (65 bytes)
Event: 6.200 Thread 0x000001fdf31ce000 nmethod 5569 0x000001fddf34be50 code [0x000001fddf34bfa0, 0x000001fddf34c088]
Event: 6.200 Thread 0x000001fdf31ce000 5620       4       java.util.HashMap::putVal (300 bytes)
Event: 6.201 Thread 0x000001fdf31d3000 nmethod 5621 0x000001fddf34d490 code [0x000001fddf34d700, 0x000001fddf34e550]

GC Heap History (10 events):
Event: 3.345 GC heap before
{Heap before GC invocations=7 (full 2):
 PSYoungGen      total 140800K, used 8251K [0x00000000d5580000, 0x00000000e4300000, 0x0000000100000000)
  eden space 130048K, 0% used [0x00000000d5580000,0x00000000d5580000,0x00000000dd480000)
  from space 10752K, 76% used [0x00000000dd480000,0x00000000ddc8ec58,0x00000000ddf00000)
  to   space 16896K, 0% used [0x00000000e3280000,0x00000000e3280000,0x00000000e4300000)
 ParOldGen       total 110080K, used 16609K [0x0000000080000000, 0x0000000086b80000, 0x00000000d5580000)
  object space 110080K, 15% used [0x0000000080000000,0x0000000081038600,0x0000000086b80000)
 Metaspace       used 34328K, capacity 35454K, committed 35496K, reserved 1079296K
  class space    used 4834K, capacity 5100K, committed 5120K, reserved 1048576K
Event: 3.388 GC heap after
Heap after GC invocations=7 (full 2):
 PSYoungGen      total 140800K, used 0K [0x00000000d5580000, 0x00000000e4300000, 0x0000000100000000)
  eden space 130048K, 0% used [0x00000000d5580000,0x00000000d5580000,0x00000000dd480000)
  from space 10752K, 0% used [0x00000000dd480000,0x00000000dd480000,0x00000000ddf00000)
  to   space 16896K, 0% used [0x00000000e3280000,0x00000000e3280000,0x00000000e4300000)
 ParOldGen       total 110080K, used 15068K [0x0000000080000000, 0x0000000086b80000, 0x00000000d5580000)
  object space 110080K, 13% used [0x0000000080000000,0x0000000080eb73a0,0x0000000086b80000)
 Metaspace       used 34328K, capacity 35454K, committed 35496K, reserved 1079296K
  class space    used 4834K, capacity 5100K, committed 5120K, reserved 1048576K
}
Event: 4.058 GC heap before
{Heap before GC invocations=8 (full 2):
 PSYoungGen      total 140800K, used 130048K [0x00000000d5580000, 0x00000000e4300000, 0x0000000100000000)
  eden space 130048K, 100% used [0x00000000d5580000,0x00000000dd480000,0x00000000dd480000)
  from space 10752K, 0% used [0x00000000dd480000,0x00000000dd480000,0x00000000ddf00000)
  to   space 16896K, 0% used [0x00000000e3280000,0x00000000e3280000,0x00000000e4300000)
 ParOldGen       total 110080K, used 15068K [0x0000000080000000, 0x0000000086b80000, 0x00000000d5580000)
  object space 110080K, 13% used [0x0000000080000000,0x0000000080eb73a0,0x0000000086b80000)
 Metaspace       used 39015K, capacity 40692K, committed 40960K, reserved 1085440K
  class space    used 5512K, capacity 5836K, committed 5888K, reserved 1048576K
Event: 4.067 GC heap after
Heap after GC invocations=8 (full 2):
 PSYoungGen      total 187392K, used 10429K [0x00000000d5580000, 0x00000000e3d00000, 0x0000000100000000)
  eden space 176640K, 0% used [0x00000000d5580000,0x00000000d5580000,0x00000000e0200000)
  from space 10752K, 97% used [0x00000000e3280000,0x00000000e3caf728,0x00000000e3d00000)
  to   space 16384K, 0% used [0x00000000e1d00000,0x00000000e1d00000,0x00000000e2d00000)
 ParOldGen       total 110080K, used 15076K [0x0000000080000000, 0x0000000086b80000, 0x00000000d5580000)
  object space 110080K, 13% used [0x0000000080000000,0x0000000080eb93a0,0x0000000086b80000)
 Metaspace       used 39015K, capacity 40692K, committed 40960K, reserved 1085440K
  class space    used 5512K, capacity 5836K, committed 5888K, reserved 1048576K
}
Event: 5.454 GC heap before
{Heap before GC invocations=9 (full 2):
 PSYoungGen      total 187392K, used 187069K [0x00000000d5580000, 0x00000000e3d00000, 0x0000000100000000)
  eden space 176640K, 100% used [0x00000000d5580000,0x00000000e0200000,0x00000000e0200000)
  from space 10752K, 97% used [0x00000000e3280000,0x00000000e3caf728,0x00000000e3d00000)
  to   space 16384K, 0% used [0x00000000e1d00000,0x00000000e1d00000,0x00000000e2d00000)
 ParOldGen       total 110080K, used 15076K [0x0000000080000000, 0x0000000086b80000, 0x00000000d5580000)
  object space 110080K, 13% used [0x0000000080000000,0x0000000080eb93a0,0x0000000086b80000)
 Metaspace       used 55909K, capacity 58262K, committed 58496K, reserved 1099776K
  class space    used 7788K, capacity 8254K, committed 8320K, reserved 1048576K
Event: 5.477 GC heap after
Heap after GC invocations=9 (full 2):
 PSYoungGen      total 193024K, used 16380K [0x00000000d5580000, 0x00000000e3d00000, 0x0000000100000000)
  eden space 176640K, 0% used [0x00000000d5580000,0x00000000d5580000,0x00000000e0200000)
  from space 16384K, 99% used [0x00000000e1d00000,0x00000000e2cff320,0x00000000e2d00000)
  to   space 10752K, 0% used [0x00000000e3280000,0x00000000e3280000,0x00000000e3d00000)
 ParOldGen       total 110080K, used 27030K [0x0000000080000000, 0x0000000086b80000, 0x00000000d5580000)
  object space 110080K, 24% used [0x0000000080000000,0x0000000081a65830,0x0000000086b80000)
 Metaspace       used 55909K, capacity 58262K, committed 58496K, reserved 1099776K
  class space    used 7788K, capacity 8254K, committed 8320K, reserved 1048576K
}
Event: 5.566 GC heap before
{Heap before GC invocations=10 (full 2):
 PSYoungGen      total 193024K, used 30684K [0x00000000d5580000, 0x00000000e3d00000, 0x0000000100000000)
  eden space 176640K, 8% used [0x00000000d5580000,0x00000000d6377ea8,0x00000000e0200000)
  from space 16384K, 99% used [0x00000000e1d00000,0x00000000e2cff320,0x00000000e2d00000)
  to   space 10752K, 0% used [0x00000000e3280000,0x00000000e3280000,0x00000000e3d00000)
 ParOldGen       total 110080K, used 27030K [0x0000000080000000, 0x0000000086b80000, 0x00000000d5580000)
  object space 110080K, 24% used [0x0000000080000000,0x0000000081a65830,0x0000000086b80000)
 Metaspace       used 56710K, capacity 59050K, committed 59136K, reserved 1099776K
  class space    used 7927K, capacity 8400K, committed 8448K, reserved 1048576K
Event: 5.575 GC heap after
Heap after GC invocations=10 (full 2):
 PSYoungGen      total 187392K, used 10720K [0x00000000d5580000, 0x00000000e3d00000, 0x0000000100000000)
  eden space 176640K, 0% used [0x00000000d5580000,0x00000000d5580000,0x00000000e0200000)
  from space 10752K, 99% used [0x00000000e3280000,0x00000000e3cf8050,0x00000000e3d00000)
  to   space 16384K, 0% used [0x00000000e1d00000,0x00000000e1d00000,0x00000000e2d00000)
 ParOldGen       total 110080K, used 33740K [0x0000000080000000, 0x0000000086b80000, 0x00000000d5580000)
  object space 110080K, 30% used [0x0000000080000000,0x00000000820f31c8,0x0000000086b80000)
 Metaspace       used 56710K, capacity 59050K, committed 59136K, reserved 1099776K
  class space    used 7927K, capacity 8400K, committed 8448K, reserved 1048576K
}
Event: 5.575 GC heap before
{Heap before GC invocations=11 (full 3):
 PSYoungGen      total 187392K, used 10720K [0x00000000d5580000, 0x00000000e3d00000, 0x0000000100000000)
  eden space 176640K, 0% used [0x00000000d5580000,0x00000000d5580000,0x00000000e0200000)
  from space 10752K, 99% used [0x00000000e3280000,0x00000000e3cf8050,0x00000000e3d00000)
  to   space 16384K, 0% used [0x00000000e1d00000,0x00000000e1d00000,0x00000000e2d00000)
 ParOldGen       total 110080K, used 33740K [0x0000000080000000, 0x0000000086b80000, 0x00000000d5580000)
  object space 110080K, 30% used [0x0000000080000000,0x00000000820f31c8,0x0000000086b80000)
 Metaspace       used 56710K, capacity 59050K, committed 59136K, reserved 1099776K
  class space    used 7927K, capacity 8400K, committed 8448K, reserved 1048576K
Event: 5.705 GC heap after
Heap after GC invocations=11 (full 3):
 PSYoungGen      total 187392K, used 0K [0x00000000d5580000, 0x00000000e3d00000, 0x0000000100000000)
  eden space 176640K, 0% used [0x00000000d5580000,0x00000000d5580000,0x00000000e0200000)
  from space 10752K, 0% used [0x00000000e3280000,0x00000000e3280000,0x00000000e3d00000)
  to   space 16384K, 0% used [0x00000000e1d00000,0x00000000e1d00000,0x00000000e2d00000)
 ParOldGen       total 110080K, used 31146K [0x0000000080000000, 0x0000000086b80000, 0x00000000d5580000)
  object space 110080K, 28% used [0x0000000080000000,0x0000000081e6aa40,0x0000000086b80000)
 Metaspace       used 56686K, capacity 58972K, committed 59136K, reserved 1099776K
  class space    used 7919K, capacity 8387K, committed 8448K, reserved 1048576K
}

Deoptimization events (10 events):
Event: 5.736 Thread 0x000001fdf4051000 Uncommon trap: reason=bimorphic action=maybe_recompile pc=0x000001fddef23f14 method=java.util.regex.Pattern$5.isSatisfiedBy(I)Z @ 16
Event: 5.736 Thread 0x000001fdf4051000 Uncommon trap: reason=bimorphic action=maybe_recompile pc=0x000001fddef23f14 method=java.util.regex.Pattern$5.isSatisfiedBy(I)Z @ 16
Event: 5.736 Thread 0x000001fdf4051000 Uncommon trap: reason=bimorphic action=maybe_recompile pc=0x000001fddef23f14 method=java.util.regex.Pattern$5.isSatisfiedBy(I)Z @ 16
Event: 5.736 Thread 0x000001fdf4051000 Uncommon trap: reason=bimorphic action=maybe_recompile pc=0x000001fddef23f14 method=java.util.regex.Pattern$5.isSatisfiedBy(I)Z @ 16
Event: 5.905 Thread 0x000001fdf4051000 Uncommon trap: reason=unstable_if action=reinterpret pc=0x000001fdde714b68 method=java.util.regex.Pattern$BmpCharProperty.match(Ljava/util/regex/Matcher;ILjava/lang/CharSequence;)Z @ 34
Event: 5.910 Thread 0x000001fdf4051000 Uncommon trap: reason=unstable_if action=reinterpret pc=0x000001fddef4fcf4 method=com.sun.org.apache.xerces.internal.impl.XMLEntityScanner.scanLiteral(ILcom/sun/org/apache/xerces/internal/xni/XMLString;Z)I @ 660
Event: 5.917 Thread 0x000001fdf4051000 Uncommon trap: reason=unstable_if action=reinterpret pc=0x000001fddf218468 method=java.lang.CharacterDataLatin1.digit(II)I @ 31
Event: 5.976 Thread 0x000001fdf4051000 Uncommon trap: reason=unstable_if action=reinterpret pc=0x000001fdde41abb4 method=java.lang.String.lastIndexOf([CII[CIII)I @ 118
Event: 5.995 Thread 0x000001fdf4051000 Uncommon trap: reason=unstable_if action=reinterpret pc=0x000001fddec70688 method=java.util.HashMap.putVal(ILjava/lang/Object;Ljava/lang/Object;ZZ)Ljava/lang/Object; @ 109
Event: 5.996 Thread 0x000001fdf4051000 Uncommon trap: reason=unstable_if action=reinterpret pc=0x000001fddea365c4 method=java.util.HashMap.putVal(ILjava/lang/Object;Ljava/lang/Object;ZZ)Ljava/lang/Object; @ 109

Classes redefined (0 events):
No events

Internal exceptions (10 events):
Event: 5.756 Thread 0x000001fdf4051000 Exception <a 'java/lang/ClassNotFoundException': com/sun/org/glassfish/hk2/osgiresourcelocator/ServiceLoader> (0x00000000d5cad7f8) thrown at [C:\jenkins\workspace\8-2-build-windows-amd64-cygwin\jdk8u261\295\hotspot\src\share\vm\classfile\systemDictionary.
Event: 5.788 Thread 0x000001fdf4051000 Exception <a 'java/lang/NullPointerException'> (0x00000000d64a8788) thrown at [C:\jenkins\workspace\8-2-build-windows-amd64-cygwin\jdk8u261\295\hotspot\src\share\vm\interpreter\linkResolver.cpp, line 1287]
Event: 5.943 Thread 0x000001fdf4051000 Exception <a 'java/lang/ClassNotFoundException': org/gradle/api/internal/file/collections/DefaultConfigurableFileTreeBeanInfo> (0x00000000d7a22418) thrown at [C:\jenkins\workspace\8-2-build-windows-amd64-cygwin\jdk8u261\295\hotspot\src\share\vm\classfile\
Event: 5.943 Thread 0x000001fdf4051000 Exception <a 'java/lang/ClassNotFoundException': org/gradle/api/internal/file/CompositeFileTreeBeanInfo> (0x00000000d7a3b908) thrown at [C:\jenkins\workspace\8-2-build-windows-amd64-cygwin\jdk8u261\295\hotspot\src\share\vm\classfile\systemDictionary.cpp, 
Event: 5.943 Thread 0x000001fdf4051000 Exception <a 'java/lang/ClassNotFoundException': org/gradle/api/internal/file/CompositeFileCollectionBeanInfo> (0x00000000d7a56bb8) thrown at [C:\jenkins\workspace\8-2-build-windows-amd64-cygwin\jdk8u261\295\hotspot\src\share\vm\classfile\systemDictionary
Event: 5.943 Thread 0x000001fdf4051000 Exception <a 'java/lang/ClassNotFoundException': org/gradle/api/internal/file/AbstractFileCollectionBeanInfo> (0x00000000d7a71e68) thrown at [C:\jenkins\workspace\8-2-build-windows-amd64-cygwin\jdk8u261\295\hotspot\src\share\vm\classfile\systemDictionary.
Event: 5.943 Thread 0x000001fdf4051000 Exception <a 'java/lang/ClassNotFoundException': org/gradle/api/internal/file/AbstractFileCollectionCustomizer> (0x00000000d7a8d730) thrown at [C:\jenkins\workspace\8-2-build-windows-amd64-cygwin\jdk8u261\295\hotspot\src\share\vm\classfile\systemDictionar
Event: 5.944 Thread 0x000001fdf4051000 Exception <a 'java/lang/ClassNotFoundException': org/gradle/api/internal/file/CompositeFileCollectionCustomizer> (0x00000000d7aba498) thrown at [C:\jenkins\workspace\8-2-build-windows-amd64-cygwin\jdk8u261\295\hotspot\src\share\vm\classfile\systemDictiona
Event: 5.944 Thread 0x000001fdf4051000 Exception <a 'java/lang/ClassNotFoundException': org/gradle/api/internal/file/CompositeFileTreeCustomizer> (0x00000000d7ae06c8) thrown at [C:\jenkins\workspace\8-2-build-windows-amd64-cygwin\jdk8u261\295\hotspot\src\share\vm\classfile\systemDictionary.cpp
Event: 5.945 Thread 0x000001fdf4051000 Exception <a 'java/lang/ClassNotFoundException': org/gradle/api/internal/file/collections/DefaultConfigurableFileTreeCustomizer> (0x00000000d7b0d260) thrown at [C:\jenkins\workspace\8-2-build-windows-amd64-cygwin\jdk8u261\295\hotspot\src\share\vm\classfil

Events (10 events):
Event: 6.186 loading class com/android/build/gradle/tasks/MergeSourceSetFolders$MergeJniLibFoldersCreationAction$configure$1
Event: 6.186 loading class com/android/build/gradle/tasks/MergeSourceSetFolders$MergeJniLibFoldersCreationAction$configure$1 done
Event: 6.186 loading class com/android/build/gradle/tasks/MergeSourceSetFolders$MergeJniLibFoldersCreationAction$configure$2
Event: 6.186 loading class com/android/build/gradle/tasks/MergeSourceSetFolders$MergeJniLibFoldersCreationAction$configure$2 done
Event: 6.201 loading class com/android/build/gradle/internal/tasks/DxDexParameterInputs
Event: 6.201 loading class com/android/build/gradle/internal/tasks/DxDexParameterInputs done
Event: 6.201 loading class com/android/build/gradle/internal/tasks/DexParameterInputs
Event: 6.201 loading class com/android/build/gradle/internal/tasks/DexParameterInputs done
Event: 6.202 loading class org/gradle/api/tasks/LocalState
Event: 6.202 loading class org/gradle/api/tasks/LocalState done


Dynamic libraries:
0x00007ff62ad00000 - 0x00007ff62ad47000 	D:\Language\Java\dk1.8.0_261\bin\java.exe
0x00007ffe0a5c0000 - 0x00007ffe0a7b0000 	C:\WINDOWS\SYSTEM32\ntdll.dll
0x00007ffe08de0000 - 0x00007ffe08e92000 	C:\WINDOWS\System32\KERNEL32.DLL
0x00007ffe07610000 - 0x00007ffe078b5000 	C:\WINDOWS\System32\KERNELBASE.dll
0x00007ffe086a0000 - 0x00007ffe08743000 	C:\WINDOWS\System32\ADVAPI32.dll
0x00007ffe0a070000 - 0x00007ffe0a10e000 	C:\WINDOWS\System32\msvcrt.dll
0x00007ffe08bf0000 - 0x00007ffe08c87000 	C:\WINDOWS\System32\sechost.dll
0x00007ffe0a110000 - 0x00007ffe0a230000 	C:\WINDOWS\System32\RPCRT4.dll
0x00007ffe09580000 - 0x00007ffe09714000 	C:\WINDOWS\System32\USER32.dll
0x00007ffe07c00000 - 0x00007ffe07c21000 	C:\WINDOWS\System32\win32u.dll
0x00007ffe09480000 - 0x00007ffe094a6000 	C:\WINDOWS\System32\GDI32.dll
0x00007ffe078c0000 - 0x00007ffe07a56000 	C:\WINDOWS\System32\gdi32full.dll
0x00007ffe085d0000 - 0x00007ffe0866e000 	C:\WINDOWS\System32\msvcp_win.dll
0x00007ffe084d0000 - 0x00007ffe085ca000 	C:\WINDOWS\System32\ucrtbase.dll
0x00007ffde8ab0000 - 0x00007ffde8d34000 	C:\WINDOWS\WinSxS\amd64_microsoft.windows.common-controls_6595b64144ccf1df_6.0.18362.1256_none_9e7e379be45e40e2\COMCTL32.dll
0x00007ffe087d0000 - 0x00007ffe08b06000 	C:\WINDOWS\System32\combase.dll
0x00007ffe07580000 - 0x00007ffe07601000 	C:\WINDOWS\System32\bcryptPrimitives.dll
0x00007ffe08670000 - 0x00007ffe0869e000 	C:\WINDOWS\System32\IMM32.DLL
0x00007ffdfafc0000 - 0x00007ffdfafd5000 	D:\Language\Java\dk1.8.0_261\jre\bin\vcruntime140.dll
0x00007ffde3d10000 - 0x00007ffde3dab000 	D:\Language\Java\dk1.8.0_261\jre\bin\msvcp140.dll
0x0000000077790000 - 0x0000000077ffc000 	D:\Language\Java\dk1.8.0_261\jre\bin\server\jvm.dll
0x00007ffe09470000 - 0x00007ffe09478000 	C:\WINDOWS\System32\PSAPI.DLL
0x00007ffdf9ef0000 - 0x00007ffdf9f14000 	C:\WINDOWS\SYSTEM32\WINMM.dll
0x00007ffe06fe0000 - 0x00007ffe06fea000 	C:\WINDOWS\SYSTEM32\VERSION.dll
0x00007ffdfc700000 - 0x00007ffdfc709000 	C:\WINDOWS\SYSTEM32\WSOCK32.dll
0x00007ffe094b0000 - 0x00007ffe0951f000 	C:\WINDOWS\System32\WS2_32.dll
0x00007ffdffba0000 - 0x00007ffdffbcd000 	C:\WINDOWS\SYSTEM32\WINMMBASE.dll
0x00007ffe07530000 - 0x00007ffe0757a000 	C:\WINDOWS\System32\cfgmgr32.dll
0x00007ffe074c0000 - 0x00007ffe074d1000 	C:\WINDOWS\System32\kernel.appcore.dll
0x00007ffdfafb0000 - 0x00007ffdfafc0000 	D:\Language\Java\dk1.8.0_261\jre\bin\verify.dll
0x00007ffdf0b30000 - 0x00007ffdf0b5b000 	D:\Language\Java\dk1.8.0_261\jre\bin\java.dll
0x00007ffdfa260000 - 0x00007ffdfa278000 	D:\Language\Java\dk1.8.0_261\jre\bin\zip.dll
0x00007ffe097c0000 - 0x00007ffe09ea7000 	C:\WINDOWS\System32\SHELL32.dll
0x00007ffe09eb0000 - 0x00007ffe09f59000 	C:\WINDOWS\System32\shcore.dll
0x00007ffe07c90000 - 0x00007ffe08411000 	C:\WINDOWS\System32\windows.storage.dll
0x00007ffe074e0000 - 0x00007ffe07503000 	C:\WINDOWS\System32\profapi.dll
0x00007ffe07470000 - 0x00007ffe074ba000 	C:\WINDOWS\System32\powrprof.dll
0x00007ffe07460000 - 0x00007ffe07470000 	C:\WINDOWS\System32\UMPDC.dll
0x00007ffe09520000 - 0x00007ffe09572000 	C:\WINDOWS\System32\shlwapi.dll
0x00007ffe07bb0000 - 0x00007ffe07bc7000 	C:\WINDOWS\System32\cryptsp.dll
0x00007ffdf5900000 - 0x00007ffdf591c000 	D:\Language\Java\dk1.8.0_261\jre\bin\net.dll
0x00007ffe06be0000 - 0x00007ffe06c47000 	C:\WINDOWS\system32\mswsock.dll
0x00007ffdf5870000 - 0x00007ffdf5883000 	D:\Language\Java\dk1.8.0_261\jre\bin\nio.dll
0x00007ffdee480000 - 0x00007ffdee4a7000 	C:\Users\a\.gradle\wrapper\dists\gradle-6.1.1-all\cfmwm155h49vnt3hynmlrsdst\gradle-6.1.1\bin\native\f6784746aeab05261644944871eae4fe03e0ef1612fff0a4a95f87b438bc6780\windows-amd64\native-platform.dll
0x00007ffdfafa0000 - 0x00007ffdfafad000 	D:\Language\Java\dk1.8.0_261\jre\bin\management.dll
0x00007ffe06750000 - 0x00007ffe06783000 	C:\WINDOWS\system32\rsaenh.dll
0x00007ffe07bd0000 - 0x00007ffe07bf6000 	C:\WINDOWS\System32\bcrypt.dll
0x00007ffe07340000 - 0x00007ffe07365000 	C:\WINDOWS\SYSTEM32\USERENV.dll
0x00007ffe06db0000 - 0x00007ffe06dbc000 	C:\WINDOWS\SYSTEM32\CRYPTBASE.dll
0x00007ffe068f0000 - 0x00007ffe0692a000 	C:\WINDOWS\SYSTEM32\IPHLPAPI.DLL
0x00007ffe09720000 - 0x00007ffe09728000 	C:\WINDOWS\System32\NSI.dll
0x00007ffe02940000 - 0x00007ffe02956000 	C:\WINDOWS\SYSTEM32\dhcpcsvc6.DLL
0x00007ffe028b0000 - 0x00007ffe028cc000 	C:\WINDOWS\SYSTEM32\dhcpcsvc.DLL
0x00007ffe06930000 - 0x00007ffe069fb000 	C:\WINDOWS\SYSTEM32\DNSAPI.dll
0x00007ffe02a00000 - 0x00007ffe02a0b000 	C:\WINDOWS\SYSTEM32\WINNSI.DLL
0x00007ffe03220000 - 0x00007ffe03414000 	C:\WINDOWS\SYSTEM32\dbghelp.dll

VM Arguments:
jvm_args: -Xmx2048m -Dfile.encoding=UTF-8 -Duser.country=CN -Duser.language=zh -Duser.variant 
java_command: org.gradle.launcher.daemon.bootstrap.GradleDaemon 6.5
java_class_path (initial): C:\Users\a\.gradle\wrapper\dists\gradle-6.1.1-all\cfmwm155h49vnt3hynmlrsdst\gradle-6.1.1\bin\wrapper\dists\gradle-6.5-bin\6nifqtx7604sqp1q6g8wikw7p\gradle-6.5\lib\gradle-launcher-6.5.jar
Launcher Type: SUN_STANDARD

Environment Variables:
JAVA_HOME=D:\Language\Java\dk1.8.0_261
PATH=C:\Program Files (x86)\Common Files\Oracle\Java\javapath;C:\ProgramData\Oracle\Java\javapath;C:\WINDOWS\system32;C:\WINDOWS;C:\WINDOWS\System32\Wbem;C:\WINDOWS\System32\WindowsPowerShell\v1.0\;C:\WINDOWS\System32\OpenSSH\;D:\Language\Java\dk1.8.0_261\bin;D:\Language\Java\dk1.8.0_261\jre\bin;D:\SoftWare\WorkSoftware\Git\Git\Git\bin;D:\SoftWare\WorkSoftware\Git\TortoiseGit\bin;D:\Language\Python\python-3.8.5-embed-amd64;D:\SoftWare\WorkSoftware\Svn\bin;C:\Users\a\.gradle\wrapper\dists\gradle-6.5-all\2oz4ud9k3tuxjg84bbf55q0tn\gradle-6.5\bin;E:\Jenkins;D:\SoftWare\WorkSoftware\MySql\mysql-5.6\bin;D:\SoftWare\WorkSoftware\Sonar\sonar-scanner-4.1\bin;D:\Language\Android\Sdk\platform-tools;C:\Users\a\AppData\Local\Microsoft\WindowsApps;
USERNAME=a
OS=Windows_NT
PROCESSOR_IDENTIFIER=Intel64 Family 6 Model 158 Stepping 10, GenuineIntel



---------------  S Y S T E M  ---------------

OS: Windows 10.0 , 64 bit Build 18362 (10.0.18362.1110)

CPU:total 6 (initial active 6) (6 cores per cpu, 1 threads per core) family 6 model 158 stepping 10, cmov, cx8, fxsr, mmx, sse, sse2, sse3, ssse3, sse4.1, sse4.2, popcnt, avx, avx2, aes, clmul, erms, rtm, 3dnowpref, lzcnt, tsc, tscinvbit, bmi1, bmi2, adx

Memory: 4k page, physical 16635276k(1361904k free), swap 31143048k(7012k free)

vm_info: Java HotSpot(TM) 64-Bit Server VM (25.261-b12) for windows-amd64 JRE (1.8.0_261-b12), built on Jun 18 2020 06:56:32 by "" with unknown MS VC++:1916

time: Mon Dec 21 16:11:40 2020
timezone: ?D1¨²¡À¨º¡Á?¨º¡À??
elapsed time: 6 seconds (0d 0h 0m 6s)

