#
# There is insufficient memory for the Java Runtime Environment to continue.
# Native memory allocation (malloc) failed to allocate 1133136 bytes for Chunk::new
# Possible reasons:
#   The system is out of physical RAM or swap space
#   The process is running with CompressedOops enabled, and the Java Heap may be blocking the growth of the native heap
# Possible solutions:
#   Reduce memory load on the system
#   Increase physical memory or swap space
#   Check if swap backing store is full
#   Decrease Java heap size (-Xmx/-Xms)
#   Decrease number of Java threads
#   Decrease Java thread stack sizes (-Xss)
#   Set larger code cache with -XX:ReservedCodeCacheSize=
#   JVM is running with Unscaled Compressed Oops mode in which the Java heap is
#     placed in the first 4GB address space. The Java Heap base address is the
#     maximum limit for the native heap growth. Please use -XX:HeapBaseMinAddress
#     to set the Java Heap base and to place the Java Heap above 4GB virtual address.
# This output file may be truncated or incomplete.
#
#  Out of Memory Error (allocation.cpp:389), pid=26572, tid=0x000000000000834c
#
# JRE version: Java(TM) SE Runtime Environment (8.0_261-b12) (build 1.8.0_261-b12)
# Java VM: Java HotSpot(TM) 64-Bit Server VM (25.261-b12 mixed mode windows-amd64 compressed oops)
# Failed to write core dump. Minidumps are not enabled by default on client versions of Windows
#

---------------  T H R E A D  ---------------

Current thread (0x000001d9779cb800):  JavaThread "C2 CompilerThread1" daemon [_thread_in_native, id=33612, stack(0x0000009cdb000000,0x0000009cdb100000)]

Stack: [0x0000009cdb000000,0x0000009cdb100000]
Native frames: (J=compiled Java code, j=interpreted, Vv=VM code, C=native code)
V  [jvm.dll+0x33e5f9]
V  [jvm.dll+0x2850e2]
V  [jvm.dll+0x285d8d]
V  [jvm.dll+0x27c895]
V  [jvm.dll+0xe4d6c]
V  [jvm.dll+0xe556c]
V  [jvm.dll+0x47ece3]
V  [jvm.dll+0x446900]
V  [jvm.dll+0x44f8f5]
V  [jvm.dll+0x44ecb5]
V  [jvm.dll+0x439bc7]
V  [jvm.dll+0xbbbcb]
V  [jvm.dll+0xba22b]
V  [jvm.dll+0x24d962]
V  [jvm.dll+0x2a1cfc]
C  [ucrtbase.dll+0x210b2]
C  [KERNEL32.DLL+0x17c24]
C  [ntdll.dll+0x6d4d1]


Current CompileTask:
C2:   4103 3993   !   4       java.util.jar.Attributes::read (380 bytes)


---------------  P R O C E S S  ---------------

Java Threads: ( => current thread )
  0x000001d97f4b5000 JavaThread "Cache worker for Build Output Cleanup Cache (E:\Android\NavInfo\Client\Demo\Client_AnimationTest\.gradle\buildOutputCleanup)" [_thread_blocked, id=32128, stack(0x0000009ce2b00000,0x0000009ce2c00000)]
  0x000001d97f4ba800 JavaThread "jar transforms Thread 92" [_thread_blocked, id=14216, stack(0x0000009ce2a00000,0x0000009ce2b00000)]
  0x000001d97f4b9000 JavaThread "jar transforms Thread 91" [_thread_blocked, id=28664, stack(0x0000009ce2900000,0x0000009ce2a00000)]
  0x000001d97f4b6800 JavaThread "jar transforms Thread 90" [_thread_blocked, id=23980, stack(0x0000009ce2800000,0x0000009ce2900000)]
  0x000001d97f4b9800 JavaThread "jar transforms Thread 89" [_thread_blocked, id=34236, stack(0x0000009ce2700000,0x0000009ce2800000)]
  0x000001d97f4b7800 JavaThread "jar transforms Thread 88" [_thread_blocked, id=33812, stack(0x0000009ce2600000,0x0000009ce2700000)]
  0x000001d97f4b8000 JavaThread "jar transforms Thread 87" [_thread_blocked, id=32024, stack(0x0000009ce2500000,0x0000009ce2600000)]
  0x000001d97f4ad800 JavaThread "jar transforms Thread 86" [_thread_blocked, id=14960, stack(0x0000009ce2400000,0x0000009ce2500000)]
  0x000001d97f4b4800 JavaThread "jar transforms Thread 85" [_thread_blocked, id=6024, stack(0x0000009ce2300000,0x0000009ce2400000)]
  0x000001d97f4b3800 JavaThread "jar transforms Thread 84" [_thread_blocked, id=30028, stack(0x0000009ce2200000,0x0000009ce2300000)]
  0x000001d97f4ac000 JavaThread "jar transforms Thread 83" [_thread_blocked, id=32236, stack(0x0000009ce2100000,0x0000009ce2200000)]
  0x000001d97f4ad000 JavaThread "jar transforms Thread 82" [_thread_blocked, id=13996, stack(0x0000009ce2000000,0x0000009ce2100000)]
  0x000001d97f4b3000 JavaThread "jar transforms Thread 81" [_thread_blocked, id=32076, stack(0x0000009ce1f00000,0x0000009ce2000000)]
  0x000001d97f4af000 JavaThread "jar transforms Thread 80" [_thread_blocked, id=32500, stack(0x0000009ce1e00000,0x0000009ce1f00000)]
  0x000001d97f4b2000 JavaThread "jar transforms Thread 79" [_thread_blocked, id=33068, stack(0x0000009ce1d00000,0x0000009ce1e00000)]
  0x000001d97f4b1800 JavaThread "jar transforms Thread 78" [_thread_blocked, id=19720, stack(0x0000009ce1c00000,0x0000009ce1d00000)]
  0x000001d97f4ae800 JavaThread "jar transforms Thread 77" [_thread_blocked, id=33616, stack(0x0000009ce1b00000,0x0000009ce1c00000)]
  0x000001d97f4ab800 JavaThread "jar transforms Thread 76" [_thread_blocked, id=27520, stack(0x0000009ce1a00000,0x0000009ce1b00000)]
  0x000001d97f4b0000 JavaThread "jar transforms Thread 75" [_thread_blocked, id=32816, stack(0x0000009ce1900000,0x0000009ce1a00000)]
  0x000001d97f4b0800 JavaThread "jar transforms Thread 74" [_thread_blocked, id=21184, stack(0x0000009ce1800000,0x0000009ce1900000)]
  0x000001d978d56800 JavaThread "jar transforms Thread 73" [_thread_blocked, id=6244, stack(0x0000009ce1700000,0x0000009ce1800000)]
  0x000001d978d57800 JavaThread "jar transforms Thread 72" [_thread_blocked, id=34464, stack(0x0000009ce1600000,0x0000009ce1700000)]
  0x000001d978d56000 JavaThread "jar transforms Thread 71" [_thread_blocked, id=31180, stack(0x0000009ce1500000,0x0000009ce1600000)]
  0x000001d978d55000 JavaThread "jar transforms Thread 70" [_thread_blocked, id=15348, stack(0x0000009ce1400000,0x0000009ce1500000)]
  0x000001d978d58000 JavaThread "jar transforms Thread 69" [_thread_blocked, id=27696, stack(0x0000009ce1300000,0x0000009ce1400000)]
  0x000001d978d4d800 JavaThread "jar transforms Thread 68" [_thread_blocked, id=26424, stack(0x0000009ce1200000,0x0000009ce1300000)]
  0x000001d978d54800 JavaThread "jar transforms Thread 67" [_thread_blocked, id=32876, stack(0x0000009ce1100000,0x0000009ce1200000)]
  0x000001d978d50800 JavaThread "jar transforms Thread 66" [_thread_blocked, id=30700, stack(0x0000009ce1000000,0x0000009ce1100000)]
  0x000001d978d53800 JavaThread "jar transforms Thread 65" [_thread_blocked, id=28636, stack(0x0000009ce0f00000,0x0000009ce1000000)]
  0x000001d978d52000 JavaThread "jar transforms Thread 64" [_thread_blocked, id=1572, stack(0x0000009ce0e00000,0x0000009ce0f00000)]
  0x000001d978d53000 JavaThread "jar transforms Thread 63" [_thread_blocked, id=27760, stack(0x0000009ce0d00000,0x0000009ce0e00000)]
  0x000001d978d50000 JavaThread "jar transforms Thread 62" [_thread_blocked, id=32276, stack(0x0000009ce0c00000,0x0000009ce0d00000)]
  0x000001d978d51800 JavaThread "jar transforms Thread 61" [_thread_blocked, id=31404, stack(0x0000009ce0b00000,0x0000009ce0c00000)]
  0x000001d978d49000 JavaThread "jar transforms Thread 60" [_thread_blocked, id=19660, stack(0x0000009ce0a00000,0x0000009ce0b00000)]
  0x000001d978d4f000 JavaThread "jar transforms Thread 59" [_thread_blocked, id=10436, stack(0x0000009ce0900000,0x0000009ce0a00000)]
  0x000001d978d4c000 JavaThread "jar transforms Thread 58" [_thread_blocked, id=20964, stack(0x0000009ce0800000,0x0000009ce0900000)]
  0x000001d978d4e800 JavaThread "jar transforms Thread 57" [_thread_blocked, id=12256, stack(0x0000009ce0700000,0x0000009ce0800000)]
  0x000001d978d4b800 JavaThread "jar transforms Thread 56" [_thread_blocked, id=30692, stack(0x0000009ce0600000,0x0000009ce0700000)]
  0x000001d978d4a000 JavaThread "jar transforms Thread 55" [_thread_blocked, id=23448, stack(0x0000009ce0500000,0x0000009ce0600000)]
  0x000001d978d4d000 JavaThread "jar transforms Thread 54" [_thread_blocked, id=13628, stack(0x0000009ce0400000,0x0000009ce0500000)]
  0x000001d978d4a800 JavaThread "jar transforms Thread 53" [_thread_blocked, id=21664, stack(0x0000009ce0300000,0x0000009ce0400000)]
  0x000001d97f25e000 JavaThread "jar transforms Thread 52" [_thread_blocked, id=34092, stack(0x0000009ce0200000,0x0000009ce0300000)]
  0x000001d97f25d000 JavaThread "jar transforms Thread 51" [_thread_blocked, id=32368, stack(0x0000009ce0100000,0x0000009ce0200000)]
  0x000001d97f25c800 JavaThread "jar transforms Thread 50" [_thread_blocked, id=33196, stack(0x0000009ce0000000,0x0000009ce0100000)]
  0x000001d97f25b800 JavaThread "jar transforms Thread 49" [_thread_blocked, id=31228, stack(0x0000009cdff00000,0x0000009ce0000000)]
  0x000001d97f25a800 JavaThread "jar transforms Thread 48" [_thread_blocked, id=15384, stack(0x0000009cdfe00000,0x0000009cdff00000)]
  0x000001d97f253000 JavaThread "jar transforms Thread 47" [_thread_blocked, id=15684, stack(0x0000009cdfd00000,0x0000009cdfe00000)]
  0x000001d97f254800 JavaThread "jar transforms Thread 46" [_thread_blocked, id=34176, stack(0x0000009cdfc00000,0x0000009cdfd00000)]
  0x000001d97f25a000 JavaThread "jar transforms Thread 45" [_thread_blocked, id=26248, stack(0x0000009cdfb00000,0x0000009cdfc00000)]
  0x000001d97f257800 JavaThread "jar transforms Thread 44" [_thread_blocked, id=23468, stack(0x0000009cdfa00000,0x0000009cdfb00000)]
  0x000001d97f254000 JavaThread "jar transforms Thread 43" [_thread_blocked, id=14424, stack(0x0000009cdf900000,0x0000009cdfa00000)]
  0x000001d97f259000 JavaThread "jar transforms Thread 42" [_thread_blocked, id=34772, stack(0x0000009cdf800000,0x0000009cdf900000)]
  0x000001d97f257000 JavaThread "jar transforms Thread 41" [_thread_blocked, id=14284, stack(0x0000009cdf700000,0x0000009cdf800000)]
  0x000001d97f258800 JavaThread "jar transforms Thread 40" [_thread_blocked, id=26092, stack(0x0000009cdf600000,0x0000009cdf700000)]
  0x000001d97f256000 JavaThread "jar transforms Thread 39" [_thread_blocked, id=27556, stack(0x0000009cdf500000,0x0000009cdf600000)]
  0x000001d97f24e800 JavaThread "jar transforms Thread 38" [_thread_blocked, id=25384, stack(0x0000009cdf400000,0x0000009cdf500000)]
  0x000001d97f24f800 JavaThread "jar transforms Thread 37" [_thread_blocked, id=8528, stack(0x0000009cdf300000,0x0000009cdf400000)]
  0x000001d97f252800 JavaThread "jar transforms Thread 36" [_thread_blocked, id=31652, stack(0x0000009cdf200000,0x0000009cdf300000)]
  0x000001d97f255800 JavaThread "jar transforms Thread 35" [_thread_blocked, id=27512, stack(0x0000009cdf100000,0x0000009cdf200000)]
  0x000001d97f251800 JavaThread "jar transforms Thread 34" [_thread_blocked, id=28888, stack(0x0000009cdf000000,0x0000009cdf100000)]
  0x000001d97f250000 JavaThread "jar transforms Thread 33" [_thread_blocked, id=28592, stack(0x0000009cdef00000,0x0000009cdf000000)]
  0x000001d97f251000 JavaThread "jar transforms Thread 32" [_thread_blocked, id=30056, stack(0x0000009cdee00000,0x0000009cdef00000)]
  0x000001d900636800 JavaThread "jar transforms Thread 31" [_thread_blocked, id=30536, stack(0x0000009cded00000,0x0000009cdee00000)]
  0x000001d90062f000 JavaThread "jar transforms Thread 30" [_thread_blocked, id=31352, stack(0x0000009cdec00000,0x0000009cded00000)]
  0x000001d900634800 JavaThread "jar transforms Thread 29" [_thread_blocked, id=24552, stack(0x0000009cdeb00000,0x0000009cdec00000)]
  0x000001d900633800 JavaThread "jar transforms Thread 28" [_thread_blocked, id=31076, stack(0x0000009cdea00000,0x0000009cdeb00000)]
  0x000001d900636000 JavaThread "jar transforms Thread 27" [_thread_blocked, id=31880, stack(0x0000009cde900000,0x0000009cdea00000)]
  0x000001d900633000 JavaThread "jar transforms Thread 26" [_thread_blocked, id=32960, stack(0x0000009cde800000,0x0000009cde900000)]
  0x000001d900630000 JavaThread "jar transforms Thread 25" [_thread_blocked, id=20284, stack(0x0000009cde700000,0x0000009cde800000)]
  0x000001d900632000 JavaThread "jar transforms Thread 24" [_thread_blocked, id=32228, stack(0x0000009cde600000,0x0000009cde700000)]
  0x000001d900630800 JavaThread "jar transforms Thread 23" [_thread_blocked, id=4852, stack(0x0000009cde500000,0x0000009cde600000)]
  0x000001d900635000 JavaThread "jar transforms Thread 22" [_thread_blocked, id=30020, stack(0x0000009cde400000,0x0000009cde500000)]
  0x000001d900631800 JavaThread "jar transforms Thread 21" [_thread_blocked, id=20676, stack(0x0000009cde300000,0x0000009cde400000)]
  0x000001d900627800 JavaThread "jar transforms Thread 20" [_thread_blocked, id=28104, stack(0x0000009cde200000,0x0000009cde300000)]
  0x000001d90062d800 JavaThread "jar transforms Thread 19" [_thread_blocked, id=1180, stack(0x0000009cde100000,0x0000009cde200000)]
  0x000001d90062c000 JavaThread "jar transforms Thread 18" [_thread_blocked, id=33472, stack(0x0000009cde000000,0x0000009cde100000)]
  0x000001d90062d000 JavaThread "jar transforms Thread 17" [_thread_blocked, id=12944, stack(0x0000009cddf00000,0x0000009cde000000)]
  0x000001d900628800 JavaThread "jar transforms Thread 16" [_thread_blocked, id=4824, stack(0x0000009cdde00000,0x0000009cddf00000)]
  0x000001d90062e800 JavaThread "jar transforms Thread 15" [_thread_blocked, id=9952, stack(0x0000009cddd00000,0x0000009cdde00000)]
  0x000001d90062a800 JavaThread "jar transforms Thread 14" [_thread_blocked, id=14460, stack(0x0000009cddc00000,0x0000009cddd00000)]
  0x000001d900629000 JavaThread "jar transforms Thread 13" [_thread_blocked, id=34016, stack(0x0000009cddb00000,0x0000009cddc00000)]
  0x000001d90062a000 JavaThread "jar transforms Thread 12" [_thread_blocked, id=21860, stack(0x0000009cdda00000,0x0000009cddb00000)]
  0x000001d90062b800 JavaThread "jar transforms Thread 11" [_thread_blocked, id=19524, stack(0x0000009cdd900000,0x0000009cdda00000)]
  0x000001d97c20b000 JavaThread "jar transforms Thread 10" [_thread_blocked, id=16648, stack(0x0000009cdd800000,0x0000009cdd900000)]
  0x000001d97c20f800 JavaThread "jar transforms Thread 9" [_thread_blocked, id=30040, stack(0x0000009cdd700000,0x0000009cdd800000)]
  0x000001d97c20d000 JavaThread "jar transforms Thread 8" [_thread_blocked, id=18860, stack(0x0000009cdd600000,0x0000009cdd700000)]
  0x000001d97c20c800 JavaThread "jar transforms Thread 7" [_thread_blocked, id=1324, stack(0x0000009cdd500000,0x0000009cdd600000)]
  0x000001d97c20b800 JavaThread "jar transforms Thread 6" [_thread_blocked, id=24332, stack(0x0000009cdd400000,0x0000009cdd500000)]
  0x000001d97c20e800 JavaThread "jar transforms Thread 5" [_thread_blocked, id=26124, stack(0x0000009cdd300000,0x0000009cdd400000)]
  0x000001d97c20e000 JavaThread "jar transforms Thread 4" [_thread_blocked, id=34332, stack(0x0000009cdd200000,0x0000009cdd300000)]
  0x000001d97c20a000 JavaThread "jar transforms Thread 3" [_thread_blocked, id=13924, stack(0x0000009cdd100000,0x0000009cdd200000)]
  0x000001d97c202800 JavaThread "jar transforms Thread 2" [_thread_blocked, id=15304, stack(0x0000009cdd000000,0x0000009cdd100000)]
  0x000001d97c209800 JavaThread "Build operations Thread 6" [_thread_blocked, id=34156, stack(0x0000009cdcf00000,0x0000009cdd000000)]
  0x000001d97c202000 JavaThread "Build operations Thread 5" [_thread_blocked, id=26292, stack(0x0000009cdce00000,0x0000009cdcf00000)]
  0x000001d97c208800 JavaThread "Build operations Thread 4" [_thread_blocked, id=2432, stack(0x0000009cdcd00000,0x0000009cdce00000)]
  0x000001d97c201000 JavaThread "Build operations Thread 3" [_thread_blocked, id=33148, stack(0x0000009cdcc00000,0x0000009cdcd00000)]
  0x000001d97c204000 JavaThread "Build operations Thread 2" [_thread_blocked, id=15312, stack(0x0000009cdcb00000,0x0000009cdcc00000)]
  0x000001d97c208000 JavaThread "Build operations" [_thread_blocked, id=20692, stack(0x0000009cdca00000,0x0000009cdcb00000)]
  0x000001d97c205000 JavaThread "Cache worker for file content cache (C:\Users\a\.gradle\wrapper\dists\gradle-6.1.1-all\cfmwm155h49vnt3hynmlrsdst\gradle-6.1.1\bin\caches\6.5\fileContent)" [_thread_blocked, id=30128, stack(0x0000009cdc900000,0x0000009cdca00000)]
  0x000001d97c205800 JavaThread "jar transforms" [_thread_blocked, id=14452, stack(0x0000009cdc800000,0x0000009cdc900000)]
  0x000001d9779cd800 JavaThread "Cache worker for execution history cache (C:\Users\a\.gradle\wrapper\dists\gradle-6.1.1-all\cfmwm155h49vnt3hynmlrsdst\gradle-6.1.1\bin\caches\6.5\executionHistory)" [_thread_blocked, id=21720, stack(0x0000009cdc700000,0x0000009cdc800000)]
  0x000001d9779d3800 JavaThread "Cache worker for cache directory md-rule (C:\Users\a\.gradle\wrapper\dists\gradle-6.1.1-all\cfmwm155h49vnt3hynmlrsdst\gradle-6.1.1\bin\caches\6.5\md-rule)" [_thread_blocked, id=34512, stack(0x0000009cdc600000,0x0000009cdc700000)]
  0x000001d9779d2800 JavaThread "Cache worker for cache directory md-supplier (C:\Users\a\.gradle\wrapper\dists\gradle-6.1.1-all\cfmwm155h49vnt3hynmlrsdst\gradle-6.1.1\bin\caches\6.5\md-supplier)" [_thread_blocked, id=34252, stack(0x0000009cdc500000,0x0000009cdc600000)]
  0x000001d9779d2000 JavaThread "Cache worker for checksums cache (E:\Android\NavInfo\Client\Demo\Client_AnimationTest\.gradle\checksums)" [_thread_blocked, id=14272, stack(0x0000009cdc400000,0x0000009cdc500000)]
  0x000001d9779cc800 JavaThread "Cache worker for file hash cache (E:\Android\NavInfo\Client\Demo\Client_AnimationTest\.gradle\6.5\fileHashes)" [_thread_blocked, id=16052, stack(0x0000009cdc300000,0x0000009cdc400000)]
  0x000001d9779cf800 JavaThread "Cache worker for file hash cache (C:\Users\a\.gradle\wrapper\dists\gradle-6.1.1-all\cfmwm155h49vnt3hynmlrsdst\gradle-6.1.1\bin\caches\6.5\fileHashes)" [_thread_blocked, id=30884, stack(0x0000009cdc200000,0x0000009cdc300000)]
  0x000001d9779d0800 JavaThread "File lock request listener" [_thread_in_native, id=34408, stack(0x0000009cdc100000,0x0000009cdc200000)]
  0x000001d9779ce000 JavaThread "Cache worker for journal cache (C:\Users\a\.gradle\wrapper\dists\gradle-6.1.1-all\cfmwm155h49vnt3hynmlrsdst\gradle-6.1.1\bin\caches\journal-1)" [_thread_blocked, id=13780, stack(0x0000009cdc000000,0x0000009cdc100000)]
  0x000001d97a134800 JavaThread "Thread-9" [_thread_blocked, id=16076, stack(0x0000009cdbf00000,0x0000009cdc000000)]
  0x000001d97a133800 JavaThread "Stdin handler" [_thread_blocked, id=13756, stack(0x0000009cdbe00000,0x0000009cdbf00000)]
  0x000001d97a133000 JavaThread "Asynchronous log dispatcher for DefaultDaemonConnection: socket connection from /127.0.0.1:59383 to /127.0.0.1:59384" [_thread_blocked, id=15936, stack(0x0000009cdbd00000,0x0000009cdbe00000)]
  0x000001d97a1b6800 JavaThread "Daemon worker" [_thread_in_vm, id=33112, stack(0x0000009cdbc00000,0x0000009cdbd00000)]
  0x000001d97a1b3800 JavaThread "Cancel handler" [_thread_blocked, id=33352, stack(0x0000009cdbb00000,0x0000009cdbc00000)]
  0x000001d97a0e0800 JavaThread "Handler for socket connection from /127.0.0.1:59383 to /127.0.0.1:59384" [_thread_in_native, id=12968, stack(0x0000009cdba00000,0x0000009cdbb00000)]
  0x000001d97a0e0000 JavaThread "Daemon" [_thread_blocked, id=30352, stack(0x0000009cdb900000,0x0000009cdba00000)]
  0x000001d97a0a0800 JavaThread "Daemon periodic checks" [_thread_blocked, id=19280, stack(0x0000009cdb800000,0x0000009cdb900000)]
  0x000001d97a090800 JavaThread "Incoming local TCP Connector on port 59383" [_thread_in_native, id=11844, stack(0x0000009cdb700000,0x0000009cdb800000)]
  0x000001d97a11c800 JavaThread "Daemon health stats" [_thread_blocked, id=15528, stack(0x0000009cdb400000,0x0000009cdb500000)]
  0x000001d9779e1800 JavaThread "Service Thread" daemon [_thread_blocked, id=27828, stack(0x0000009cdb200000,0x0000009cdb300000)]
  0x000001d9779d1000 JavaThread "C1 CompilerThread2" daemon [_thread_blocked, id=18844, stack(0x0000009cdb100000,0x0000009cdb200000)]
=>0x000001d9779cb800 JavaThread "C2 CompilerThread1" daemon [_thread_in_native, id=33612, stack(0x0000009cdb000000,0x0000009cdb100000)]
  0x000001d9779c9000 JavaThread "C2 CompilerThread0" daemon [_thread_in_native, id=30192, stack(0x0000009cdaf00000,0x0000009cdb000000)]
  0x000001d977973000 JavaThread "Attach Listener" daemon [_thread_blocked, id=3460, stack(0x0000009cdae00000,0x0000009cdaf00000)]
  0x000001d9779c5800 JavaThread "Signal Dispatcher" daemon [_thread_blocked, id=32160, stack(0x0000009cdad00000,0x0000009cdae00000)]
  0x000001d976fb8800 JavaThread "Finalizer" daemon [_thread_blocked, id=33444, stack(0x0000009cdac00000,0x0000009cdad00000)]
  0x000001d976fb1800 JavaThread "Reference Handler" daemon [_thread_blocked, id=25244, stack(0x0000009cdab00000,0x0000009cdac00000)]
  0x000001d960e53800 JavaThread "main" [_thread_blocked, id=31436, stack(0x0000009cda300000,0x0000009cda400000)]

Other Threads:
  0x000001d977922000 VMThread [stack: 0x0000009cdaa00000,0x0000009cdab00000] [id=34656]
  0x000001d9788b3000 WatcherThread [stack: 0x0000009cdb300000,0x0000009cdb400000] [id=31756]

VM state:not at safepoint (normal execution)

VM Mutex/Monitor currently owned by a thread: None

heap address: 0x0000000080000000, size: 2048 MB, Compressed Oops mode: 32-bit
Narrow klass base: 0x0000000000000000, Narrow klass shift: 3
Compressed class space size: 1073741824 Address: 0x0000000100000000

Heap:
 PSYoungGen      total 225280K, used 29713K [0x00000000d5580000, 0x00000000e4680000, 0x0000000100000000)
  eden space 210432K, 7% used [0x00000000d5580000,0x00000000d6406378,0x00000000e2300000)
  from space 14848K, 99% used [0x00000000e2300000,0x00000000e317e198,0x00000000e3180000)
  to   space 15360K, 0% used [0x00000000e3180000,0x00000000e3180000,0x00000000e4080000)
 ParOldGen       total 150016K, used 18580K [0x0000000080000000, 0x0000000089280000, 0x00000000d5580000)
  object space 150016K, 12% used [0x0000000080000000,0x0000000081225398,0x0000000089280000)
 Metaspace       used 46074K, capacity 47940K, committed 48256K, reserved 1091584K
  class space    used 6378K, capacity 6742K, committed 6784K, reserved 1048576K

Card table byte_map: [0x000001d971bd0000,0x000001d971fe0000] byte_map_base: 0x000001d9717d0000

Marking Bits: (ParMarkBitMap*) 0x0000000077f84fb0
 Begin Bits: [0x000001d972290000, 0x000001d974290000)
 End Bits:   [0x000001d974290000, 0x000001d976290000)

Polling page: 0x000001d960e10000

CodeCache: size=245760Kb used=13887Kb max_used=13887Kb free=231872Kb
 bounds [0x000001d962810000, 0x000001d9635b0000, 0x000001d971810000]
 total_blobs=4854 nmethods=4109 adapters=657
 compilation: enabled

Compilation events (10 events):
Event: 4.073 Thread 0x000001d9779c9000 nmethod 4060 0x000001d963578f10 code [0x000001d963579060, 0x000001d963579148]
Event: 4.073 Thread 0x000001d9779c9000 4080       4       sun.security.provider.ByteArrayAccess::b2iBig64 (614 bytes)
Event: 4.074 Thread 0x000001d9779c9000 nmethod 4080 0x000001d96357f590 code [0x000001d96357f6e0, 0x000001d96357f938]
Event: 4.074 Thread 0x000001d9779c9000 4065       4       java.util.HashMap::tableSizeFor (59 bytes)
Event: 4.074 Thread 0x000001d9779c9000 nmethod 4065 0x000001d96357f2d0 code [0x000001d96357f400, 0x000001d96357f498]
Event: 4.074 Thread 0x000001d9779c9000 4066       4       java.util.HashMap::<init> (98 bytes)
Event: 4.075 Thread 0x000001d9779d1000 4083   !   3       java.security.SecureClassLoader::getProtectionDomain (114 bytes)
Event: 4.075 Thread 0x000001d9779d1000 nmethod 4083 0x000001d96357b850 code [0x000001d96357ba00, 0x000001d96357c1a0]
Event: 4.075 Thread 0x000001d9779c9000 nmethod 4066 0x000001d963582910 code [0x000001d963582a60, 0x000001d963582bf8]
Event: 4.077 Thread 0x000001d9779c9000 4084       4       org.gradle.internal.reflect.MethodSet$MethodKey::<init> (6 bytes)

GC Heap History (10 events):
Event: 1.929 GC heap before
{Heap before GC invocations=5 (full 1):
 PSYoungGen      total 140800K, used 8901K [0x00000000d5580000, 0x00000000de980000, 0x0000000100000000)
  eden space 130048K, 0% used [0x00000000d5580000,0x00000000d5580000,0x00000000dd480000)
  from space 10752K, 82% used [0x00000000ddf00000,0x00000000de7b1640,0x00000000de980000)
  to   space 10752K, 0% used [0x00000000dd480000,0x00000000dd480000,0x00000000ddf00000)
 ParOldGen       total 173568K, used 1022K [0x0000000080000000, 0x000000008a980000, 0x00000000d5580000)
  object space 173568K, 0% used [0x0000000080000000,0x00000000800ffaf0,0x000000008a980000)
 Metaspace       used 20527K, capacity 21202K, committed 21296K, reserved 1067008K
  class space    used 2928K, capacity 3111K, committed 3200K, reserved 1048576K
Event: 1.950 GC heap after
Heap after GC invocations=5 (full 1):
 PSYoungGen      total 140800K, used 0K [0x00000000d5580000, 0x00000000de980000, 0x0000000100000000)
  eden space 130048K, 0% used [0x00000000d5580000,0x00000000d5580000,0x00000000dd480000)
  from space 10752K, 0% used [0x00000000ddf00000,0x00000000ddf00000,0x00000000de980000)
  to   space 10752K, 0% used [0x00000000dd480000,0x00000000dd480000,0x00000000ddf00000)
 ParOldGen       total 98816K, used 8658K [0x0000000080000000, 0x0000000086080000, 0x00000000d5580000)
  object space 98816K, 8% used [0x0000000080000000,0x0000000080874b60,0x0000000086080000)
 Metaspace       used 20527K, capacity 21202K, committed 21296K, reserved 1067008K
  class space    used 2928K, capacity 3111K, committed 3200K, reserved 1048576K
}
Event: 2.745 GC heap before
{Heap before GC invocations=6 (full 1):
 PSYoungGen      total 140800K, used 130048K [0x00000000d5580000, 0x00000000de980000, 0x0000000100000000)
  eden space 130048K, 100% used [0x00000000d5580000,0x00000000dd480000,0x00000000dd480000)
  from space 10752K, 0% used [0x00000000ddf00000,0x00000000ddf00000,0x00000000de980000)
  to   space 10752K, 0% used [0x00000000dd480000,0x00000000dd480000,0x00000000ddf00000)
 ParOldGen       total 98816K, used 8658K [0x0000000080000000, 0x0000000086080000, 0x00000000d5580000)
  object space 98816K, 8% used [0x0000000080000000,0x0000000080874b60,0x0000000086080000)
 Metaspace       used 32790K, capacity 33870K, committed 34048K, reserved 1079296K
  class space    used 4570K, capacity 4817K, committed 4864K, reserved 1048576K
Event: 2.755 GC heap after
Heap after GC invocations=6 (full 1):
 PSYoungGen      total 140800K, used 10747K [0x00000000d5580000, 0x00000000e4080000, 0x0000000100000000)
  eden space 130048K, 0% used [0x00000000d5580000,0x00000000d5580000,0x00000000dd480000)
  from space 10752K, 99% used [0x00000000dd480000,0x00000000ddefed78,0x00000000ddf00000)
  to   space 15360K, 0% used [0x00000000e3180000,0x00000000e3180000,0x00000000e4080000)
 ParOldGen       total 98816K, used 11750K [0x0000000080000000, 0x0000000086080000, 0x00000000d5580000)
  object space 98816K, 11% used [0x0000000080000000,0x0000000080b798f8,0x0000000086080000)
 Metaspace       used 32790K, capacity 33870K, committed 34048K, reserved 1079296K
  class space    used 4570K, capacity 4817K, committed 4864K, reserved 1048576K
}
Event: 2.911 GC heap before
{Heap before GC invocations=7 (full 1):
 PSYoungGen      total 140800K, used 49920K [0x00000000d5580000, 0x00000000e4080000, 0x0000000100000000)
  eden space 130048K, 30% used [0x00000000d5580000,0x00000000d7bc1438,0x00000000dd480000)
  from space 10752K, 99% used [0x00000000dd480000,0x00000000ddefed78,0x00000000ddf00000)
  to   space 15360K, 0% used [0x00000000e3180000,0x00000000e3180000,0x00000000e4080000)
 ParOldGen       total 98816K, used 11750K [0x0000000080000000, 0x0000000086080000, 0x00000000d5580000)
  object space 98816K, 11% used [0x0000000080000000,0x0000000080b798f8,0x0000000086080000)
 Metaspace       used 34339K, capacity 35454K, committed 35496K, reserved 1079296K
  class space    used 4835K, capacity 5100K, committed 5120K, reserved 1048576K
Event: 2.917 GC heap after
Heap after GC invocations=7 (full 1):
 PSYoungGen      total 225792K, used 8227K [0x00000000d5580000, 0x00000000e4680000, 0x0000000100000000)
  eden space 210432K, 0% used [0x00000000d5580000,0x00000000d5580000,0x00000000e2300000)
  from space 15360K, 53% used [0x00000000e3180000,0x00000000e3988f50,0x00000000e4080000)
  to   space 14848K, 0% used [0x00000000e2300000,0x00000000e2300000,0x00000000e3180000)
 ParOldGen       total 98816K, used 11758K [0x0000000080000000, 0x0000000086080000, 0x00000000d5580000)
  object space 98816K, 11% used [0x0000000080000000,0x0000000080b7b8f8,0x0000000086080000)
 Metaspace       used 34339K, capacity 35454K, committed 35496K, reserved 1079296K
  class space    used 4835K, capacity 5100K, committed 5120K, reserved 1048576K
}
Event: 2.917 GC heap before
{Heap before GC invocations=8 (full 2):
 PSYoungGen      total 225792K, used 8227K [0x00000000d5580000, 0x00000000e4680000, 0x0000000100000000)
  eden space 210432K, 0% used [0x00000000d5580000,0x00000000d5580000,0x00000000e2300000)
  from space 15360K, 53% used [0x00000000e3180000,0x00000000e3988f50,0x00000000e4080000)
  to   space 14848K, 0% used [0x00000000e2300000,0x00000000e2300000,0x00000000e3180000)
 ParOldGen       total 98816K, used 11758K [0x0000000080000000, 0x0000000086080000, 0x00000000d5580000)
  object space 98816K, 11% used [0x0000000080000000,0x0000000080b7b8f8,0x0000000086080000)
 Metaspace       used 34339K, capacity 35454K, committed 35496K, reserved 1079296K
  class space    used 4835K, capacity 5100K, committed 5120K, reserved 1048576K
Event: 2.947 GC heap after
Heap after GC invocations=8 (full 2):
 PSYoungGen      total 225792K, used 0K [0x00000000d5580000, 0x00000000e4680000, 0x0000000100000000)
  eden space 210432K, 0% used [0x00000000d5580000,0x00000000d5580000,0x00000000e2300000)
  from space 15360K, 0% used [0x00000000e3180000,0x00000000e3180000,0x00000000e4080000)
  to   space 14848K, 0% used [0x00000000e2300000,0x00000000e2300000,0x00000000e3180000)
 ParOldGen       total 150016K, used 15159K [0x0000000080000000, 0x0000000089280000, 0x00000000d5580000)
  object space 150016K, 10% used [0x0000000080000000,0x0000000080ecde30,0x0000000089280000)
 Metaspace       used 34339K, capacity 35454K, committed 35496K, reserved 1079296K
  class space    used 4835K, capacity 5100K, committed 5120K, reserved 1048576K
}
Event: 4.036 GC heap before
{Heap before GC invocations=9 (full 2):
 PSYoungGen      total 225792K, used 210432K [0x00000000d5580000, 0x00000000e4680000, 0x0000000100000000)
  eden space 210432K, 100% used [0x00000000d5580000,0x00000000e2300000,0x00000000e2300000)
  from space 15360K, 0% used [0x00000000e3180000,0x00000000e3180000,0x00000000e4080000)
  to   space 14848K, 0% used [0x00000000e2300000,0x00000000e2300000,0x00000000e3180000)
 ParOldGen       total 150016K, used 15159K [0x0000000080000000, 0x0000000089280000, 0x00000000d5580000)
  object space 150016K, 10% used [0x0000000080000000,0x0000000080ecde30,0x0000000089280000)
 Metaspace       used 45613K, capacity 47460K, committed 47744K, reserved 1089536K
  class space    used 6317K, capacity 6710K, committed 6784K, reserved 1048576K
Event: 4.047 GC heap after
Heap after GC invocations=9 (full 2):
 PSYoungGen      total 225280K, used 14840K [0x00000000d5580000, 0x00000000e4680000, 0x0000000100000000)
  eden space 210432K, 0% used [0x00000000d5580000,0x00000000d5580000,0x00000000e2300000)
  from space 14848K, 99% used [0x00000000e2300000,0x00000000e317e198,0x00000000e3180000)
  to   space 15360K, 0% used [0x00000000e3180000,0x00000000e3180000,0x00000000e4080000)
 ParOldGen       total 150016K, used 18580K [0x0000000080000000, 0x0000000089280000, 0x00000000d5580000)
  object space 150016K, 12% used [0x0000000080000000,0x0000000081225398,0x0000000089280000)
 Metaspace       used 45613K, capacity 47460K, committed 47744K, reserved 1089536K
  class space    used 6317K, capacity 6710K, committed 6784K, reserved 1048576K
}

Deoptimization events (10 events):
Event: 3.980 Thread 0x000001d97a1b6800 Uncommon trap: reason=unstable_if action=reinterpret pc=0x000001d9634c560c method=java.util.jar.JarFile.maybeInstantiateVerifier()V @ 75
Event: 3.981 Thread 0x000001d97a1b6800 Uncommon trap: reason=unstable_if action=reinterpret pc=0x000001d962ad36e0 method=java.util.jar.Manifest$FastInputStream.readLine([BII)I @ 87
Event: 4.007 Thread 0x000001d97a1b6800 Uncommon trap: reason=unstable_if action=reinterpret pc=0x000001d962cc60fc method=java.lang.CharacterDataLatin1.isWhitespace(I)Z @ 14
Event: 4.024 Thread 0x000001d97a1b6800 Uncommon trap: reason=unstable_if action=reinterpret pc=0x000001d9634b2928 method=java.util.jar.JarFile.maybeInstantiateVerifier()V @ 4
Event: 4.025 Thread 0x000001d97a1b6800 Uncommon trap: reason=predicate action=maybe_recompile pc=0x000001d9633f20c4 method=sun.misc.Resource.getBytes()[B @ 53
Event: 4.025 Thread 0x000001d97a1b6800 Uncommon trap: reason=unstable_if action=reinterpret pc=0x000001d962d3dfb0 method=java.util.jar.JarFile.maybeInstantiateVerifier()V @ 4
Event: 4.025 Thread 0x000001d97a1b6800 Uncommon trap: reason=unstable_if action=reinterpret pc=0x000001d9634ae8f8 method=java.security.CodeSource.<init>(Ljava/net/URL;[Ljava/security/CodeSigner;)V @ 25
Event: 4.026 Thread 0x000001d97a1b6800 Uncommon trap: reason=unstable_if action=reinterpret pc=0x000001d962e185ec method=java.security.CodeSource.getCertificates()[Ljava/security/cert/Certificate; @ 22
Event: 4.027 Thread 0x000001d97a1b6800 Uncommon trap: reason=unstable_if action=reinterpret pc=0x000001d96330854c method=java.security.CodeSource.matchCerts(Ljava/security/CodeSource;Z)Z @ 11
Event: 4.050 Thread 0x000001d97a1b6800 Uncommon trap: reason=unstable_if action=reinterpret pc=0x000001d9631d41f8 method=java.util.LinkedHashMap.get(Ljava/lang/Object;)Ljava/lang/Object; @ 20

Classes redefined (0 events):
No events

Internal exceptions (10 events):
Event: 3.419 Thread 0x000001d97a134800 Exception <a 'java/lang/NoSuchMethodError': <clinit>> (0x00000000d85a4698) thrown at [C:\jenkins\workspace\8-2-build-windows-amd64-cygwin\jdk8u261\295\hotspot\src\share\vm\prims\jni.cpp, line 1615]
Event: 3.419 Thread 0x000001d97a134800 Exception <a 'java/lang/NoSuchMethodError': <clinit>> (0x00000000d85ae920) thrown at [C:\jenkins\workspace\8-2-build-windows-amd64-cygwin\jdk8u261\295\hotspot\src\share\vm\prims\jni.cpp, line 1615]
Event: 3.419 Thread 0x000001d97a134800 Exception <a 'java/lang/NoSuchMethodError': <clinit>> (0x00000000d85b9a08) thrown at [C:\jenkins\workspace\8-2-build-windows-amd64-cygwin\jdk8u261\295\hotspot\src\share\vm\prims\jni.cpp, line 1615]
Event: 3.420 Thread 0x000001d97a134800 Exception <a 'java/lang/NoSuchMethodError': <clinit>> (0x00000000d85ccdf0) thrown at [C:\jenkins\workspace\8-2-build-windows-amd64-cygwin\jdk8u261\295\hotspot\src\share\vm\prims\jni.cpp, line 1615]
Event: 3.428 Thread 0x000001d97a1b6800 Exception <a 'java/lang/ClassNotFoundException': build_ajw3dwm1it0tx4knp2ci18cuyBeanInfo> (0x00000000dd8aa348) thrown at [C:\jenkins\workspace\8-2-build-windows-amd64-cygwin\jdk8u261\295\hotspot\src\share\vm\classfile\systemDictionary.cpp, line 210]
Event: 3.429 Thread 0x000001d97a1b6800 Exception <a 'java/lang/ClassNotFoundException': build_ajw3dwm1it0tx4knp2ci18cuyCustomizer> (0x00000000dd8b5f88) thrown at [C:\jenkins\workspace\8-2-build-windows-amd64-cygwin\jdk8u261\295\hotspot\src\share\vm\classfile\systemDictionary.cpp, line 210]
Event: 3.433 Thread 0x000001d97a1b6800 Exception <a 'java/lang/ClassNotFoundException': org/gradle/plugin/use/internal/PluginRequestCollector$PluginDependenciesSpecImplBeanInfo> (0x00000000dd956b00) thrown at [C:\jenkins\workspace\8-2-build-windows-amd64-cygwin\jdk8u261\295\hotspot\src\share\v
Event: 3.433 Thread 0x000001d97a1b6800 Exception <a 'java/lang/ClassNotFoundException': org/gradle/plugin/use/internal/PluginRequestCollector$PluginDependenciesSpecImplCustomizer> (0x00000000dd996a40) thrown at [C:\jenkins\workspace\8-2-build-windows-amd64-cygwin\jdk8u261\295\hotspot\src\share
Event: 3.452 Thread 0x000001d97a1b6800 Exception <a 'java/lang/ClassNotFoundException': org/gradle/api/internal/plugins/DefaultObjectConfigurationActionBeanInfo> (0x00000000ddc63680) thrown at [C:\jenkins\workspace\8-2-build-windows-amd64-cygwin\jdk8u261\295\hotspot\src\share\vm\classfile\syst
Event: 3.453 Thread 0x000001d97a1b6800 Exception <a 'java/lang/ClassNotFoundException': org/gradle/api/internal/plugins/DefaultObjectConfigurationActionCustomizer> (0x00000000ddca79e0) thrown at [C:\jenkins\workspace\8-2-build-windows-amd64-cygwin\jdk8u261\295\hotspot\src\share\vm\classfile\sy

Events (10 events):
Event: 4.076 loading class com/android/build/api/dsl/Shaders
Event: 4.076 loading class com/android/build/api/dsl/Shaders done
Event: 4.076 loading class com/android/builder/core/AbstractProductFlavor$DimensionRequest
Event: 4.076 loading class com/android/builder/core/AbstractProductFlavor$DimensionRequest done
Event: 4.077 loading class org/gradle/internal/reflect/MethodSet$1
Event: 4.077 loading class org/gradle/internal/reflect/MethodSet$1 done
Event: 4.077 loading class com/android/builder/core/AbstractProductFlavor$Companion
Event: 4.077 loading class com/android/builder/core/AbstractProductFlavor$Companion done
Event: 4.077 loading class com/android/builder/model/ClassField
Event: 4.077 loading class com/android/builder/model/ClassField done


Dynamic libraries:
0x00007ff62ad00000 - 0x00007ff62ad47000 	D:\Language\Java\dk1.8.0_261\bin\java.exe
0x00007ffe0a5c0000 - 0x00007ffe0a7b0000 	C:\WINDOWS\SYSTEM32\ntdll.dll
0x00007ffe08de0000 - 0x00007ffe08e92000 	C:\WINDOWS\System32\KERNEL32.DLL
0x00007ffe07610000 - 0x00007ffe078b5000 	C:\WINDOWS\System32\KERNELBASE.dll
0x00007ffe086a0000 - 0x00007ffe08743000 	C:\WINDOWS\System32\ADVAPI32.dll
0x00007ffe0a070000 - 0x00007ffe0a10e000 	C:\WINDOWS\System32\msvcrt.dll
0x00007ffe08bf0000 - 0x00007ffe08c87000 	C:\WINDOWS\System32\sechost.dll
0x00007ffe0a110000 - 0x00007ffe0a230000 	C:\WINDOWS\System32\RPCRT4.dll
0x00007ffe09580000 - 0x00007ffe09714000 	C:\WINDOWS\System32\USER32.dll
0x00007ffe07c00000 - 0x00007ffe07c21000 	C:\WINDOWS\System32\win32u.dll
0x00007ffe09480000 - 0x00007ffe094a6000 	C:\WINDOWS\System32\GDI32.dll
0x00007ffe078c0000 - 0x00007ffe07a56000 	C:\WINDOWS\System32\gdi32full.dll
0x00007ffe085d0000 - 0x00007ffe0866e000 	C:\WINDOWS\System32\msvcp_win.dll
0x00007ffe084d0000 - 0x00007ffe085ca000 	C:\WINDOWS\System32\ucrtbase.dll
0x00007ffde8ab0000 - 0x00007ffde8d34000 	C:\WINDOWS\WinSxS\amd64_microsoft.windows.common-controls_6595b64144ccf1df_6.0.18362.1256_none_9e7e379be45e40e2\COMCTL32.dll
0x00007ffe087d0000 - 0x00007ffe08b06000 	C:\WINDOWS\System32\combase.dll
0x00007ffe07580000 - 0x00007ffe07601000 	C:\WINDOWS\System32\bcryptPrimitives.dll
0x00007ffe08670000 - 0x00007ffe0869e000 	C:\WINDOWS\System32\IMM32.DLL
0x00007ffdfafc0000 - 0x00007ffdfafd5000 	D:\Language\Java\dk1.8.0_261\jre\bin\vcruntime140.dll
0x00007ffde3d10000 - 0x00007ffde3dab000 	D:\Language\Java\dk1.8.0_261\jre\bin\msvcp140.dll
0x0000000077790000 - 0x0000000077ffc000 	D:\Language\Java\dk1.8.0_261\jre\bin\server\jvm.dll
0x00007ffe09470000 - 0x00007ffe09478000 	C:\WINDOWS\System32\PSAPI.DLL
0x00007ffe06fe0000 - 0x00007ffe06fea000 	C:\WINDOWS\SYSTEM32\VERSION.dll
0x00007ffdf9ef0000 - 0x00007ffdf9f14000 	C:\WINDOWS\SYSTEM32\WINMM.dll
0x00007ffdfc700000 - 0x00007ffdfc709000 	C:\WINDOWS\SYSTEM32\WSOCK32.dll
0x00007ffe094b0000 - 0x00007ffe0951f000 	C:\WINDOWS\System32\WS2_32.dll
0x00007ffdffba0000 - 0x00007ffdffbcd000 	C:\WINDOWS\SYSTEM32\WINMMBASE.dll
0x00007ffe07530000 - 0x00007ffe0757a000 	C:\WINDOWS\System32\cfgmgr32.dll
0x00007ffe074c0000 - 0x00007ffe074d1000 	C:\WINDOWS\System32\kernel.appcore.dll
0x00007ffdfafb0000 - 0x00007ffdfafc0000 	D:\Language\Java\dk1.8.0_261\jre\bin\verify.dll
0x00007ffdf0b30000 - 0x00007ffdf0b5b000 	D:\Language\Java\dk1.8.0_261\jre\bin\java.dll
0x00007ffdfa260000 - 0x00007ffdfa278000 	D:\Language\Java\dk1.8.0_261\jre\bin\zip.dll
0x00007ffe097c0000 - 0x00007ffe09ea7000 	C:\WINDOWS\System32\SHELL32.dll
0x00007ffe09eb0000 - 0x00007ffe09f59000 	C:\WINDOWS\System32\shcore.dll
0x00007ffe07c90000 - 0x00007ffe08411000 	C:\WINDOWS\System32\windows.storage.dll
0x00007ffe074e0000 - 0x00007ffe07503000 	C:\WINDOWS\System32\profapi.dll
0x00007ffe07470000 - 0x00007ffe074ba000 	C:\WINDOWS\System32\powrprof.dll
0x00007ffe07460000 - 0x00007ffe07470000 	C:\WINDOWS\System32\UMPDC.dll
0x00007ffe09520000 - 0x00007ffe09572000 	C:\WINDOWS\System32\shlwapi.dll
0x00007ffe07bb0000 - 0x00007ffe07bc7000 	C:\WINDOWS\System32\cryptsp.dll
0x00007ffdf5900000 - 0x00007ffdf591c000 	D:\Language\Java\dk1.8.0_261\jre\bin\net.dll
0x00007ffe06be0000 - 0x00007ffe06c47000 	C:\WINDOWS\system32\mswsock.dll
0x00007ffdf5870000 - 0x00007ffdf5883000 	D:\Language\Java\dk1.8.0_261\jre\bin\nio.dll
0x00007ffdee480000 - 0x00007ffdee4a7000 	C:\Users\a\.gradle\wrapper\dists\gradle-6.1.1-all\cfmwm155h49vnt3hynmlrsdst\gradle-6.1.1\bin\native\f6784746aeab05261644944871eae4fe03e0ef1612fff0a4a95f87b438bc6780\windows-amd64\native-platform.dll
0x00007ffdfafa0000 - 0x00007ffdfafad000 	D:\Language\Java\dk1.8.0_261\jre\bin\management.dll
0x00007ffe06750000 - 0x00007ffe06783000 	C:\WINDOWS\system32\rsaenh.dll
0x00007ffe07bd0000 - 0x00007ffe07bf6000 	C:\WINDOWS\System32\bcrypt.dll
0x00007ffe07340000 - 0x00007ffe07365000 	C:\WINDOWS\SYSTEM32\USERENV.dll
0x00007ffe06db0000 - 0x00007ffe06dbc000 	C:\WINDOWS\SYSTEM32\CRYPTBASE.dll
0x00007ffe068f0000 - 0x00007ffe0692a000 	C:\WINDOWS\SYSTEM32\IPHLPAPI.DLL
0x00007ffe09720000 - 0x00007ffe09728000 	C:\WINDOWS\System32\NSI.dll
0x00007ffe02940000 - 0x00007ffe02956000 	C:\WINDOWS\SYSTEM32\dhcpcsvc6.DLL
0x00007ffe028b0000 - 0x00007ffe028cc000 	C:\WINDOWS\SYSTEM32\dhcpcsvc.DLL
0x00007ffe06930000 - 0x00007ffe069fb000 	C:\WINDOWS\SYSTEM32\DNSAPI.dll
0x00007ffe02a00000 - 0x00007ffe02a0b000 	C:\WINDOWS\SYSTEM32\WINNSI.DLL
0x00007ffe03220000 - 0x00007ffe03414000 	C:\WINDOWS\SYSTEM32\dbghelp.dll

VM Arguments:
jvm_args: -Xmx2048m -Dfile.encoding=UTF-8 -Duser.country=CN -Duser.language=zh -Duser.variant 
java_command: org.gradle.launcher.daemon.bootstrap.GradleDaemon 6.5
java_class_path (initial): C:\Users\a\.gradle\wrapper\dists\gradle-6.1.1-all\cfmwm155h49vnt3hynmlrsdst\gradle-6.1.1\bin\wrapper\dists\gradle-6.5-bin\6nifqtx7604sqp1q6g8wikw7p\gradle-6.5\lib\gradle-launcher-6.5.jar
Launcher Type: SUN_STANDARD

Environment Variables:
JAVA_HOME=D:\Language\Java\dk1.8.0_261
PATH=C:\Program Files (x86)\Common Files\Oracle\Java\javapath;C:\ProgramData\Oracle\Java\javapath;C:\WINDOWS\system32;C:\WINDOWS;C:\WINDOWS\System32\Wbem;C:\WINDOWS\System32\WindowsPowerShell\v1.0\;C:\WINDOWS\System32\OpenSSH\;D:\Language\Java\dk1.8.0_261\bin;D:\Language\Java\dk1.8.0_261\jre\bin;D:\SoftWare\WorkSoftware\Git\Git\Git\bin;D:\SoftWare\WorkSoftware\Git\TortoiseGit\bin;D:\Language\Python\python-3.8.5-embed-amd64;D:\SoftWare\WorkSoftware\Svn\bin;C:\Users\a\.gradle\wrapper\dists\gradle-6.5-all\2oz4ud9k3tuxjg84bbf55q0tn\gradle-6.5\bin;E:\Jenkins;D:\SoftWare\WorkSoftware\MySql\mysql-5.6\bin;D:\SoftWare\WorkSoftware\Sonar\sonar-scanner-4.1\bin;D:\Language\Android\Sdk\platform-tools;C:\Users\a\AppData\Local\Microsoft\WindowsApps;
USERNAME=a
OS=Windows_NT
PROCESSOR_IDENTIFIER=Intel64 Family 6 Model 158 Stepping 10, GenuineIntel



---------------  S Y S T E M  ---------------

OS: Windows 10.0 , 64 bit Build 18362 (10.0.18362.1110)

CPU:total 6 (initial active 6) (6 cores per cpu, 1 threads per core) family 6 model 158 stepping 10, cmov, cx8, fxsr, mmx, sse, sse2, sse3, ssse3, sse4.1, sse4.2, popcnt, avx, avx2, aes, clmul, erms, rtm, 3dnowpref, lzcnt, tsc, tscinvbit, bmi1, bmi2, adx

Memory: 4k page, physical 16635276k(1317112k free), swap 31143048k(5436k free)

vm_info: Java HotSpot(TM) 64-Bit Server VM (25.261-b12) for windows-amd64 JRE (1.8.0_261-b12), built on Jun 18 2020 06:56:32 by "" with unknown MS VC++:1916

time: Mon Dec 21 16:11:30 2020
timezone: ?D1¨²¡À¨º¡Á?¨º¡À??
elapsed time: 4 seconds (0d 0h 0m 4s)

