#
# There is insufficient memory for the Java Runtime Environment to continue.
# Native memory allocation (malloc) failed to allocate 204016 bytes for Chunk::new
# Possible reasons:
#   The system is out of physical RAM or swap space
#   The process is running with CompressedOops enabled, and the Java Heap may be blocking the growth of the native heap
# Possible solutions:
#   Reduce memory load on the system
#   Increase physical memory or swap space
#   Check if swap backing store is full
#   Decrease Java heap size (-Xmx/-Xms)
#   Decrease number of Java threads
#   Decrease Java thread stack sizes (-Xss)
#   Set larger code cache with -XX:ReservedCodeCacheSize=
#   JVM is running with Unscaled Compressed Oops mode in which the Java heap is
#     placed in the first 4GB address space. The Java Heap base address is the
#     maximum limit for the native heap growth. Please use -XX:HeapBaseMinAddress
#     to set the Java Heap base and to place the Java Heap above 4GB virtual address.
# This output file may be truncated or incomplete.
#
#  Out of Memory Error (allocation.cpp:389), pid=34144, tid=0x0000000000007348
#
# JRE version: Java(TM) SE Runtime Environment (8.0_261-b12) (build 1.8.0_261-b12)
# Java VM: Java HotSpot(TM) 64-Bit Server VM (25.261-b12 mixed mode windows-amd64 compressed oops)
# Failed to write core dump. Minidumps are not enabled by default on client versions of Windows
#

---------------  T H R E A D  ---------------

Current thread (0x000001da509bd000):  JavaThread "C2 CompilerThread0" daemon [_thread_in_native, id=29512, stack(0x0000001602300000,0x0000001602400000)]

Stack: [0x0000001602300000,0x0000001602400000]
Native frames: (J=compiled Java code, j=interpreted, Vv=VM code, C=native code)
V  [jvm.dll+0x33e5f9]


Current CompileTask:
C2:   8225 8236       4       org.gradle.internal.execution.history.impl.FingerprintMapSerializer::readFingerprint (91 bytes)


---------------  P R O C E S S  ---------------

Java Threads: ( => current thread )
  0x000001da54ffb000 JavaThread "stdout" [_thread_in_native, id=33432, stack(0x000000160b800000,0x000000160b900000)]
  0x000001da54ffb800 JavaThread "stderr" [_thread_in_native, id=31952, stack(0x000000160b700000,0x000000160b800000)]
  0x000001da54ff8000 JavaThread "stdout" [_thread_in_native, id=25376, stack(0x000000160b600000,0x000000160b700000)]
  0x000001da54ff0800 JavaThread "stderr" [_thread_in_native, id=10628, stack(0x000000160b500000,0x000000160b600000)]
  0x000001da54ff5800 JavaThread "stdout" [_thread_in_native, id=29056, stack(0x000000160b400000,0x000000160b500000)]
  0x000001da54ff5000 JavaThread "stderr" [_thread_in_native, id=21956, stack(0x000000160b300000,0x000000160b400000)]
  0x000001da54ff2000 JavaThread "stdout" [_thread_in_native, id=25372, stack(0x000000160b200000,0x000000160b300000)]
  0x000001da54ff4000 JavaThread "stderr" [_thread_in_native, id=24304, stack(0x000000160b100000,0x000000160b200000)]
  0x000001da54ff3800 JavaThread "stdout" [_thread_in_native, id=30608, stack(0x000000160b000000,0x000000160b100000)]
  0x000001da54ff2800 JavaThread "stderr" [_thread_in_native, id=30472, stack(0x000000160af00000,0x000000160b000000)]
  0x000001da54ff1000 JavaThread "pool-2-thread-1" [_thread_blocked, id=33612, stack(0x000000160ae00000,0x000000160af00000)]
  0x000001da54ff7000 JavaThread "WorkerExecutor Queue Thread 6" [_thread_blocked, id=32952, stack(0x000000160ad00000,0x000000160ae00000)]
  0x000001da580cf000 JavaThread "WorkerExecutor Queue Thread 5" [_thread_blocked, id=32128, stack(0x000000160ac00000,0x000000160ad00000)]
  0x000001da580d4000 JavaThread "WorkerExecutor Queue Thread 4" [_thread_in_native, id=14216, stack(0x000000160ab00000,0x000000160ac00000)]
  0x000001da580cc800 JavaThread "WorkerExecutor Queue Thread 3" [_thread_blocked, id=28664, stack(0x000000160aa00000,0x000000160ab00000)]
  0x000001da580cf800 JavaThread "WorkerExecutor Queue Thread 2" [_thread_blocked, id=23980, stack(0x000000160a900000,0x000000160aa00000)]
  0x000001da580d3800 JavaThread "WorkerExecutor Queue" [_thread_blocked, id=34236, stack(0x000000160a800000,0x000000160a900000)]
  0x000001da580d1000 JavaThread "Cache worker for execution history cache (E:\Android\NavInfo\Client\Demo\Client_AnimationTest\.gradle\6.5\executionHistory)" [_thread_blocked, id=32236, stack(0x000000160a700000,0x000000160a800000)]
  0x000001da580cb000 JavaThread "Execution worker for ':' Thread 5" [_thread_blocked, id=13996, stack(0x000000160a600000,0x000000160a700000)]
  0x000001da580d2000 JavaThread "Execution worker for ':' Thread 4" [_thread_blocked, id=32076, stack(0x000000160a500000,0x000000160a600000)]
  0x000001da580c9800 JavaThread "Execution worker for ':' Thread 3" [_thread_blocked, id=32500, stack(0x000000160a400000,0x000000160a500000)]
  0x000001da580ca800 JavaThread "Execution worker for ':' Thread 2" [_thread_in_native, id=33068, stack(0x000000160a300000,0x000000160a400000)]
  0x000001da580ce000 JavaThread "Execution worker for ':'" [_thread_blocked, id=19720, stack(0x000000160a200000,0x000000160a300000)]
  0x000001da580d0800 JavaThread "Cache worker for file content cache (E:\Android\NavInfo\Client\Demo\Client_AnimationTest\.gradle\6.5\fileContent)" [_thread_blocked, id=21184, stack(0x000000160a100000,0x000000160a200000)]
  0x000001da580cd800 JavaThread "Memory manager" [_thread_blocked, id=6244, stack(0x000000160a000000,0x000000160a100000)]
  0x000001da580c9000 JavaThread "Cache worker for Build Output Cleanup Cache (E:\Android\NavInfo\Client\Demo\Client_AnimationTest\.gradle\buildOutputCleanup)" [_thread_blocked, id=34464, stack(0x0000001609f00000,0x000000160a000000)]
  0x000001da580c5000 JavaThread "jar transforms Thread 92" [_thread_blocked, id=31180, stack(0x0000001609e00000,0x0000001609f00000)]
  0x000001da580cc000 JavaThread "jar transforms Thread 91" [_thread_blocked, id=15348, stack(0x0000001609d00000,0x0000001609e00000)]
  0x000001da580c7800 JavaThread "jar transforms Thread 90" [_thread_blocked, id=27696, stack(0x0000001609c00000,0x0000001609d00000)]
  0x000001da580c8000 JavaThread "jar transforms Thread 89" [_thread_blocked, id=26424, stack(0x0000001609b00000,0x0000001609c00000)]
  0x000001da580c6000 JavaThread "jar transforms Thread 88" [_thread_blocked, id=32876, stack(0x0000001609a00000,0x0000001609b00000)]
  0x000001da580c6800 JavaThread "jar transforms Thread 87" [_thread_blocked, id=30700, stack(0x0000001609900000,0x0000001609a00000)]
  0x000001da53fe2800 JavaThread "jar transforms Thread 86" [_thread_blocked, id=28636, stack(0x0000001609800000,0x0000001609900000)]
  0x000001da53fe3800 JavaThread "jar transforms Thread 85" [_thread_blocked, id=1572, stack(0x0000001609700000,0x0000001609800000)]
  0x000001da53fe0800 JavaThread "jar transforms Thread 84" [_thread_blocked, id=27760, stack(0x0000001609600000,0x0000001609700000)]
  0x000001da53fdf800 JavaThread "jar transforms Thread 83" [_thread_blocked, id=32276, stack(0x0000001609500000,0x0000001609600000)]
  0x000001da53fdf000 JavaThread "jar transforms Thread 82" [_thread_blocked, id=31404, stack(0x0000001609400000,0x0000001609500000)]
  0x000001da53fe1000 JavaThread "jar transforms Thread 81" [_thread_blocked, id=19660, stack(0x0000001609300000,0x0000001609400000)]
  0x000001da53fe2000 JavaThread "jar transforms Thread 80" [_thread_blocked, id=10436, stack(0x0000001609200000,0x0000001609300000)]
  0x000001da53fd7800 JavaThread "jar transforms Thread 79" [_thread_blocked, id=20964, stack(0x0000001609100000,0x0000001609200000)]
  0x000001da53fde000 JavaThread "jar transforms Thread 78" [_thread_blocked, id=12256, stack(0x0000001609000000,0x0000001609100000)]
  0x000001da53fdd800 JavaThread "jar transforms Thread 77" [_thread_blocked, id=30692, stack(0x0000001608f00000,0x0000001609000000)]
  0x000001da53fdc800 JavaThread "jar transforms Thread 76" [_thread_blocked, id=23448, stack(0x0000001608e00000,0x0000001608f00000)]
  0x000001da53fdc000 JavaThread "jar transforms Thread 75" [_thread_blocked, id=13628, stack(0x0000001608d00000,0x0000001608e00000)]
  0x000001da53fd4800 JavaThread "jar transforms Thread 74" [_thread_blocked, id=21664, stack(0x0000001608c00000,0x0000001608d00000)]
  0x000001da53fd6800 JavaThread "jar transforms Thread 73" [_thread_blocked, id=34092, stack(0x0000001608b00000,0x0000001608c00000)]
  0x000001da53fd5000 JavaThread "jar transforms Thread 72" [_thread_blocked, id=32368, stack(0x0000001608a00000,0x0000001608b00000)]
  0x000001da53fda800 JavaThread "jar transforms Thread 71" [_thread_blocked, id=33196, stack(0x0000001608900000,0x0000001608a00000)]
  0x000001da53fd6000 JavaThread "jar transforms Thread 70" [_thread_blocked, id=31228, stack(0x0000001608800000,0x0000001608900000)]
  0x000001da53fd9800 JavaThread "jar transforms Thread 69" [_thread_blocked, id=15384, stack(0x0000001608700000,0x0000001608800000)]
  0x000001da53fdb000 JavaThread "jar transforms Thread 68" [_thread_blocked, id=15684, stack(0x0000001608600000,0x0000001608700000)]
  0x000001da53fd9000 JavaThread "jar transforms Thread 67" [_thread_blocked, id=34176, stack(0x0000001608500000,0x0000001608600000)]
  0x000001da53fd8000 JavaThread "jar transforms Thread 66" [_thread_blocked, id=26248, stack(0x0000001608400000,0x0000001608500000)]
  0x000001da57e2c800 JavaThread "jar transforms Thread 65" [_thread_blocked, id=23468, stack(0x0000001608300000,0x0000001608400000)]
  0x000001da57e2b800 JavaThread "jar transforms Thread 64" [_thread_blocked, id=14424, stack(0x0000001608200000,0x0000001608300000)]
  0x000001da57e2f800 JavaThread "jar transforms Thread 63" [_thread_blocked, id=34772, stack(0x0000001608100000,0x0000001608200000)]
  0x000001da57e31000 JavaThread "jar transforms Thread 62" [_thread_blocked, id=14284, stack(0x0000001608000000,0x0000001608100000)]
  0x000001da57e2e800 JavaThread "jar transforms Thread 61" [_thread_blocked, id=26092, stack(0x0000001607f00000,0x0000001608000000)]
  0x000001da57e30000 JavaThread "jar transforms Thread 60" [_thread_blocked, id=27556, stack(0x0000001607e00000,0x0000001607f00000)]
  0x000001da57e2e000 JavaThread "jar transforms Thread 59" [_thread_blocked, id=25384, stack(0x0000001607d00000,0x0000001607e00000)]
  0x000001da57e31800 JavaThread "jar transforms Thread 58" [_thread_blocked, id=8528, stack(0x0000001607c00000,0x0000001607d00000)]
  0x000001da57e2d000 JavaThread "jar transforms Thread 57" [_thread_blocked, id=31652, stack(0x0000001607b00000,0x0000001607c00000)]
  0x000001da57e32800 JavaThread "jar transforms Thread 56" [_thread_blocked, id=27512, stack(0x0000001607a00000,0x0000001607b00000)]
  0x000001da57e24000 JavaThread "jar transforms Thread 55" [_thread_blocked, id=28888, stack(0x0000001607900000,0x0000001607a00000)]
  0x000001da57e2b000 JavaThread "jar transforms Thread 54" [_thread_blocked, id=28592, stack(0x0000001607800000,0x0000001607900000)]
  0x000001da57e24800 JavaThread "jar transforms Thread 53" [_thread_blocked, id=30056, stack(0x0000001607700000,0x0000001607800000)]
  0x000001da57e23000 JavaThread "jar transforms Thread 52" [_thread_blocked, id=30536, stack(0x0000001607600000,0x0000001607700000)]
  0x000001da57e27000 JavaThread "jar transforms Thread 51" [_thread_blocked, id=31352, stack(0x0000001607500000,0x0000001607600000)]
  0x000001da57e25800 JavaThread "jar transforms Thread 50" [_thread_blocked, id=24552, stack(0x0000001607400000,0x0000001607500000)]
  0x000001da57e29000 JavaThread "jar transforms Thread 49" [_thread_blocked, id=31076, stack(0x0000001607300000,0x0000001607400000)]
  0x000001da57e26000 JavaThread "jar transforms Thread 48" [_thread_blocked, id=31880, stack(0x0000001607200000,0x0000001607300000)]
  0x000001da57e2a000 JavaThread "jar transforms Thread 47" [_thread_blocked, id=32960, stack(0x0000001607100000,0x0000001607200000)]
  0x000001da57e28800 JavaThread "jar transforms Thread 46" [_thread_blocked, id=20284, stack(0x0000001607000000,0x0000001607100000)]
  0x000001da57e27800 JavaThread "jar transforms Thread 45" [_thread_blocked, id=32228, stack(0x0000001606f00000,0x0000001607000000)]
  0x000001da5638f800 JavaThread "jar transforms Thread 44" [_thread_blocked, id=4852, stack(0x0000001606e00000,0x0000001606f00000)]
  0x000001da5638f000 JavaThread "jar transforms Thread 43" [_thread_blocked, id=30020, stack(0x0000001606d00000,0x0000001606e00000)]
  0x000001da56389800 JavaThread "jar transforms Thread 42" [_thread_blocked, id=20676, stack(0x0000001606c00000,0x0000001606d00000)]
  0x000001da5638e000 JavaThread "jar transforms Thread 41" [_thread_blocked, id=28104, stack(0x0000001606b00000,0x0000001606c00000)]
  0x000001da5638b000 JavaThread "jar transforms Thread 40" [_thread_blocked, id=1180, stack(0x0000001606a00000,0x0000001606b00000)]
  0x000001da5638d800 JavaThread "jar transforms Thread 39" [_thread_blocked, id=33472, stack(0x0000001606900000,0x0000001606a00000)]
  0x000001da5638c000 JavaThread "jar transforms Thread 38" [_thread_blocked, id=12944, stack(0x0000001606800000,0x0000001606900000)]
  0x000001da5638a800 JavaThread "jar transforms Thread 37" [_thread_blocked, id=4824, stack(0x0000001606700000,0x0000001606800000)]
  0x000001da5638c800 JavaThread "jar transforms Thread 36" [_thread_blocked, id=9952, stack(0x0000001606600000,0x0000001606700000)]
  0x000001da56382000 JavaThread "jar transforms Thread 35" [_thread_blocked, id=14460, stack(0x0000001606500000,0x0000001606600000)]
  0x000001da56389000 JavaThread "jar transforms Thread 34" [_thread_blocked, id=34016, stack(0x0000001606400000,0x0000001606500000)]
  0x000001da56388000 JavaThread "jar transforms Thread 33" [_thread_blocked, id=21860, stack(0x0000001606300000,0x0000001606400000)]
  0x000001da56380800 JavaThread "jar transforms Thread 32" [_thread_blocked, id=19524, stack(0x0000001606200000,0x0000001606300000)]
  0x000001da56383000 JavaThread "jar transforms Thread 31" [_thread_blocked, id=16648, stack(0x0000001606100000,0x0000001606200000)]
  0x000001da56386800 JavaThread "jar transforms Thread 30" [_thread_blocked, id=30040, stack(0x0000001606000000,0x0000001606100000)]
  0x000001da56384800 JavaThread "jar transforms Thread 29" [_thread_blocked, id=18860, stack(0x0000001605f00000,0x0000001606000000)]
  0x000001da56381800 JavaThread "jar transforms Thread 28" [_thread_blocked, id=1324, stack(0x0000001605e00000,0x0000001605f00000)]
  0x000001da56385000 JavaThread "jar transforms Thread 27" [_thread_blocked, id=24332, stack(0x0000001605d00000,0x0000001605e00000)]
  0x000001da56383800 JavaThread "jar transforms Thread 26" [_thread_blocked, id=26124, stack(0x0000001605c00000,0x0000001605d00000)]
  0x000001da56386000 JavaThread "jar transforms Thread 25" [_thread_blocked, id=34332, stack(0x0000001605b00000,0x0000001605c00000)]
  0x000001da56387800 JavaThread "jar transforms Thread 24" [_thread_blocked, id=13924, stack(0x0000001605a00000,0x0000001605b00000)]
  0x000001da57e5b800 JavaThread "jar transforms Thread 23" [_thread_blocked, id=15304, stack(0x0000001605900000,0x0000001605a00000)]
  0x000001da57e62800 JavaThread "jar transforms Thread 22" [_thread_blocked, id=34156, stack(0x0000001605800000,0x0000001605900000)]
  0x000001da57e61000 JavaThread "jar transforms Thread 21" [_thread_blocked, id=26292, stack(0x0000001605700000,0x0000001605800000)]
  0x000001da57e60000 JavaThread "jar transforms Thread 20" [_thread_blocked, id=2432, stack(0x0000001605600000,0x0000001605700000)]
  0x000001da57e5b000 JavaThread "jar transforms Thread 19" [_thread_blocked, id=33148, stack(0x0000001605500000,0x0000001605600000)]
  0x000001da57e5f800 JavaThread "jar transforms Thread 18" [_thread_blocked, id=15312, stack(0x0000001605400000,0x0000001605500000)]
  0x000001da57e5e800 JavaThread "jar transforms Thread 17" [_thread_blocked, id=20692, stack(0x0000001605300000,0x0000001605400000)]
  0x000001da57e5e000 JavaThread "jar transforms Thread 16" [_thread_blocked, id=16076, stack(0x0000001605200000,0x0000001605300000)]
  0x000001da57e61800 JavaThread "jar transforms Thread 15" [_thread_blocked, id=30128, stack(0x0000001605100000,0x0000001605200000)]
  0x000001da57e5d000 JavaThread "jar transforms Thread 14" [_thread_blocked, id=14452, stack(0x0000001605000000,0x0000001605100000)]
  0x000001da57e5c800 JavaThread "jar transforms Thread 13" [_thread_blocked, id=21720, stack(0x0000001604f00000,0x0000001605000000)]
  0x000001da57e53000 JavaThread "jar transforms Thread 12" [_thread_blocked, id=34512, stack(0x0000001604e00000,0x0000001604f00000)]
  0x000001da57e59800 JavaThread "jar transforms Thread 11" [_thread_blocked, id=34252, stack(0x0000001604d00000,0x0000001604e00000)]
  0x000001da57e58800 JavaThread "jar transforms Thread 10" [_thread_blocked, id=14272, stack(0x0000001604c00000,0x0000001604d00000)]
  0x000001da57e58000 JavaThread "jar transforms Thread 9" [_thread_blocked, id=15936, stack(0x0000001604b00000,0x0000001604c00000)]
  0x000001da57e57000 JavaThread "jar transforms Thread 8" [_thread_blocked, id=16052, stack(0x0000001604a00000,0x0000001604b00000)]
  0x000001da57e56000 JavaThread "jar transforms Thread 7" [_thread_blocked, id=30884, stack(0x0000001604900000,0x0000001604a00000)]
  0x000001da57e55800 JavaThread "jar transforms Thread 6" [_thread_blocked, id=34408, stack(0x0000001604800000,0x0000001604900000)]
  0x000001da57e54800 JavaThread "jar transforms Thread 5" [_thread_blocked, id=13780, stack(0x0000001604700000,0x0000001604800000)]
  0x000001da57e54000 JavaThread "jar transforms Thread 4" [_thread_blocked, id=13756, stack(0x0000001604600000,0x0000001604700000)]
  0x000001da57e5a000 JavaThread "jar transforms Thread 3" [_thread_blocked, id=33112, stack(0x0000001604500000,0x0000001604600000)]
  0x000001da53173800 JavaThread "jar transforms Thread 2" [_thread_blocked, id=33352, stack(0x0000001604400000,0x0000001604500000)]
  0x000001da53172000 JavaThread "Build operations Thread 6" [_thread_blocked, id=12968, stack(0x0000001604300000,0x0000001604400000)]
  0x000001da53172800 JavaThread "Build operations Thread 5" [_thread_blocked, id=30352, stack(0x0000001604200000,0x0000001604300000)]
  0x000001da5316f800 JavaThread "Build operations Thread 4" [_thread_blocked, id=11844, stack(0x0000001604100000,0x0000001604200000)]
  0x000001da5316e800 JavaThread "Build operations Thread 3" [_thread_blocked, id=19280, stack(0x0000001604000000,0x0000001604100000)]
  0x000001da5316d000 JavaThread "Build operations Thread 2" [_thread_blocked, id=31436, stack(0x0000001603f00000,0x0000001604000000)]
  0x000001da53171000 JavaThread "Build operations" [_thread_blocked, id=12188, stack(0x0000001603e00000,0x0000001603f00000)]
  0x000001da53165800 JavaThread "Cache worker for file content cache (C:\Users\a\.gradle\wrapper\dists\gradle-6.1.1-all\cfmwm155h49vnt3hynmlrsdst\gradle-6.1.1\bin\caches\6.5\fileContent)" [_thread_blocked, id=15528, stack(0x0000001603d00000,0x0000001603e00000)]
  0x000001da5316c800 JavaThread "jar transforms" [_thread_blocked, id=34760, stack(0x0000001603c00000,0x0000001603d00000)]
  0x000001da5316b800 JavaThread "Cache worker for execution history cache (C:\Users\a\.gradle\wrapper\dists\gradle-6.1.1-all\cfmwm155h49vnt3hynmlrsdst\gradle-6.1.1\bin\caches\6.5\executionHistory)" [_thread_blocked, id=27792, stack(0x0000001603b00000,0x0000001603c00000)]
  0x000001da5316b000 JavaThread "Cache worker for cache directory md-rule (C:\Users\a\.gradle\wrapper\dists\gradle-6.1.1-all\cfmwm155h49vnt3hynmlrsdst\gradle-6.1.1\bin\caches\6.5\md-rule)" [_thread_blocked, id=31756, stack(0x0000001603a00000,0x0000001603b00000)]
  0x000001da53164000 JavaThread "Cache worker for cache directory md-supplier (C:\Users\a\.gradle\wrapper\dists\gradle-6.1.1-all\cfmwm155h49vnt3hynmlrsdst\gradle-6.1.1\bin\caches\6.5\md-supplier)" [_thread_blocked, id=27828, stack(0x0000001603900000,0x0000001603a00000)]
  0x000001da5316a000 JavaThread "Cache worker for checksums cache (E:\Android\NavInfo\Client\Demo\Client_AnimationTest\.gradle\checksums)" [_thread_blocked, id=18844, stack(0x0000001603800000,0x0000001603900000)]
  0x000001da53169800 JavaThread "Cache worker for file hash cache (E:\Android\NavInfo\Client\Demo\Client_AnimationTest\.gradle\6.5\fileHashes)" [_thread_blocked, id=30192, stack(0x0000001603700000,0x0000001603800000)]
  0x000001da53168800 JavaThread "Cache worker for file hash cache (C:\Users\a\.gradle\wrapper\dists\gradle-6.1.1-all\cfmwm155h49vnt3hynmlrsdst\gradle-6.1.1\bin\caches\6.5\fileHashes)" [_thread_blocked, id=3460, stack(0x0000001603600000,0x0000001603700000)]
  0x000001da53166800 JavaThread "File lock request listener" [_thread_in_native, id=32160, stack(0x0000001603500000,0x0000001603600000)]
  0x000001da53168000 JavaThread "Cache worker for journal cache (C:\Users\a\.gradle\wrapper\dists\gradle-6.1.1-all\cfmwm155h49vnt3hynmlrsdst\gradle-6.1.1\bin\caches\journal-1)" [_thread_blocked, id=33444, stack(0x0000001603400000,0x0000001603500000)]
  0x000001da53167000 JavaThread "Thread-9" [_thread_blocked, id=34656, stack(0x0000001603300000,0x0000001603400000)]
  0x000001da53165000 JavaThread "Stdin handler" [_thread_blocked, id=11516, stack(0x0000001603200000,0x0000001603300000)]
  0x000001da5304b000 JavaThread "Asynchronous log dispatcher for DefaultDaemonConnection: socket connection from /127.0.0.1:59645 to /127.0.0.1:59646" [_thread_blocked, id=3428, stack(0x0000001603100000,0x0000001603200000)]
  0x000001da5304a800 JavaThread "Daemon worker" [_thread_blocked, id=23888, stack(0x0000001603000000,0x0000001603100000)]
  0x000001da5304c000 JavaThread "Cancel handler" [_thread_blocked, id=25740, stack(0x0000001602f00000,0x0000001603000000)]
  0x000001da53049800 JavaThread "Handler for socket connection from /127.0.0.1:59645 to /127.0.0.1:59646" [_thread_in_native, id=17308, stack(0x0000001602e00000,0x0000001602f00000)]
  0x000001da5304c800 JavaThread "Daemon" [_thread_blocked, id=13908, stack(0x0000001602d00000,0x0000001602e00000)]
  0x000001da5310f000 JavaThread "Daemon periodic checks" [_thread_blocked, id=33828, stack(0x0000001602c00000,0x0000001602d00000)]
  0x000001da53115000 JavaThread "Incoming local TCP Connector on port 59645" [_thread_in_native, id=33272, stack(0x0000001602b00000,0x0000001602c00000)]
  0x000001da530d3800 JavaThread "Daemon health stats" [_thread_blocked, id=33436, stack(0x0000001602800000,0x0000001602900000)]
  0x000001da51840800 JavaThread "Service Thread" daemon [_thread_blocked, id=25100, stack(0x0000001602600000,0x0000001602700000)]
  0x000001da509c9000 JavaThread "C1 CompilerThread2" daemon [_thread_blocked, id=28784, stack(0x0000001602500000,0x0000001602600000)]
  0x000001da509c7000 JavaThread "C2 CompilerThread1" daemon [_thread_blocked, id=13400, stack(0x0000001602400000,0x0000001602500000)]
=>0x000001da509bd000 JavaThread "C2 CompilerThread0" daemon [_thread_in_native, id=29512, stack(0x0000001602300000,0x0000001602400000)]
  0x000001da509ba000 JavaThread "Attach Listener" daemon [_thread_blocked, id=33080, stack(0x0000001602200000,0x0000001602300000)]
  0x000001da509b9800 JavaThread "Signal Dispatcher" daemon [_thread_blocked, id=32156, stack(0x0000001602100000,0x0000001602200000)]
  0x000001da4ff99800 JavaThread "Finalizer" daemon [_thread_blocked, id=28544, stack(0x0000001602000000,0x0000001602100000)]
  0x000001da4ff93000 JavaThread "Reference Handler" daemon [_thread_blocked, id=9808, stack(0x0000001601f00000,0x0000001602000000)]
  0x000001da39e65800 JavaThread "main" [_thread_blocked, id=7320, stack(0x0000001601700000,0x0000001601800000)]

Other Threads:
  0x000001da50911800 VMThread [stack: 0x0000001601e00000,0x0000001601f00000] [id=2144]
  0x000001da50a2d000 WatcherThread [stack: 0x0000001602700000,0x0000001602800000] [id=8988]

VM state:at safepoint (normal execution)

VM Mutex/Monitor currently owned by a thread:  ([mutex/lock_event])
[0x000001da39e63300] Threads_lock - owner thread: 0x000001da50911800
[0x000001da39e64410] Heap_lock - owner thread: 0x000001da580ca800

heap address: 0x0000000080000000, size: 2048 MB, Compressed Oops mode: 32-bit
Narrow klass base: 0x0000000000000000, Narrow klass shift: 3
Compressed class space size: 1073741824 Address: 0x0000000100000000

Heap:
 PSYoungGen      total 224256K, used 78219K [0x00000000d5580000, 0x00000000e4500000, 0x0000000100000000)
  eden space 209408K, 30% used [0x00000000d5580000,0x00000000d9363af0,0x00000000e2200000)
  from space 14848K, 99% used [0x00000000e2200000,0x00000000e307f4c8,0x00000000e3080000)
  to   space 15360K, 33% used [0x00000000e3080000,0x00000000e3584510,0x00000000e3f80000)
 ParOldGen       total 151040K, used 49908K [0x0000000080000000, 0x0000000089380000, 0x00000000d5580000)
  object space 151040K, 33% used [0x0000000080000000,0x00000000830bd090,0x0000000089380000)
 Metaspace       used 66186K, capacity 69480K, committed 69632K, reserved 1114112K
  class space    used 9289K, capacity 9893K, committed 9984K, reserved 1048576K

Card table byte_map: [0x000001da4abe0000,0x000001da4aff0000] byte_map_base: 0x000001da4a7e0000

Marking Bits: (ParMarkBitMap*) 0x0000000077f84fb0
 Begin Bits: [0x000001da4b2a0000, 0x000001da4d2a0000)
 End Bits:   [0x000001da4d2a0000, 0x000001da4f2a0000)

Polling page: 0x000001da39f50000

CodeCache: size=245760Kb used=23965Kb max_used=24045Kb free=221794Kb
 bounds [0x000001da3b820000, 0x000001da3cfc0000, 0x000001da4a820000]
 total_blobs=8176 nmethods=7381 adapters=707
 compilation: enabled

Compilation events (10 events):
Event: 8.220 Thread 0x000001da509c7000 nmethod 8269 0x000001da3bd1f810 code [0x000001da3bd1f960, 0x000001da3bd1fab8]
Event: 8.220 Thread 0x000001da509c9000 nmethod 8272 0x000001da3baeefd0 code [0x000001da3baef180, 0x000001da3baef9e0]
Event: 8.220 Thread 0x000001da509c9000 8263       3       org.gradle.api.internal.artifacts.transform.TransformationStep$$Lambda$568/720721816::apply (12 bytes)
Event: 8.220 Thread 0x000001da509c9000 nmethod 8263 0x000001da3bef1b10 code [0x000001da3bef1ca0, 0x000001da3bef2178]
Event: 8.221 Thread 0x000001da509c9000 8264       3       org.gradle.api.internal.artifacts.transform.TransformationSubject::createSubjectFromResult (10 bytes)
Event: 8.221 Thread 0x000001da509c9000 nmethod 8264 0x000001da3c2f6ed0 code [0x000001da3c2f7040, 0x000001da3c2f7338]
Event: 8.221 Thread 0x000001da509c9000 8265       3       org.gradle.api.internal.artifacts.transform.TransformationSubject$SubsequentTransformationSubject::<init> (15 bytes)
Event: 8.221 Thread 0x000001da509c9000 nmethod 8265 0x000001da3c2701d0 code [0x000001da3c270340, 0x000001da3c270578]
Event: 8.222 Thread 0x000001da509c9000 8266       3       org.gradle.api.internal.artifacts.transform.TransformationStep::createInvocation (102 bytes)
Event: 8.223 Thread 0x000001da509c9000 nmethod 8266 0x000001da3cfb1c90 code [0x000001da3cfb1fa0, 0x000001da3cfb3960]

GC Heap History (10 events):
Event: 2.902 GC heap before
{Heap before GC invocations=8 (full 2):
 PSYoungGen      total 224768K, used 8230K [0x00000000d5580000, 0x00000000e4500000, 0x0000000100000000)
  eden space 209408K, 0% used [0x00000000d5580000,0x00000000d5580000,0x00000000e2200000)
  from space 15360K, 53% used [0x00000000e3080000,0x00000000e3889b38,0x00000000e3f80000)
  to   space 14848K, 0% used [0x00000000e2200000,0x00000000e2200000,0x00000000e3080000)
 ParOldGen       total 98816K, used 11769K [0x0000000080000000, 0x0000000086080000, 0x00000000d5580000)
  object space 98816K, 11% used [0x0000000080000000,0x0000000080b7e760,0x0000000086080000)
 Metaspace       used 34321K, capacity 35454K, committed 35496K, reserved 1079296K
  class space    used 4833K, capacity 5100K, committed 5120K, reserved 1048576K
Event: 2.932 GC heap after
Heap after GC invocations=8 (full 2):
 PSYoungGen      total 224768K, used 0K [0x00000000d5580000, 0x00000000e4500000, 0x0000000100000000)
  eden space 209408K, 0% used [0x00000000d5580000,0x00000000d5580000,0x00000000e2200000)
  from space 15360K, 0% used [0x00000000e3080000,0x00000000e3080000,0x00000000e3f80000)
  to   space 14848K, 0% used [0x00000000e2200000,0x00000000e2200000,0x00000000e3080000)
 ParOldGen       total 151040K, used 15160K [0x0000000080000000, 0x0000000089380000, 0x00000000d5580000)
  object space 151040K, 10% used [0x0000000080000000,0x0000000080ece2c0,0x0000000089380000)
 Metaspace       used 34321K, capacity 35454K, committed 35496K, reserved 1079296K
  class space    used 4833K, capacity 5100K, committed 5120K, reserved 1048576K
}
Event: 3.979 GC heap before
{Heap before GC invocations=9 (full 2):
 PSYoungGen      total 224768K, used 209122K [0x00000000d5580000, 0x00000000e4500000, 0x0000000100000000)
  eden space 209408K, 99% used [0x00000000d5580000,0x00000000e21b8bc0,0x00000000e2200000)
  from space 15360K, 0% used [0x00000000e3080000,0x00000000e3080000,0x00000000e3f80000)
  to   space 14848K, 0% used [0x00000000e2200000,0x00000000e2200000,0x00000000e3080000)
 ParOldGen       total 151040K, used 15160K [0x0000000080000000, 0x0000000089380000, 0x00000000d5580000)
  object space 151040K, 10% used [0x0000000080000000,0x0000000080ece2c0,0x0000000089380000)
 Metaspace       used 45639K, capacity 47504K, committed 47744K, reserved 1089536K
  class space    used 6317K, capacity 6680K, committed 6784K, reserved 1048576K
Event: 3.990 GC heap after
Heap after GC invocations=9 (full 2):
 PSYoungGen      total 224256K, used 14827K [0x00000000d5580000, 0x00000000e4500000, 0x0000000100000000)
  eden space 209408K, 0% used [0x00000000d5580000,0x00000000d5580000,0x00000000e2200000)
  from space 14848K, 99% used [0x00000000e2200000,0x00000000e307adf0,0x00000000e3080000)
  to   space 15360K, 0% used [0x00000000e3080000,0x00000000e3080000,0x00000000e3f80000)
 ParOldGen       total 151040K, used 18615K [0x0000000080000000, 0x0000000089380000, 0x00000000d5580000)
  object space 151040K, 12% used [0x0000000080000000,0x000000008122df80,0x0000000089380000)
 Metaspace       used 45639K, capacity 47504K, committed 47744K, reserved 1089536K
  class space    used 6317K, capacity 6680K, committed 6784K, reserved 1048576K
}
Event: 5.009 GC heap before
{Heap before GC invocations=10 (full 2):
 PSYoungGen      total 224256K, used 154472K [0x00000000d5580000, 0x00000000e4500000, 0x0000000100000000)
  eden space 209408K, 66% used [0x00000000d5580000,0x00000000ddddf5b8,0x00000000e2200000)
  from space 14848K, 99% used [0x00000000e2200000,0x00000000e307adf0,0x00000000e3080000)
  to   space 15360K, 0% used [0x00000000e3080000,0x00000000e3080000,0x00000000e3f80000)
 ParOldGen       total 151040K, used 18615K [0x0000000080000000, 0x0000000089380000, 0x00000000d5580000)
  object space 151040K, 12% used [0x0000000080000000,0x000000008122df80,0x0000000089380000)
 Metaspace       used 56776K, capacity 59098K, committed 59136K, reserved 1099776K
  class space    used 7946K, capacity 8432K, committed 8448K, reserved 1048576K
Event: 5.024 GC heap after
Heap after GC invocations=10 (full 2):
 PSYoungGen      total 224768K, used 15348K [0x00000000d5580000, 0x00000000e4500000, 0x0000000100000000)
  eden space 209408K, 0% used [0x00000000d5580000,0x00000000d5580000,0x00000000e2200000)
  from space 15360K, 99% used [0x00000000e3080000,0x00000000e3f7d320,0x00000000e3f80000)
  to   space 14848K, 0% used [0x00000000e2200000,0x00000000e2200000,0x00000000e3080000)
 ParOldGen       total 151040K, used 29102K [0x0000000080000000, 0x0000000089380000, 0x00000000d5580000)
  object space 151040K, 19% used [0x0000000080000000,0x0000000081c6bad8,0x0000000089380000)
 Metaspace       used 56776K, capacity 59098K, committed 59136K, reserved 1099776K
  class space    used 7946K, capacity 8432K, committed 8448K, reserved 1048576K
}
Event: 5.024 GC heap before
{Heap before GC invocations=11 (full 3):
 PSYoungGen      total 224768K, used 15348K [0x00000000d5580000, 0x00000000e4500000, 0x0000000100000000)
  eden space 209408K, 0% used [0x00000000d5580000,0x00000000d5580000,0x00000000e2200000)
  from space 15360K, 99% used [0x00000000e3080000,0x00000000e3f7d320,0x00000000e3f80000)
  to   space 14848K, 0% used [0x00000000e2200000,0x00000000e2200000,0x00000000e3080000)
 ParOldGen       total 151040K, used 29102K [0x0000000080000000, 0x0000000089380000, 0x00000000d5580000)
  object space 151040K, 19% used [0x0000000080000000,0x0000000081c6bad8,0x0000000089380000)
 Metaspace       used 56776K, capacity 59098K, committed 59136K, reserved 1099776K
  class space    used 7946K, capacity 8432K, committed 8448K, reserved 1048576K
Event: 5.155 GC heap after
Heap after GC invocations=11 (full 3):
 PSYoungGen      total 224768K, used 0K [0x00000000d5580000, 0x00000000e4500000, 0x0000000100000000)
  eden space 209408K, 0% used [0x00000000d5580000,0x00000000d5580000,0x00000000e2200000)
  from space 15360K, 0% used [0x00000000e3080000,0x00000000e3080000,0x00000000e3f80000)
  to   space 14848K, 0% used [0x00000000e2200000,0x00000000e2200000,0x00000000e3080000)
 ParOldGen       total 151040K, used 38290K [0x0000000080000000, 0x0000000089380000, 0x00000000d5580000)
  object space 151040K, 25% used [0x0000000080000000,0x0000000082564858,0x0000000089380000)
 Metaspace       used 56749K, capacity 59008K, committed 59136K, reserved 1099776K
  class space    used 7937K, capacity 8417K, committed 8448K, reserved 1048576K
}
Event: 6.994 GC heap before
{Heap before GC invocations=12 (full 3):
 PSYoungGen      total 224768K, used 209408K [0x00000000d5580000, 0x00000000e4500000, 0x0000000100000000)
  eden space 209408K, 100% used [0x00000000d5580000,0x00000000e2200000,0x00000000e2200000)
  from space 15360K, 0% used [0x00000000e3080000,0x00000000e3080000,0x00000000e3f80000)
  to   space 14848K, 0% used [0x00000000e2200000,0x00000000e2200000,0x00000000e3080000)
 ParOldGen       total 151040K, used 38290K [0x0000000080000000, 0x0000000089380000, 0x00000000d5580000)
  object space 151040K, 25% used [0x0000000080000000,0x0000000082564858,0x0000000089380000)
 Metaspace       used 65064K, capacity 68222K, committed 68480K, reserved 1107968K
  class space    used 9176K, capacity 9752K, committed 9856K, reserved 1048576K
Event: 7.010 GC heap after
Heap after GC invocations=12 (full 3):
 PSYoungGen      total 224256K, used 14845K [0x00000000d5580000, 0x00000000e4500000, 0x0000000100000000)
  eden space 209408K, 0% used [0x00000000d5580000,0x00000000d5580000,0x00000000e2200000)
  from space 14848K, 99% used [0x00000000e2200000,0x00000000e307f4c8,0x00000000e3080000)
  to   space 15360K, 0% used [0x00000000e3080000,0x00000000e3080000,0x00000000e3f80000)
 ParOldGen       total 151040K, used 49908K [0x0000000080000000, 0x0000000089380000, 0x00000000d5580000)
  object space 151040K, 33% used [0x0000000080000000,0x00000000830bd090,0x0000000089380000)
 Metaspace       used 65064K, capacity 68222K, committed 68480K, reserved 1107968K
  class space    used 9176K, capacity 9752K, committed 9856K, reserved 1048576K
}

Deoptimization events (10 events):
Event: 7.353 Thread 0x000001da5304a800 Uncommon trap: reason=class_check action=maybe_recompile pc=0x000001da3cde6abc method=com.sun.org.apache.xerces.internal.dom.ElementImpl.getAttributes()Lorg/w3c/dom/NamedNodeMap; @ 8
Event: 7.353 Thread 0x000001da5304a800 Uncommon trap: reason=class_check action=maybe_recompile pc=0x000001da3cde6abc method=com.sun.org.apache.xerces.internal.dom.ElementImpl.getAttributes()Lorg/w3c/dom/NamedNodeMap; @ 8
Event: 7.353 Thread 0x000001da5304a800 Uncommon trap: reason=class_check action=maybe_recompile pc=0x000001da3cde6abc method=com.sun.org.apache.xerces.internal.dom.ElementImpl.getAttributes()Lorg/w3c/dom/NamedNodeMap; @ 8
Event: 7.370 Thread 0x000001da5304a800 Uncommon trap: reason=unstable_if action=reinterpret pc=0x000001da3cdbf3a4 method=com.android.utils.XmlUtils.toXmlAttributeValue(Ljava/lang/String;)Ljava/lang/String; @ 33
Event: 7.370 Thread 0x000001da5304a800 Uncommon trap: reason=unstable_if action=reinterpret pc=0x000001da3ce5708c method=com.android.utils.XmlUtils.append(Lcom/android/utils/XmlUtils$PositionAwareStringBuilder;Lorg/w3c/dom/Node;Ljava/util/Map;Ljava/util/Set;)V @ 540
Event: 7.370 Thread 0x000001da5304a800 Uncommon trap: reason=unstable_if action=reinterpret pc=0x000001da3ce5708c method=com.android.utils.XmlUtils.append(Lcom/android/utils/XmlUtils$PositionAwareStringBuilder;Lorg/w3c/dom/Node;Ljava/util/Map;Ljava/util/Set;)V @ 540
Event: 7.380 Thread 0x000001da5304a800 Uncommon trap: reason=unstable_if action=reinterpret pc=0x000001da3ce5708c method=com.android.utils.XmlUtils.append(Lcom/android/utils/XmlUtils$PositionAwareStringBuilder;Lorg/w3c/dom/Node;Ljava/util/Map;Ljava/util/Set;)V @ 540
Event: 8.127 Thread 0x000001da580d1000 Uncommon trap: reason=unstable_if action=reinterpret pc=0x000001da3c5af18c method=com.google.common.collect.MapMakerInternalMap$Segment.drainKeyReferenceQueue(Ljava/lang/ref/ReferenceQueue;)V @ 8
Event: 8.133 Thread 0x000001da580d1000 Uncommon trap: reason=unstable_if action=reinterpret pc=0x000001da3badc6dc method=com.google.common.collect.MapMakerInternalMap$Segment.drainKeyReferenceQueue(Ljava/lang/ref/ReferenceQueue;)V @ 8
Event: 8.198 Thread 0x000001da53172000 Uncommon trap: reason=unstable_if action=reinterpret pc=0x000001da3c305c84 method=java.util.concurrent.locks.ReentrantLock$Sync.nonfairTryAcquire(I)Z @ 19

Classes redefined (0 events):
No events

Internal exceptions (10 events):
Event: 7.035 Thread 0x000001da5304a800 Exception <a 'java/lang/NoSuchMethodError': <clinit>> (0x00000000d58973f8) thrown at [C:\jenkins\workspace\8-2-build-windows-amd64-cygwin\jdk8u261\295\hotspot\src\share\vm\prims\jni.cpp, line 1615]
Event: 7.105 Thread 0x000001da5304a800 Implicit null exception at 0x000001da3cda1b17 to 0x000001da3cda1e75
Event: 7.147 Thread 0x000001da5304a800 Implicit null exception at 0x000001da3cdd4dd7 to 0x000001da3cdd7261
Event: 7.370 Thread 0x000001da5304a800 Implicit null exception at 0x000001da3ce59361 to 0x000001da3ce57069
Event: 7.370 Thread 0x000001da5304a800 Implicit null exception at 0x000001da3ce59361 to 0x000001da3ce57069
Event: 7.380 Thread 0x000001da5304a800 Implicit null exception at 0x000001da3ce59361 to 0x000001da3ce57069
Event: 7.444 Thread 0x000001da5304a800 Exception <a 'java/lang/NoSuchMethodError': <clinit>> (0x00000000d7b63648) thrown at [C:\jenkins\workspace\8-2-build-windows-amd64-cygwin\jdk8u261\295\hotspot\src\share\vm\prims\jni.cpp, line 1615]
Event: 7.444 Thread 0x000001da5304a800 Exception <a 'java/lang/NoSuchMethodError': <clinit>> (0x00000000d7b773b0) thrown at [C:\jenkins\workspace\8-2-build-windows-amd64-cygwin\jdk8u261\295\hotspot\src\share\vm\prims\jni.cpp, line 1615]
Event: 7.445 Thread 0x000001da5304a800 Exception <a 'java/lang/NoSuchMethodError': <clinit>> (0x00000000d7b8e550) thrown at [C:\jenkins\workspace\8-2-build-windows-amd64-cygwin\jdk8u261\295\hotspot\src\share\vm\prims\jni.cpp, line 1615]
Event: 8.129 Thread 0x000001da580ca800 Exception <a 'java/lang/NoSuchMethodError': <clinit>> (0x00000000d8a37b88) thrown at [C:\jenkins\workspace\8-2-build-windows-amd64-cygwin\jdk8u261\295\hotspot\src\share\vm\prims\jni.cpp, line 1615]

Events (10 events):
Event: 8.221 Thread 0x000001da509c9000 flushing nmethod 0x000001da3c3cecd0
Event: 8.221 Thread 0x000001da509c9000 flushing nmethod 0x000001da3c3e1690
Event: 8.221 Thread 0x000001da509c9000 flushing nmethod 0x000001da3c3e49d0
Event: 8.221 Thread 0x000001da509c9000 flushing nmethod 0x000001da3c4a3d50
Event: 8.221 Thread 0x000001da509c9000 flushing nmethod 0x000001da3c4af090
Event: 8.222 Thread 0x000001da509c9000 flushing nmethod 0x000001da3c58ca10
Event: 8.222 loading class com/android/manifmerger/ManifestMerger2$MergeFailureException
Event: 8.222 loading class com/android/manifmerger/ManifestMerger2$MergeFailureException done
Event: 8.222 loading class com/android/manifmerger/ManifestMerger2
Event: 8.222 loading class com/android/manifmerger/ManifestMerger2 done


Dynamic libraries:
0x00007ff62ad00000 - 0x00007ff62ad47000 	D:\Language\Java\dk1.8.0_261\bin\java.exe
0x00007ffe0a5c0000 - 0x00007ffe0a7b0000 	C:\WINDOWS\SYSTEM32\ntdll.dll
0x00007ffe08de0000 - 0x00007ffe08e92000 	C:\WINDOWS\System32\KERNEL32.DLL
0x00007ffe07610000 - 0x00007ffe078b5000 	C:\WINDOWS\System32\KERNELBASE.dll
0x00007ffe086a0000 - 0x00007ffe08743000 	C:\WINDOWS\System32\ADVAPI32.dll
0x00007ffe0a070000 - 0x00007ffe0a10e000 	C:\WINDOWS\System32\msvcrt.dll
0x00007ffe08bf0000 - 0x00007ffe08c87000 	C:\WINDOWS\System32\sechost.dll
0x00007ffe0a110000 - 0x00007ffe0a230000 	C:\WINDOWS\System32\RPCRT4.dll
0x00007ffe09580000 - 0x00007ffe09714000 	C:\WINDOWS\System32\USER32.dll
0x00007ffe07c00000 - 0x00007ffe07c21000 	C:\WINDOWS\System32\win32u.dll
0x00007ffe09480000 - 0x00007ffe094a6000 	C:\WINDOWS\System32\GDI32.dll
0x00007ffe078c0000 - 0x00007ffe07a56000 	C:\WINDOWS\System32\gdi32full.dll
0x00007ffe085d0000 - 0x00007ffe0866e000 	C:\WINDOWS\System32\msvcp_win.dll
0x00007ffe084d0000 - 0x00007ffe085ca000 	C:\WINDOWS\System32\ucrtbase.dll
0x00007ffde8ab0000 - 0x00007ffde8d34000 	C:\WINDOWS\WinSxS\amd64_microsoft.windows.common-controls_6595b64144ccf1df_6.0.18362.1256_none_9e7e379be45e40e2\COMCTL32.dll
0x00007ffe087d0000 - 0x00007ffe08b06000 	C:\WINDOWS\System32\combase.dll
0x00007ffe07580000 - 0x00007ffe07601000 	C:\WINDOWS\System32\bcryptPrimitives.dll
0x00007ffe08670000 - 0x00007ffe0869e000 	C:\WINDOWS\System32\IMM32.DLL
0x00007ffdfafc0000 - 0x00007ffdfafd5000 	D:\Language\Java\dk1.8.0_261\jre\bin\vcruntime140.dll
0x00007ffde3d10000 - 0x00007ffde3dab000 	D:\Language\Java\dk1.8.0_261\jre\bin\msvcp140.dll
0x0000000077790000 - 0x0000000077ffc000 	D:\Language\Java\dk1.8.0_261\jre\bin\server\jvm.dll
0x00007ffe09470000 - 0x00007ffe09478000 	C:\WINDOWS\System32\PSAPI.DLL
0x00007ffe06fe0000 - 0x00007ffe06fea000 	C:\WINDOWS\SYSTEM32\VERSION.dll
0x00007ffdfc700000 - 0x00007ffdfc709000 	C:\WINDOWS\SYSTEM32\WSOCK32.dll
0x00007ffe094b0000 - 0x00007ffe0951f000 	C:\WINDOWS\System32\WS2_32.dll
0x00007ffdf9ef0000 - 0x00007ffdf9f14000 	C:\WINDOWS\SYSTEM32\WINMM.dll
0x00007ffdffba0000 - 0x00007ffdffbcd000 	C:\WINDOWS\SYSTEM32\winmmbase.dll
0x00007ffe07530000 - 0x00007ffe0757a000 	C:\WINDOWS\System32\cfgmgr32.dll
0x00007ffe074c0000 - 0x00007ffe074d1000 	C:\WINDOWS\System32\kernel.appcore.dll
0x00007ffdfafb0000 - 0x00007ffdfafc0000 	D:\Language\Java\dk1.8.0_261\jre\bin\verify.dll
0x00007ffdf0b30000 - 0x00007ffdf0b5b000 	D:\Language\Java\dk1.8.0_261\jre\bin\java.dll
0x00007ffdfa260000 - 0x00007ffdfa278000 	D:\Language\Java\dk1.8.0_261\jre\bin\zip.dll
0x00007ffe097c0000 - 0x00007ffe09ea7000 	C:\WINDOWS\System32\SHELL32.dll
0x00007ffe09eb0000 - 0x00007ffe09f59000 	C:\WINDOWS\System32\shcore.dll
0x00007ffe07c90000 - 0x00007ffe08411000 	C:\WINDOWS\System32\windows.storage.dll
0x00007ffe074e0000 - 0x00007ffe07503000 	C:\WINDOWS\System32\profapi.dll
0x00007ffe07470000 - 0x00007ffe074ba000 	C:\WINDOWS\System32\powrprof.dll
0x00007ffe07460000 - 0x00007ffe07470000 	C:\WINDOWS\System32\UMPDC.dll
0x00007ffe09520000 - 0x00007ffe09572000 	C:\WINDOWS\System32\shlwapi.dll
0x00007ffe07bb0000 - 0x00007ffe07bc7000 	C:\WINDOWS\System32\cryptsp.dll
0x00007ffdf5900000 - 0x00007ffdf591c000 	D:\Language\Java\dk1.8.0_261\jre\bin\net.dll
0x00007ffe06be0000 - 0x00007ffe06c47000 	C:\WINDOWS\system32\mswsock.dll
0x00007ffdf5870000 - 0x00007ffdf5883000 	D:\Language\Java\dk1.8.0_261\jre\bin\nio.dll
0x00007ffdee480000 - 0x00007ffdee4a7000 	C:\Users\a\.gradle\wrapper\dists\gradle-6.1.1-all\cfmwm155h49vnt3hynmlrsdst\gradle-6.1.1\bin\native\f6784746aeab05261644944871eae4fe03e0ef1612fff0a4a95f87b438bc6780\windows-amd64\native-platform.dll
0x00007ffdfafa0000 - 0x00007ffdfafad000 	D:\Language\Java\dk1.8.0_261\jre\bin\management.dll
0x00007ffe06750000 - 0x00007ffe06783000 	C:\WINDOWS\system32\rsaenh.dll
0x00007ffe07bd0000 - 0x00007ffe07bf6000 	C:\WINDOWS\System32\bcrypt.dll
0x00007ffe07340000 - 0x00007ffe07365000 	C:\WINDOWS\SYSTEM32\USERENV.dll
0x00007ffe06db0000 - 0x00007ffe06dbc000 	C:\WINDOWS\SYSTEM32\CRYPTBASE.dll
0x00007ffe068f0000 - 0x00007ffe0692a000 	C:\WINDOWS\SYSTEM32\IPHLPAPI.DLL
0x00007ffe09720000 - 0x00007ffe09728000 	C:\WINDOWS\System32\NSI.dll
0x00007ffe02940000 - 0x00007ffe02956000 	C:\WINDOWS\SYSTEM32\dhcpcsvc6.DLL
0x00007ffe028b0000 - 0x00007ffe028cc000 	C:\WINDOWS\SYSTEM32\dhcpcsvc.DLL
0x00007ffe06930000 - 0x00007ffe069fb000 	C:\WINDOWS\SYSTEM32\DNSAPI.dll
0x00007ffe02a00000 - 0x00007ffe02a0b000 	C:\WINDOWS\SYSTEM32\WINNSI.DLL

VM Arguments:
jvm_args: -Xmx2048m -Dfile.encoding=UTF-8 -Duser.country=CN -Duser.language=zh -Duser.variant 
java_command: org.gradle.launcher.daemon.bootstrap.GradleDaemon 6.5
java_class_path (initial): C:\Users\a\.gradle\wrapper\dists\gradle-6.1.1-all\cfmwm155h49vnt3hynmlrsdst\gradle-6.1.1\bin\wrapper\dists\gradle-6.5-bin\6nifqtx7604sqp1q6g8wikw7p\gradle-6.5\lib\gradle-launcher-6.5.jar
Launcher Type: SUN_STANDARD

Environment Variables:
JAVA_HOME=D:\Language\Java\dk1.8.0_261
PATH=C:\Program Files (x86)\Common Files\Oracle\Java\javapath;C:\ProgramData\Oracle\Java\javapath;C:\WINDOWS\system32;C:\WINDOWS;C:\WINDOWS\System32\Wbem;C:\WINDOWS\System32\WindowsPowerShell\v1.0\;C:\WINDOWS\System32\OpenSSH\;D:\Language\Java\dk1.8.0_261\bin;D:\Language\Java\dk1.8.0_261\jre\bin;D:\SoftWare\WorkSoftware\Git\Git\Git\bin;D:\SoftWare\WorkSoftware\Git\TortoiseGit\bin;D:\Language\Python\python-3.8.5-embed-amd64;D:\SoftWare\WorkSoftware\Svn\bin;C:\Users\a\.gradle\wrapper\dists\gradle-6.5-all\2oz4ud9k3tuxjg84bbf55q0tn\gradle-6.5\bin;E:\Jenkins;D:\SoftWare\WorkSoftware\MySql\mysql-5.6\bin;D:\SoftWare\WorkSoftware\Sonar\sonar-scanner-4.1\bin;D:\Language\Android\Sdk\platform-tools;C:\Users\a\AppData\Local\Microsoft\WindowsApps;
USERNAME=a
OS=Windows_NT
PROCESSOR_IDENTIFIER=Intel64 Family 6 Model 158 Stepping 10, GenuineIntel



---------------  S Y S T E M  ---------------

OS: Windows 10.0 , 64 bit Build 18362 (10.0.18362.1110)

CPU:total 6 (initial active 6) (6 cores per cpu, 1 threads per core) family 6 model 158 stepping 10, cmov, cx8, fxsr, mmx, sse, sse2, sse3, ssse3, sse4.1, sse4.2, popcnt, avx, avx2, aes, clmul, erms, rtm, 3dnowpref, lzcnt, tsc, tscinvbit, bmi1, bmi2, adx

Memory: 4k page, physical 16635276k(1258472k free), swap 31143048k(2104k free)

vm_info: Java HotSpot(TM) 64-Bit Server VM (25.261-b12) for windows-amd64 JRE (1.8.0_261-b12), built on Jun 18 2020 06:56:32 by "" with unknown MS VC++:1916

time: Mon Dec 21 16:13:04 2020
timezone: ?D1¨²¡À¨º¡Á?¨º¡À??
elapsed time: 8 seconds (0d 0h 0m 8s)

